<?xml version="1.0" encoding="UTF-8"?>
<!-- Generated by org.testng.reporters.JUnitXMLReporter -->
<testsuite ignored="0" hostname="WJLP-3098" failures="0" tests="4" name="Test Consignment ExternalUser assigned SingleBilledTos" time="247.342" errors="0" timestamp="2023-05-17T18:32:55 IST">
  <testcase classname="pages.TestAutoGenConsignmentIDExtUser" name="clickOnConsignment" time="30.227"/>
  <testcase classname="pages.TestAutoGenConsignmentIDExtUser" name="clickOnAccordianAndSelectExternalUserCompany" time="26.866"/>
  <testcase classname="pages.TestAutoGenConsignmentIDExtUser" name="externalUserAutoGenConsignmentIDOutbound" time="113.943"/>
  <testcase classname="pages.TestAutoGenConsignmentIDExtUser" name="externalUserAutoGenConsignmentInbound" time="75.395"/>
</testsuite> <!-- Test Consignment ExternalUser assigned SingleBilledTos -->
