<?xml version="1.0" encoding="UTF-8"?>
<testng-results ignored="0" total="1" passed="1" failed="0" skipped="0">
  <reporter-output>
  </reporter-output>
  <suite started-at="2020-08-31T12:57:48 IST" name="Functional and Regression Testing" finished-at="2020-08-31T12:57:48 IST" duration-ms="0">
    <groups>
    </groups>
  </suite> <!-- Functional and Regression Testing -->
  <suite started-at="2020-08-31T12:57:25 IST" name="Valid Login Scenario" finished-at="2020-08-31T12:57:35 IST" duration-ms="10330">
    <groups>
    </groups>
    <test started-at="2020-08-31T12:57:25 IST" name="Check login and logout successfully" finished-at="2020-08-31T12:57:35 IST" duration-ms="10330">
      <class name="pages.LoginPageTest">
        <test-method is-config="true" signature="setUp()[pri:0, instance:pages.LoginPageTest@4d27d9d]" started-at="2020-08-31T12:56:50 IST" name="setUp" finished-at="2020-08-31T12:57:25 IST" duration-ms="35544" status="PASS">
          <reporter-output>
          </reporter-output>
        </test-method> <!-- setUp -->
        <test-method is-config="true" signature="waitForLoad()[pri:0, instance:pages.LoginPageTest@4d27d9d]" started-at="2020-08-31T12:57:25 IST" name="waitForLoad" finished-at="2020-08-31T12:57:25 IST" duration-ms="8" status="PASS">
          <reporter-output>
          </reporter-output>
        </test-method> <!-- waitForLoad -->
        <test-method signature="signIn(java.util.Map)[pri:0, instance:pages.LoginPageTest@4d27d9d]" started-at="2020-08-31T12:57:31 IST" name="signIn" data-provider="ValidLogin" finished-at="2020-08-31T12:57:34 IST" duration-ms="2746" status="PASS">
          <params>
            <param index="0">
              <value>
                <![CDATA[{Status=, Message=, Password=Surekha@123, UserName=surekha.jadhav@ram.co.za}]]>
              </value>
            </param>
          </params>
          <reporter-output>
          </reporter-output>
        </test-method> <!-- signIn -->
        <test-method is-config="true" signature="tearBrowser()[pri:0, instance:pages.LoginPageTest@4d27d9d]" started-at="2020-08-31T12:57:36 IST" name="tearBrowser" finished-at="2020-08-31T12:57:43 IST" duration-ms="6781" status="PASS">
          <reporter-output>
          </reporter-output>
        </test-method> <!-- tearBrowser -->
      </class> <!-- pages.LoginPageTest -->
    </test> <!-- Check login and logout successfully -->
  </suite> <!-- Valid Login Scenario -->
</testng-results>
