<?xml version="1.0" encoding="UTF-8"?>
<testng-results ignored="0" total="5" passed="5" failed="0" skipped="0">
  <reporter-output>
  </reporter-output>
  <suite started-at="2021-03-19T18:11:33 IST" name="Valid Login Scenario" finished-at="2021-03-19T18:20:15 IST" duration-ms="521688">
    <groups>
    </groups>
    <test started-at="2021-03-19T18:11:33 IST" name="Check login and logout successfully" finished-at="2021-03-19T18:12:13 IST" duration-ms="39226">
      <class name="pages.LoginPageTest">
        <test-method is-config="true" signature="waitForLoad()[pri:0, instance:pages.LoginPageTest@b0e5507]" started-at="2021-03-19T18:11:33 IST" name="waitForLoad" finished-at="2021-03-19T18:11:33 IST" duration-ms="2" status="PASS">
          <reporter-output>
          </reporter-output>
        </test-method> <!-- waitForLoad -->
        <test-method signature="signIn(java.util.Map)[pri:0, instance:pages.LoginPageTest@b0e5507]" started-at="2021-03-19T18:11:38 IST" name="signIn" data-provider="ValidLogin" finished-at="2021-03-19T18:12:10 IST" duration-ms="31948" status="PASS">
          <params>
            <param index="0">
              <value>
                <![CDATA[{Status=, Message=, Password=Nasreen@123, UserName=Nasreen.khan@ram.co.za}]]>
              </value>
            </param>
          </params>
          <reporter-output>
          </reporter-output>
        </test-method> <!-- signIn -->
      </class> <!-- pages.LoginPageTest -->
    </test> <!-- Check login and logout successfully -->
    <test started-at="2021-03-19T18:12:13 IST" name="Test Consignment Inbound" finished-at="2021-03-19T18:20:15 IST" duration-ms="482337">
      <class name="pages.TestPageConsignmentInbound">
        <test-method is-config="true" signature="setUp()[pri:0, instance:pages.TestPageConsignmentInbound@1dc76fa1]" started-at="2021-03-19T18:11:05 IST" name="setUp" finished-at="2021-03-19T18:11:33 IST" duration-ms="28856" status="PASS">
          <reporter-output>
          </reporter-output>
        </test-method> <!-- setUp -->
        <test-method is-config="true" signature="waitForLoad()[pri:0, instance:pages.TestPageConsignmentInbound@1dc76fa1]" started-at="2021-03-19T18:12:13 IST" name="waitForLoad" finished-at="2021-03-19T18:12:13 IST" duration-ms="2" status="PASS">
          <reporter-output>
          </reporter-output>
        </test-method> <!-- waitForLoad -->
        <test-method signature="clickOnConsignment()[pri:0, instance:pages.TestPageConsignmentInbound@1dc76fa1]" started-at="2021-03-19T18:12:13 IST" name="clickOnConsignment" finished-at="2021-03-19T18:12:44 IST" duration-ms="31016" status="PASS">
          <reporter-output>
          </reporter-output>
        </test-method> <!-- clickOnConsignment -->
        <test-method signature="clickOnAccordian()[pri:0, instance:pages.TestPageConsignmentInbound@1dc76fa1]" started-at="2021-03-19T18:12:45 IST" name="clickOnAccordian" finished-at="2021-03-19T18:13:07 IST" duration-ms="22119" status="PASS">
          <reporter-output>
          </reporter-output>
        </test-method> <!-- clickOnAccordian -->
        <test-method signature="consignmentInboundEmailAndSave(java.util.Map)[pri:0, instance:pages.TestPageConsignmentInbound@1dc76fa1]" started-at="2021-03-19T18:13:09 IST" name="consignmentInboundEmailAndSave" data-provider="consignmentInbound" finished-at="2021-03-19T18:17:20 IST" duration-ms="251709" status="PASS">
          <params>
            <param index="0">
              <value>
                <![CDATA[{ConsignmentID=UAT08000107, InvalidShipperReference=bnmgfdfg, ICCIDNumber=1.11189E+18, BilledTo=GAMM02, ValidShipperReference=1Da5g, PrimaryNumber=9848655555, NewReceiverName=Automation, NewSenderName=Not exist, NumberOfParcel=1, SenderName=Sportmans , NewBusinessName=RAM Business Office, CreateNewSender=AutomationVida, NewBusinessGroupName=RAM Hand to Hand Couriers, ValueForCarrige=123, IMEINumber=9.87546E+14, NewEmailAddress=Nasreen.Khan@winjit.com, Individual Your Name=NTL100, DeliveryAddress=27 Wrench Road, Isando, Kempton Park, South Africa, Individual First Name=Nasreen13, InvalidSenderName=re, Individual Last Name=TestLast14, Description=Automation testing, UpdateEmailAddress=Nasreen.Khan@ram.co.za}]]>
              </value>
            </param>
          </params>
          <reporter-output>
          </reporter-output>
        </test-method> <!-- consignmentInboundEmailAndSave -->
        <test-method signature="consignmentInboundSave(java.util.Map)[pri:0, instance:pages.TestPageConsignmentInbound@1dc76fa1]" started-at="2021-03-19T18:17:21 IST" name="consignmentInboundSave" data-provider="ConsignmentInbound2" finished-at="2021-03-19T18:20:15 IST" duration-ms="173452" status="PASS">
          <params>
            <param index="0">
              <value>
                <![CDATA[{ConsignmentID=UAT07000106, InvalidShipperReference=Ddsd23, NewSenderContactFirstName=Nasreen, BilledTo=GAMM02, RcvNewContactFirstName=FNAutomation12, ValidShipperReference=1Da5g, PrimaryNumber=9848655555, NewSenderName=Not exist, NumberOfParcel=2, RcvNewContactEmailAddress=Nasreen.Khan@gmail.com, RetailChainName=Retail, RcvNewContactLastName=LNAutomation13, SpecialInstruction=Automation test, ValueForCarrige=107, NewEmailAddress=Nasreen.Khan@winjit.com, RcvNewContactPrimaryTelNumber=9876543210, RetailStoreName=RetailChainDest, NewSenderContactLastName=Khan}]]>
              </value>
            </param>
          </params>
          <reporter-output>
          </reporter-output>
        </test-method> <!-- consignmentInboundSave -->
        <test-method is-config="true" signature="tearBrowser()[pri:0, instance:pages.TestPageConsignmentInbound@1dc76fa1]" started-at="2021-03-19T18:20:15 IST" name="tearBrowser" finished-at="2021-03-19T18:20:20 IST" duration-ms="4752" status="PASS">
          <reporter-output>
          </reporter-output>
        </test-method> <!-- tearBrowser -->
      </class> <!-- pages.TestPageConsignmentInbound -->
    </test> <!-- Test Consignment Inbound -->
  </suite> <!-- Valid Login Scenario -->
  <suite started-at="2021-03-19T18:20:21 IST" name="CCS Functional and Regression Testing" finished-at="2021-03-19T18:20:21 IST" duration-ms="0">
    <groups>
    </groups>
  </suite> <!-- CCS Functional and Regression Testing -->
</testng-results>
