<?xml version="1.0" encoding="UTF-8"?>
<testsuite xmlns:xsi="http://www.w3.org/2001/XMLSchema-instance" xsi:noNamespaceSchemaLocation="https://maven.apache.org/surefire/maven-surefire-plugin/xsd/surefire-test-report-3.0.xsd" version="3.0" name="TestSuite" time="1,197.153" tests="14" errors="0" skipped="0" failures="4">
  <properties>
[...]
</properties>
  <testcase name="signIn" classname="pages.LoginPageTest" time="21.398"/>
  <testcase name="signIn" classname="pages.LoginPageTest" time="21.047"/>
  <testcase name="signIn" classname="pages.LoginPageTest" time="21.148"/>
  <testcase name="clickOnConsignment" classname="pages.TestPageConsignmentOutboundPROD" time="30.821"/>
  <testcase name="clickOnAccordian" classname="pages.TestPageConsignmentOutboundPROD" time="5.566"/>
  <testcase name="doStartWithPrinterSetup" classname="pages.TestPageConsignmentOutboundPROD" time="154.051"/>
  <testcase name="doStarted" classname="pages.TestPageConsignmentOutboundPROD" time="166.155"/>
  <testcase name="clickOnConsignment" classname="pages.TestPageRMSProd" time="30.565"/>
  <testcase name="clickOnRMSPortalAndVerifyConsignmentISCreated" classname="pages.TestPageRMSProd" time="65.161">
    <failure message="no such element: Unable to locate element: {&quot;method&quot;:&quot;css selector&quot;,&quot;selector&quot;:&quot;span#titleSearchReports&quot;}&#10;  (Session info: chrome=97.0.4692.99)&#10;For documentation on this error, please visit: https://www.seleniumhq.org/exceptions/no_such_element.html&#10;Build info: version: &apos;3.141.59&apos;, revision: &apos;e82be7d358&apos;, time: &apos;2018-11-14T08:17:03&apos;&#10;System info: host: &apos;WJLP-1270&apos;, ip: &apos;192.168.0.2&apos;, os.name: &apos;Windows 10&apos;, os.arch: &apos;amd64&apos;, os.version: &apos;10.0&apos;, java.version: &apos;11.0.10&apos;&#10;Driver info: org.openqa.selenium.chrome.ChromeDriver&#10;Capabilities {acceptInsecureCerts: false, browserName: chrome, browserVersion: 97.0.4692.99, chrome: {chromedriverVersion: 97.0.4692.71 (adefa7837d02a..., userDataDir: C:\Users\nasreenk\AppData\L...}, goog:chromeOptions: {debuggerAddress: localhost:50685}, javascriptEnabled: true, networkConnectionEnabled: false, pageLoadStrategy: none, platform: WINDOWS, platformName: WINDOWS, proxy: Proxy(), setWindowRect: true, strictFileInteractability: false, timeouts: {implicit: 0, pageLoad: 300000, script: 30000}, unhandledPromptBehavior: dismiss and notify, webauthn:extension:credBlob: true, webauthn:extension:largeBlob: true, webauthn:virtualAuthenticators: true}&#10;Session ID: 8cb4d8b0e71b06879a987572bd1bf931&#10;*** Element info: {Using=css selector, value=span#titleSearchReports}" type="org.openqa.selenium.NoSuchElementException"><![CDATA[org.openqa.selenium.NoSuchElementException: 
no such element: Unable to locate element: {"method":"css selector","selector":"span#titleSearchReports"}
  (Session info: chrome=97.0.4692.99)
For documentation on this error, please visit: https://www.seleniumhq.org/exceptions/no_such_element.html
Build info: version: '3.141.59', revision: 'e82be7d358', time: '2018-11-14T08:17:03'
System info: host: 'WJLP-1270', ip: '192.168.0.2', os.name: 'Windows 10', os.arch: 'amd64', os.version: '10.0', java.version: '11.0.10'
Driver info: org.openqa.selenium.chrome.ChromeDriver
Capabilities {acceptInsecureCerts: false, browserName: chrome, browserVersion: 97.0.4692.99, chrome: {chromedriverVersion: 97.0.4692.71 (adefa7837d02a..., userDataDir: C:\Users\nasreenk\AppData\L...}, goog:chromeOptions: {debuggerAddress: localhost:50685}, javascriptEnabled: true, networkConnectionEnabled: false, pageLoadStrategy: none, platform: WINDOWS, platformName: WINDOWS, proxy: Proxy(), setWindowRect: true, strictFileInteractability: false, timeouts: {implicit: 0, pageLoad: 300000, script: 30000}, unhandledPromptBehavior: dismiss and notify, webauthn:extension:credBlob: true, webauthn:extension:largeBlob: true, webauthn:virtualAuthenticators: true}
Session ID: 8cb4d8b0e71b06879a987572bd1bf931
*** Element info: {Using=css selector, value=span#titleSearchReports}
	at pages.TestPageRMSProd.clickOnRMSPortalAndVerifyConsignmentISCreated(TestPageRMSProd.java:53)
]]></failure>
    <system-out><![CDATA[2022-01-31/12:15:45.962 ERROR: allure.AllureLifecycle - Could not add attachment: no test is running
476992 [main] ERROR io.qameta.allure.AllureLifecycle  - Could not add attachment: no test is running
476992 [main] ERROR io.qameta.allure.AllureLifecycle  - Could not add attachment: no test is running
2022-01-31/12:15:46.461 ERROR: allure.AllureLifecycle - Could not add attachment: no test is running
477491 [main] ERROR io.qameta.allure.AllureLifecycle  - Could not add attachment: no test is running
477491 [main] ERROR io.qameta.allure.AllureLifecycle  - Could not add attachment: no test is running
I am in onTestStart method clickOnRMSPortalAndVerifyConsignmentISCreated start
2022-01-31/12:15:46.828  INFO: listener.WebEventListener - After Switch to Window
477858 [main] INFO utilities.listener.WebEventListener  - After Switch to Window
477858 [main] INFO utilities.listener.WebEventListener  - After Switch to Window
2022-01-31/12:15:55.844  INFO: listener.WebEventListener - Before Finding element: By.xpath: //ul[contains(@class,'v-expansion-panel')]/li[5]//u[contains(text(),'RMS Portal ')]
486874 [main] INFO utilities.listener.WebEventListener  - Before Finding element: By.xpath: //ul[contains(@class,'v-expansion-panel')]/li[5]//u[contains(text(),'RMS Portal ')]
486874 [main] INFO utilities.listener.WebEventListener  - Before Finding element: By.xpath: //ul[contains(@class,'v-expansion-panel')]/li[5]//u[contains(text(),'RMS Portal ')]
2022-01-31/12:15:55.889  INFO: listener.WebEventListener - Before Finding element: By.xpath: //ul[contains(@class,'v-expansion-panel')]/li[5]//u[contains(text(),'RMS Portal ')]
486919 [main] INFO utilities.listener.WebEventListener  - Before Finding element: By.xpath: //ul[contains(@class,'v-expansion-panel')]/li[5]//u[contains(text(),'RMS Portal ')]
486919 [main] INFO utilities.listener.WebEventListener  - Before Finding element: By.xpath: //ul[contains(@class,'v-expansion-panel')]/li[5]//u[contains(text(),'RMS Portal ')]
Page title is : App.RAM
2022-01-31/12:15:56.046  INFO: listener.WebEventListener - Before Finding element: By.xpath: //div[contains(text(),'Continue')]
487076 [main] INFO utilities.listener.WebEventListener  - Before Finding element: By.xpath: //div[contains(text(),'Continue')]
487076 [main] INFO utilities.listener.WebEventListener  - Before Finding element: By.xpath: //div[contains(text(),'Continue')]
2022-01-31/12:15:56.118  INFO: listener.WebEventListener - Before Finding element: By.xpath: //div[contains(text(),'Continue')]
487148 [main] INFO utilities.listener.WebEventListener  - Before Finding element: By.xpath: //div[contains(text(),'Continue')]
487148 [main] INFO utilities.listener.WebEventListener  - Before Finding element: By.xpath: //div[contains(text(),'Continue')]
2022-01-31/12:15:56.139  INFO: listener.WebEventListener - Before Finding element: By.xpath: //div[contains(text(),'Continue')]
487169 [main] INFO utilities.listener.WebEventListener  - Before Finding element: By.xpath: //div[contains(text(),'Continue')]
487169 [main] INFO utilities.listener.WebEventListener  - Before Finding element: By.xpath: //div[contains(text(),'Continue')]
2022-01-31/12:15:56.173  INFO: listener.WebEventListener - beforeClickOn xpath: //div[contains(text(),'Continue')]]
487203 [main] INFO utilities.listener.WebEventListener  - beforeClickOn xpath: //div[contains(text(),'Continue')]]
487203 [main] INFO utilities.listener.WebEventListener  - beforeClickOn xpath: //div[contains(text(),'Continue')]]
2022-01-31/12:15:56.846  INFO: listener.WebEventListener - after click on
487876 [main] INFO utilities.listener.WebEventListener  - after click on
487876 [main] INFO utilities.listener.WebEventListener  - after click on
2022-01-31/12:16:51.874  INFO: listener.WebEventListener - After Switch to Window
542904 [main] INFO utilities.listener.WebEventListener  - After Switch to Window
542904 [main] INFO utilities.listener.WebEventListener  - After Switch to Window
Frame2 <html><head><title>formIndex</title><meta content="Microsoft Visual Studio .NET 7.1" name="GENERATOR"><meta content="C#" name="CODE_LANGUAGE"><meta content="JavaScript" name="vs_defaultClientScript"><meta content="http://schemas.microsoft.com/intellisense/ie5" name="vs_targetSchema"><script src="../Scripts/shared.js" type="text/javascript"></script><link href="../RAMTnT.css" type="text/css" rel="stylesheet"><script type="text/javascript" language="javascript">
var _UpdateFieldsTimerID=null;function body_onload(){navEvent('click','Customers');navEvent('click','Consignments');navEvent('click','Attendance');navEvent('click','DocMovements');navEvent('click','SearchReports');navEvent('click','Admin');navEvent('click','Help');navEvent('click','SystemInfo');navEvent('click','Tracking');navEvent('mouseout','Customers');navEvent('mouseout','Consignments');navEvent('mouseout','Attendance');navEvent('mouseout','DocMovements');navEvent('mouseout','SearchReports');navEvent('mouseout','Admin');navEvent('mouseout','Help');navEvent('mouseout','SystemInfo');navEvent('mouseout','Tracking');_UpdateFieldsTimerID=setTimeout("UpdateFields()",224);}
function UpdateFields(){try{if(!window.top.document.ResponseCache){try{document.getElementById('lblResponseCacheStatus').innerHTML='No Cache Object'}catch(exception){}}else{try{document.getElementById('lblResponseCacheStatus').innerHTML='Cache Size:'+window.top.document.ResponseCache.Responses.length+' Hits:'+window.top.document.ResponseCache.CacheHits+' Misses:'+window.top.document.ResponseCache.CacheMisses;}
catch(exception){}}}
catch(exception){}
_UpdateFieldsTimerID=setTimeout("UpdateFields()",2524);}
function navEvent(nEvent,navID){try{if(nEvent=='click'){document.getElementById('table'+navID).style.display=(document.getElementById('table'+navID).style.display=='none')?'block':'none';nEvent='mouseover';}
if(nEvent=='mouseover'){document.getElementById('title'+navID).className='divTitleOver';(document.getElementById('table'+navID).style.display=='none')?(document.getElementById('control'+navID).className='divControlDownOver'):(document.getElementById('control'+navID).className='divControlUpOver');}else if(nEvent=='mouseout'){document.getElementById('title'+navID).className='divTitleOut';(document.getElementById('table'+navID).style.display=='none')?(document.getElementById('control'+navID).className='divControlDownOut'):(document.getElementById('control'+navID).className='divControlUpOut');}}catch(e){}}
function default_hint(){document.getElementById('hint').innerHTML='Welcome to the RAM Management System.';}
function show_hint(hintText){document.getElementById('hint').innerHTML=hintText;}</script></head><body onload="body_onload();"><form name="Form1" method="post" action="formIndex.aspx" id="Form1"><div><input type="hidden" name="__VIEWSTATE" id="__VIEWSTATE" value="/wEPDwULLTE2ODM0ODAyMDcPZBYCAgEPZBYCAgMPFgIeCWlubmVyaHRtbAWqAVNRTCBTZXJ2ZXIgUkFNU1FMQ09MMDc8YnIgLz5NUyBTUUwgMjAxMiAoU1AzLUdEUikgKEtCNDA1NzExNSkgLSAxMS4wLjYyNjAuMSAoWDY0KTxiciAvPlJBTVRuVFdlYiAtIDMuMjAxNS40LjE2PGJyIC8+UkFNVG5ULkJMTCAtIDMuMjAxNS40LjE2PGJyIC8+UkFNVG5ULkRBTCAtIDMuMjAxNS40LjE2ZGQj1pmCCEniiSSyf3/Y+8y26wXotQ=="></div><div><input type="hidden" name="__VIEWSTATEGENERATOR" id="__VIEWSTATEGENERATOR" value="B1315B73"></div><div id="menu-div-outer"><div id="menu-div-inner"><table><tbody><tr><td colspan="2" class="MenuHeader">
                        Please Specify Hub
                    </td></tr><script type="text/javascript"> ShowHubSelectWindow();</script></tbody></table><br><table width="186" border="0" cellspacing="0" cellpadding="0"><tbody><tr style="cursor: hand" onmouseover="navEvent('mouseover','SystemInfo');" onmouseout="navEvent('mouseout','SystemInfo');" onclick="navEvent('click','SystemInfo');"><td class="nav-title-left"></td><td class="nav-title-mid"><span id="titleSystemInfo" class="divTitleOut">SYSTEM INFO</span></td><td class="divControlDownOut" id="controlSystemInfo"></td><td class="nav-title-right"></td></tr></tbody></table><table id="tableSystemInfo" width="186" border="0" cellspacing="0" cellpadding="0" bgcolor="#ffffff" style="display: none;"><tbody><tr><td class="nav-container"><table width="100%" border="0" cellspacing="5"><tbody><tr><td style="font-size: 9px;  "><div id="divFooter">SQL Server RAMSQLCOL07<br>MS SQL 2012 (SP3-GDR) (KB4057115) - 11.0.6260.1 (X64)<br>RAMTnTWeb - 3.2015.4.16<br>RAMTnT.BLL - 3.2015.4.16<br>RAMTnT.DAL - 3.2015.4.16</div></td></tr><tr><td style="font-size: 9px;  "><span id="lblResponseCacheStatus">No Cache Object</span></td></tr></tbody></table></td></tr></tbody></table></div></div></form>
</body></html>
2022-01-31/12:16:51.919  INFO: listener.WebEventListener - Before Finding element: By.cssSelector: span#titleSearchReports
542949 [main] INFO utilities.listener.WebEventListener  - Before Finding element: By.cssSelector: span#titleSearchReports
542949 [main] INFO utilities.listener.WebEventListener  - Before Finding element: By.cssSelector: span#titleSearchReports
]]></system-out>
  </testcase>
  <testcase name="verifyDataOnRMSEditConsignment" classname="pages.TestPageRMSProd" time="120.52">
    <failure message="Expected condition failed: waiting for element to be clickable: Proxy element for: AjaxElementLocator &apos;By.cssSelector: input#txtBilledTo&apos; (tried for 60 second(s) with 500 milliseconds interval)" type="org.openqa.selenium.TimeoutException"><![CDATA[org.openqa.selenium.TimeoutException: Expected condition failed: waiting for element to be clickable: Proxy element for: AjaxElementLocator 'By.cssSelector: input#txtBilledTo' (tried for 60 second(s) with 500 milliseconds interval)
	at pages.TestPageRMSProd.verifyDataOnRMSEditConsignment(TestPageRMSProd.java:80)
Caused by: org.openqa.selenium.NoSuchElementException: Timed out after 60 seconds. Unable to locate the element
	at pages.TestPageRMSProd.verifyDataOnRMSEditConsignment(TestPageRMSProd.java:80)
Caused by: org.openqa.selenium.NoSuchElementException: 
no such element: Unable to locate element: {"method":"css selector","selector":"input#txtBilledTo"}
  (Session info: chrome=97.0.4692.99)
For documentation on this error, please visit: https://www.seleniumhq.org/exceptions/no_such_element.html
Build info: version: '3.141.59', revision: 'e82be7d358', time: '2018-11-14T08:17:03'
System info: host: 'WJLP-1270', ip: '192.168.0.2', os.name: 'Windows 10', os.arch: 'amd64', os.version: '10.0', java.version: '11.0.10'
Driver info: org.openqa.selenium.chrome.ChromeDriver
Capabilities {acceptInsecureCerts: false, browserName: chrome, browserVersion: 97.0.4692.99, chrome: {chromedriverVersion: 97.0.4692.71 (adefa7837d02a..., userDataDir: C:\Users\nasreenk\AppData\L...}, goog:chromeOptions: {debuggerAddress: localhost:50685}, javascriptEnabled: true, networkConnectionEnabled: false, pageLoadStrategy: none, platform: WINDOWS, platformName: WINDOWS, proxy: Proxy(), setWindowRect: true, strictFileInteractability: false, timeouts: {implicit: 0, pageLoad: 300000, script: 30000}, unhandledPromptBehavior: dismiss and notify, webauthn:extension:credBlob: true, webauthn:extension:largeBlob: true, webauthn:virtualAuthenticators: true}
Session ID: 8cb4d8b0e71b06879a987572bd1bf931
*** Element info: {Using=css selector, value=input#txtBilledTo}
	at pages.TestPageRMSProd.verifyDataOnRMSEditConsignment(TestPageRMSProd.java:80)
]]></failure>
    <system-out><![CDATA[I am in onTestFailure method clickOnRMSPortalAndVerifyConsignmentISCreated failed
2022-01-31/12:16:51.958 ERROR: allure.AllureLifecycle - Could not add attachment: no test is running
542988 [main] ERROR io.qameta.allure.AllureLifecycle  - Could not add attachment: no test is running
542988 [main] ERROR io.qameta.allure.AllureLifecycle  - Could not add attachment: no test is running
I am in onTestStart method verifyDataOnRMSEditConsignment start
2022-01-31/12:16:51.972  INFO: listener.WebEventListener - Before Finding element: By.cssSelector: input#txtBilledTo
543002 [main] INFO utilities.listener.WebEventListener  - Before Finding element: By.cssSelector: input#txtBilledTo
543002 [main] INFO utilities.listener.WebEventListener  - Before Finding element: By.cssSelector: input#txtBilledTo
2022-01-31/12:16:51.987  INFO: listener.WebEventListener - Before Finding element: By.cssSelector: input#txtBilledTo
543017 [main] INFO utilities.listener.WebEventListener  - Before Finding element: By.cssSelector: input#txtBilledTo
543017 [main] INFO utilities.listener.WebEventListener  - Before Finding element: By.cssSelector: input#txtBilledTo
2022-01-31/12:16:52.261  INFO: listener.WebEventListener - Before Finding element: By.cssSelector: input#txtBilledTo
543291 [main] INFO utilities.listener.WebEventListener  - Before Finding element: By.cssSelector: input#txtBilledTo
543291 [main] INFO utilities.listener.WebEventListener  - Before Finding element: By.cssSelector: input#txtBilledTo
2022-01-31/12:16:52.540  INFO: listener.WebEventListener - Before Finding element: By.cssSelector: input#txtBilledTo
543570 [main] INFO utilities.listener.WebEventListener  - Before Finding element: By.cssSelector: input#txtBilledTo
543570 [main] INFO utilities.listener.WebEventListener  - Before Finding element: By.cssSelector: input#txtBilledTo
2022-01-31/12:16:52.821  INFO: listener.WebEventListener - Before Finding element: By.cssSelector: input#txtBilledTo
543851 [main] INFO utilities.listener.WebEventListener  - Before Finding element: By.cssSelector: input#txtBilledTo
543851 [main] INFO utilities.listener.WebEventListener  - Before Finding element: By.cssSelector: input#txtBilledTo
2022-01-31/12:16:53.101  INFO: listener.WebEventListener - Before Finding element: By.cssSelector: input#txtBilledTo
544131 [main] INFO utilities.listener.WebEventListener  - Before Finding element: By.cssSelector: input#txtBilledTo
544131 [main] INFO utilities.listener.WebEventListener  - Before Finding element: By.cssSelector: input#txtBilledTo
2022-01-31/12:16:53.380  INFO: listener.WebEventListener - Before Finding element: By.cssSelector: input#txtBilledTo
544410 [main] INFO utilities.listener.WebEventListener  - Before Finding element: By.cssSelector: input#txtBilledTo
544410 [main] INFO utilities.listener.WebEventListener  - Before Finding element: By.cssSelector: input#txtBilledTo
2022-01-31/12:16:53.659  INFO: listener.WebEventListener - Before Finding element: By.cssSelector: input#txtBilledTo
544689 [main] INFO utilities.listener.WebEventListener  - Before Finding element: By.cssSelector: input#txtBilledTo
544689 [main] INFO utilities.listener.WebEventListener  - Before Finding element: By.cssSelector: input#txtBilledTo
2022-01-31/12:16:53.942  INFO: listener.WebEventListener - Before Finding element: By.cssSelector: input#txtBilledTo
544972 [main] INFO utilities.listener.WebEventListener  - Before Finding element: By.cssSelector: input#txtBilledTo
544972 [main] INFO utilities.listener.WebEventListener  - Before Finding element: By.cssSelector: input#txtBilledTo
2022-01-31/12:16:54.222  INFO: listener.WebEventListener - Before Finding element: By.cssSelector: input#txtBilledTo
545252 [main] INFO utilities.listener.WebEventListener  - Before Finding element: By.cssSelector: input#txtBilledTo
545252 [main] INFO utilities.listener.WebEventListener  - Before Finding element: By.cssSelector: input#txtBilledTo
2022-01-31/12:16:54.503  INFO: listener.WebEventListener - Before Finding element: By.cssSelector: input#txtBilledTo
545533 [main] INFO utilities.listener.WebEventListener  - Before Finding element: By.cssSelector: input#txtBilledTo
545533 [main] INFO utilities.listener.WebEventListener  - Before Finding element: By.cssSelector: input#txtBilledTo
2022-01-31/12:16:54.785  INFO: listener.WebEventListener - Before Finding element: By.cssSelector: input#txtBilledTo
545815 [main] INFO utilities.listener.WebEventListener  - Before Finding element: By.cssSelector: input#txtBilledTo
545815 [main] INFO utilities.listener.WebEventListener  - Before Finding element: By.cssSelector: input#txtBilledTo
2022-01-31/12:16:55.063  INFO: listener.WebEventListener - Before Finding element: By.cssSelector: input#txtBilledTo
546093 [main] INFO utilities.listener.WebEventListener  - Before Finding element: By.cssSelector: input#txtBilledTo
546093 [main] INFO utilities.listener.WebEventListener  - Before Finding element: By.cssSelector: input#txtBilledTo
2022-01-31/12:16:55.345  INFO: listener.WebEventListener - Before Finding element: By.cssSelector: input#txtBilledTo
546375 [main] INFO utilities.listener.WebEventListener  - Before Finding element: By.cssSelector: input#txtBilledTo
546375 [main] INFO utilities.listener.WebEventListener  - Before Finding element: By.cssSelector: input#txtBilledTo
2022-01-31/12:16:55.625  INFO: listener.WebEventListener - Before Finding element: By.cssSelector: input#txtBilledTo
546655 [main] INFO utilities.listener.WebEventListener  - Before Finding element: By.cssSelector: input#txtBilledTo
546655 [main] INFO utilities.listener.WebEventListener  - Before Finding element: By.cssSelector: input#txtBilledTo
2022-01-31/12:16:55.908  INFO: listener.WebEventListener - Before Finding element: By.cssSelector: input#txtBilledTo
546938 [main] INFO utilities.listener.WebEventListener  - Before Finding element: By.cssSelector: input#txtBilledTo
546938 [main] INFO utilities.listener.WebEventListener  - Before Finding element: By.cssSelector: input#txtBilledTo
2022-01-31/12:16:56.189  INFO: listener.WebEventListener - Before Finding element: By.cssSelector: input#txtBilledTo
547219 [main] INFO utilities.listener.WebEventListener  - Before Finding element: By.cssSelector: input#txtBilledTo
547219 [main] INFO utilities.listener.WebEventListener  - Before Finding element: By.cssSelector: input#txtBilledTo
2022-01-31/12:16:56.466  INFO: listener.WebEventListener - Before Finding element: By.cssSelector: input#txtBilledTo
547496 [main] INFO utilities.listener.WebEventListener  - Before Finding element: By.cssSelector: input#txtBilledTo
547496 [main] INFO utilities.listener.WebEventListener  - Before Finding element: By.cssSelector: input#txtBilledTo
2022-01-31/12:16:56.746  INFO: listener.WebEventListener - Before Finding element: By.cssSelector: input#txtBilledTo
547776 [main] INFO utilities.listener.WebEventListener  - Before Finding element: By.cssSelector: input#txtBilledTo
547776 [main] INFO utilities.listener.WebEventListener  - Before Finding element: By.cssSelector: input#txtBilledTo
2022-01-31/12:16:57.027  INFO: listener.WebEventListener - Before Finding element: By.cssSelector: input#txtBilledTo
548057 [main] INFO utilities.listener.WebEventListener  - Before Finding element: By.cssSelector: input#txtBilledTo
548057 [main] INFO utilities.listener.WebEventListener  - Before Finding element: By.cssSelector: input#txtBilledTo
2022-01-31/12:16:57.307  INFO: listener.WebEventListener - Before Finding element: By.cssSelector: input#txtBilledTo
548337 [main] INFO utilities.listener.WebEventListener  - Before Finding element: By.cssSelector: input#txtBilledTo
548337 [main] INFO utilities.listener.WebEventListener  - Before Finding element: By.cssSelector: input#txtBilledTo
2022-01-31/12:16:57.585  INFO: listener.WebEventListener - Before Finding element: By.cssSelector: input#txtBilledTo
548615 [main] INFO utilities.listener.WebEventListener  - Before Finding element: By.cssSelector: input#txtBilledTo
548615 [main] INFO utilities.listener.WebEventListener  - Before Finding element: By.cssSelector: input#txtBilledTo
2022-01-31/12:16:57.864  INFO: listener.WebEventListener - Before Finding element: By.cssSelector: input#txtBilledTo
548894 [main] INFO utilities.listener.WebEventListener  - Before Finding element: By.cssSelector: input#txtBilledTo
548894 [main] INFO utilities.listener.WebEventListener  - Before Finding element: By.cssSelector: input#txtBilledTo
2022-01-31/12:16:58.158  INFO: listener.WebEventListener - Before Finding element: By.cssSelector: input#txtBilledTo
549188 [main] INFO utilities.listener.WebEventListener  - Before Finding element: By.cssSelector: input#txtBilledTo
549188 [main] INFO utilities.listener.WebEventListener  - Before Finding element: By.cssSelector: input#txtBilledTo
2022-01-31/12:16:58.438  INFO: listener.WebEventListener - Before Finding element: By.cssSelector: input#txtBilledTo
549468 [main] INFO utilities.listener.WebEventListener  - Before Finding element: By.cssSelector: input#txtBilledTo
549468 [main] INFO utilities.listener.WebEventListener  - Before Finding element: By.cssSelector: input#txtBilledTo
2022-01-31/12:16:58.722  INFO: listener.WebEventListener - Before Finding element: By.cssSelector: input#txtBilledTo
549752 [main] INFO utilities.listener.WebEventListener  - Before Finding element: By.cssSelector: input#txtBilledTo
549752 [main] INFO utilities.listener.WebEventListener  - Before Finding element: By.cssSelector: input#txtBilledTo
2022-01-31/12:16:59.010  INFO: listener.WebEventListener - Before Finding element: By.cssSelector: input#txtBilledTo
550040 [main] INFO utilities.listener.WebEventListener  - Before Finding element: By.cssSelector: input#txtBilledTo
550040 [main] INFO utilities.listener.WebEventListener  - Before Finding element: By.cssSelector: input#txtBilledTo
2022-01-31/12:16:59.289  INFO: listener.WebEventListener - Before Finding element: By.cssSelector: input#txtBilledTo
550319 [main] INFO utilities.listener.WebEventListener  - Before Finding element: By.cssSelector: input#txtBilledTo
550319 [main] INFO utilities.listener.WebEventListener  - Before Finding element: By.cssSelector: input#txtBilledTo
2022-01-31/12:16:59.570  INFO: listener.WebEventListener - Before Finding element: By.cssSelector: input#txtBilledTo
550600 [main] INFO utilities.listener.WebEventListener  - Before Finding element: By.cssSelector: input#txtBilledTo
550600 [main] INFO utilities.listener.WebEventListener  - Before Finding element: By.cssSelector: input#txtBilledTo
2022-01-31/12:16:59.846  INFO: listener.WebEventListener - Before Finding element: By.cssSelector: input#txtBilledTo
550876 [main] INFO utilities.listener.WebEventListener  - Before Finding element: By.cssSelector: input#txtBilledTo
550876 [main] INFO utilities.listener.WebEventListener  - Before Finding element: By.cssSelector: input#txtBilledTo
2022-01-31/12:17:00.131  INFO: listener.WebEventListener - Before Finding element: By.cssSelector: input#txtBilledTo
551161 [main] INFO utilities.listener.WebEventListener  - Before Finding element: By.cssSelector: input#txtBilledTo
551161 [main] INFO utilities.listener.WebEventListener  - Before Finding element: By.cssSelector: input#txtBilledTo
2022-01-31/12:17:00.414  INFO: listener.WebEventListener - Before Finding element: By.cssSelector: input#txtBilledTo
551444 [main] INFO utilities.listener.WebEventListener  - Before Finding element: By.cssSelector: input#txtBilledTo
551444 [main] INFO utilities.listener.WebEventListener  - Before Finding element: By.cssSelector: input#txtBilledTo
2022-01-31/12:17:00.695  INFO: listener.WebEventListener - Before Finding element: By.cssSelector: input#txtBilledTo
551725 [main] INFO utilities.listener.WebEventListener  - Before Finding element: By.cssSelector: input#txtBilledTo
551725 [main] INFO utilities.listener.WebEventListener  - Before Finding element: By.cssSelector: input#txtBilledTo
2022-01-31/12:17:00.974  INFO: listener.WebEventListener - Before Finding element: By.cssSelector: input#txtBilledTo
552004 [main] INFO utilities.listener.WebEventListener  - Before Finding element: By.cssSelector: input#txtBilledTo
552004 [main] INFO utilities.listener.WebEventListener  - Before Finding element: By.cssSelector: input#txtBilledTo
2022-01-31/12:17:01.254  INFO: listener.WebEventListener - Before Finding element: By.cssSelector: input#txtBilledTo
552284 [main] INFO utilities.listener.WebEventListener  - Before Finding element: By.cssSelector: input#txtBilledTo
552284 [main] INFO utilities.listener.WebEventListener  - Before Finding element: By.cssSelector: input#txtBilledTo
2022-01-31/12:17:01.534  INFO: listener.WebEventListener - Before Finding element: By.cssSelector: input#txtBilledTo
552564 [main] INFO utilities.listener.WebEventListener  - Before Finding element: By.cssSelector: input#txtBilledTo
552564 [main] INFO utilities.listener.WebEventListener  - Before Finding element: By.cssSelector: input#txtBilledTo
2022-01-31/12:17:01.814  INFO: listener.WebEventListener - Before Finding element: By.cssSelector: input#txtBilledTo
552844 [main] INFO utilities.listener.WebEventListener  - Before Finding element: By.cssSelector: input#txtBilledTo
552844 [main] INFO utilities.listener.WebEventListener  - Before Finding element: By.cssSelector: input#txtBilledTo
2022-01-31/12:17:02.093  INFO: listener.WebEventListener - Before Finding element: By.cssSelector: input#txtBilledTo
553123 [main] INFO utilities.listener.WebEventListener  - Before Finding element: By.cssSelector: input#txtBilledTo
553123 [main] INFO utilities.listener.WebEventListener  - Before Finding element: By.cssSelector: input#txtBilledTo
2022-01-31/12:17:02.374  INFO: listener.WebEventListener - Before Finding element: By.cssSelector: input#txtBilledTo
553404 [main] INFO utilities.listener.WebEventListener  - Before Finding element: By.cssSelector: input#txtBilledTo
553404 [main] INFO utilities.listener.WebEventListener  - Before Finding element: By.cssSelector: input#txtBilledTo
2022-01-31/12:17:02.666  INFO: listener.WebEventListener - Before Finding element: By.cssSelector: input#txtBilledTo
553696 [main] INFO utilities.listener.WebEventListener  - Before Finding element: By.cssSelector: input#txtBilledTo
553696 [main] INFO utilities.listener.WebEventListener  - Before Finding element: By.cssSelector: input#txtBilledTo
2022-01-31/12:17:02.945  INFO: listener.WebEventListener - Before Finding element: By.cssSelector: input#txtBilledTo
553975 [main] INFO utilities.listener.WebEventListener  - Before Finding element: By.cssSelector: input#txtBilledTo
553975 [main] INFO utilities.listener.WebEventListener  - Before Finding element: By.cssSelector: input#txtBilledTo
2022-01-31/12:17:03.225  INFO: listener.WebEventListener - Before Finding element: By.cssSelector: input#txtBilledTo
554255 [main] INFO utilities.listener.WebEventListener  - Before Finding element: By.cssSelector: input#txtBilledTo
554255 [main] INFO utilities.listener.WebEventListener  - Before Finding element: By.cssSelector: input#txtBilledTo
2022-01-31/12:17:03.509  INFO: listener.WebEventListener - Before Finding element: By.cssSelector: input#txtBilledTo
554539 [main] INFO utilities.listener.WebEventListener  - Before Finding element: By.cssSelector: input#txtBilledTo
554539 [main] INFO utilities.listener.WebEventListener  - Before Finding element: By.cssSelector: input#txtBilledTo
2022-01-31/12:17:03.789  INFO: listener.WebEventListener - Before Finding element: By.cssSelector: input#txtBilledTo
554819 [main] INFO utilities.listener.WebEventListener  - Before Finding element: By.cssSelector: input#txtBilledTo
554819 [main] INFO utilities.listener.WebEventListener  - Before Finding element: By.cssSelector: input#txtBilledTo
2022-01-31/12:17:04.069  INFO: listener.WebEventListener - Before Finding element: By.cssSelector: input#txtBilledTo
555099 [main] INFO utilities.listener.WebEventListener  - Before Finding element: By.cssSelector: input#txtBilledTo
555099 [main] INFO utilities.listener.WebEventListener  - Before Finding element: By.cssSelector: input#txtBilledTo
2022-01-31/12:17:04.348  INFO: listener.WebEventListener - Before Finding element: By.cssSelector: input#txtBilledTo
555378 [main] INFO utilities.listener.WebEventListener  - Before Finding element: By.cssSelector: input#txtBilledTo
555378 [main] INFO utilities.listener.WebEventListener  - Before Finding element: By.cssSelector: input#txtBilledTo
2022-01-31/12:17:04.627  INFO: listener.WebEventListener - Before Finding element: By.cssSelector: input#txtBilledTo
555657 [main] INFO utilities.listener.WebEventListener  - Before Finding element: By.cssSelector: input#txtBilledTo
555657 [main] INFO utilities.listener.WebEventListener  - Before Finding element: By.cssSelector: input#txtBilledTo
2022-01-31/12:17:04.908  INFO: listener.WebEventListener - Before Finding element: By.cssSelector: input#txtBilledTo
555938 [main] INFO utilities.listener.WebEventListener  - Before Finding element: By.cssSelector: input#txtBilledTo
555938 [main] INFO utilities.listener.WebEventListener  - Before Finding element: By.cssSelector: input#txtBilledTo
2022-01-31/12:17:05.187  INFO: listener.WebEventListener - Before Finding element: By.cssSelector: input#txtBilledTo
556217 [main] INFO utilities.listener.WebEventListener  - Before Finding element: By.cssSelector: input#txtBilledTo
556217 [main] INFO utilities.listener.WebEventListener  - Before Finding element: By.cssSelector: input#txtBilledTo
2022-01-31/12:17:05.470  INFO: listener.WebEventListener - Before Finding element: By.cssSelector: input#txtBilledTo
556500 [main] INFO utilities.listener.WebEventListener  - Before Finding element: By.cssSelector: input#txtBilledTo
556500 [main] INFO utilities.listener.WebEventListener  - Before Finding element: By.cssSelector: input#txtBilledTo
2022-01-31/12:17:05.751  INFO: listener.WebEventListener - Before Finding element: By.cssSelector: input#txtBilledTo
556781 [main] INFO utilities.listener.WebEventListener  - Before Finding element: By.cssSelector: input#txtBilledTo
556781 [main] INFO utilities.listener.WebEventListener  - Before Finding element: By.cssSelector: input#txtBilledTo
2022-01-31/12:17:06.029  INFO: listener.WebEventListener - Before Finding element: By.cssSelector: input#txtBilledTo
557059 [main] INFO utilities.listener.WebEventListener  - Before Finding element: By.cssSelector: input#txtBilledTo
557059 [main] INFO utilities.listener.WebEventListener  - Before Finding element: By.cssSelector: input#txtBilledTo
2022-01-31/12:17:06.306  INFO: listener.WebEventListener - Before Finding element: By.cssSelector: input#txtBilledTo
557336 [main] INFO utilities.listener.WebEventListener  - Before Finding element: By.cssSelector: input#txtBilledTo
557336 [main] INFO utilities.listener.WebEventListener  - Before Finding element: By.cssSelector: input#txtBilledTo
2022-01-31/12:17:06.585  INFO: listener.WebEventListener - Before Finding element: By.cssSelector: input#txtBilledTo
557615 [main] INFO utilities.listener.WebEventListener  - Before Finding element: By.cssSelector: input#txtBilledTo
557615 [main] INFO utilities.listener.WebEventListener  - Before Finding element: By.cssSelector: input#txtBilledTo
2022-01-31/12:17:06.862  INFO: listener.WebEventListener - Before Finding element: By.cssSelector: input#txtBilledTo
557892 [main] INFO utilities.listener.WebEventListener  - Before Finding element: By.cssSelector: input#txtBilledTo
557892 [main] INFO utilities.listener.WebEventListener  - Before Finding element: By.cssSelector: input#txtBilledTo
2022-01-31/12:17:07.145  INFO: listener.WebEventListener - Before Finding element: By.cssSelector: input#txtBilledTo
558175 [main] INFO utilities.listener.WebEventListener  - Before Finding element: By.cssSelector: input#txtBilledTo
558175 [main] INFO utilities.listener.WebEventListener  - Before Finding element: By.cssSelector: input#txtBilledTo
2022-01-31/12:17:07.427  INFO: listener.WebEventListener - Before Finding element: By.cssSelector: input#txtBilledTo
558457 [main] INFO utilities.listener.WebEventListener  - Before Finding element: By.cssSelector: input#txtBilledTo
558457 [main] INFO utilities.listener.WebEventListener  - Before Finding element: By.cssSelector: input#txtBilledTo
2022-01-31/12:17:07.709  INFO: listener.WebEventListener - Before Finding element: By.cssSelector: input#txtBilledTo
558739 [main] INFO utilities.listener.WebEventListener  - Before Finding element: By.cssSelector: input#txtBilledTo
558739 [main] INFO utilities.listener.WebEventListener  - Before Finding element: By.cssSelector: input#txtBilledTo
2022-01-31/12:17:07.989  INFO: listener.WebEventListener - Before Finding element: By.cssSelector: input#txtBilledTo
559019 [main] INFO utilities.listener.WebEventListener  - Before Finding element: By.cssSelector: input#txtBilledTo
559019 [main] INFO utilities.listener.WebEventListener  - Before Finding element: By.cssSelector: input#txtBilledTo
2022-01-31/12:17:08.269  INFO: listener.WebEventListener - Before Finding element: By.cssSelector: input#txtBilledTo
559299 [main] INFO utilities.listener.WebEventListener  - Before Finding element: By.cssSelector: input#txtBilledTo
559299 [main] INFO utilities.listener.WebEventListener  - Before Finding element: By.cssSelector: input#txtBilledTo
2022-01-31/12:17:08.549  INFO: listener.WebEventListener - Before Finding element: By.cssSelector: input#txtBilledTo
559579 [main] INFO utilities.listener.WebEventListener  - Before Finding element: By.cssSelector: input#txtBilledTo
559579 [main] INFO utilities.listener.WebEventListener  - Before Finding element: By.cssSelector: input#txtBilledTo
2022-01-31/12:17:08.831  INFO: listener.WebEventListener - Before Finding element: By.cssSelector: input#txtBilledTo
559861 [main] INFO utilities.listener.WebEventListener  - Before Finding element: By.cssSelector: input#txtBilledTo
559861 [main] INFO utilities.listener.WebEventListener  - Before Finding element: By.cssSelector: input#txtBilledTo
2022-01-31/12:17:09.112  INFO: listener.WebEventListener - Before Finding element: By.cssSelector: input#txtBilledTo
560142 [main] INFO utilities.listener.WebEventListener  - Before Finding element: By.cssSelector: input#txtBilledTo
560142 [main] INFO utilities.listener.WebEventListener  - Before Finding element: By.cssSelector: input#txtBilledTo
2022-01-31/12:17:09.392  INFO: listener.WebEventListener - Before Finding element: By.cssSelector: input#txtBilledTo
560422 [main] INFO utilities.listener.WebEventListener  - Before Finding element: By.cssSelector: input#txtBilledTo
560422 [main] INFO utilities.listener.WebEventListener  - Before Finding element: By.cssSelector: input#txtBilledTo
2022-01-31/12:17:09.674  INFO: listener.WebEventListener - Before Finding element: By.cssSelector: input#txtBilledTo
560704 [main] INFO utilities.listener.WebEventListener  - Before Finding element: By.cssSelector: input#txtBilledTo
560704 [main] INFO utilities.listener.WebEventListener  - Before Finding element: By.cssSelector: input#txtBilledTo
2022-01-31/12:17:09.953  INFO: listener.WebEventListener - Before Finding element: By.cssSelector: input#txtBilledTo
560983 [main] INFO utilities.listener.WebEventListener  - Before Finding element: By.cssSelector: input#txtBilledTo
560983 [main] INFO utilities.listener.WebEventListener  - Before Finding element: By.cssSelector: input#txtBilledTo
2022-01-31/12:17:10.235  INFO: listener.WebEventListener - Before Finding element: By.cssSelector: input#txtBilledTo
561265 [main] INFO utilities.listener.WebEventListener  - Before Finding element: By.cssSelector: input#txtBilledTo
561265 [main] INFO utilities.listener.WebEventListener  - Before Finding element: By.cssSelector: input#txtBilledTo
2022-01-31/12:17:10.517  INFO: listener.WebEventListener - Before Finding element: By.cssSelector: input#txtBilledTo
561547 [main] INFO utilities.listener.WebEventListener  - Before Finding element: By.cssSelector: input#txtBilledTo
561547 [main] INFO utilities.listener.WebEventListener  - Before Finding element: By.cssSelector: input#txtBilledTo
2022-01-31/12:17:10.797  INFO: listener.WebEventListener - Before Finding element: By.cssSelector: input#txtBilledTo
561827 [main] INFO utilities.listener.WebEventListener  - Before Finding element: By.cssSelector: input#txtBilledTo
561827 [main] INFO utilities.listener.WebEventListener  - Before Finding element: By.cssSelector: input#txtBilledTo
2022-01-31/12:17:11.079  INFO: listener.WebEventListener - Before Finding element: By.cssSelector: input#txtBilledTo
562109 [main] INFO utilities.listener.WebEventListener  - Before Finding element: By.cssSelector: input#txtBilledTo
562109 [main] INFO utilities.listener.WebEventListener  - Before Finding element: By.cssSelector: input#txtBilledTo
2022-01-31/12:17:11.359  INFO: listener.WebEventListener - Before Finding element: By.cssSelector: input#txtBilledTo
562389 [main] INFO utilities.listener.WebEventListener  - Before Finding element: By.cssSelector: input#txtBilledTo
562389 [main] INFO utilities.listener.WebEventListener  - Before Finding element: By.cssSelector: input#txtBilledTo
2022-01-31/12:17:11.639  INFO: listener.WebEventListener - Before Finding element: By.cssSelector: input#txtBilledTo
562669 [main] INFO utilities.listener.WebEventListener  - Before Finding element: By.cssSelector: input#txtBilledTo
562669 [main] INFO utilities.listener.WebEventListener  - Before Finding element: By.cssSelector: input#txtBilledTo
2022-01-31/12:17:11.920  INFO: listener.WebEventListener - Before Finding element: By.cssSelector: input#txtBilledTo
562950 [main] INFO utilities.listener.WebEventListener  - Before Finding element: By.cssSelector: input#txtBilledTo
562950 [main] INFO utilities.listener.WebEventListener  - Before Finding element: By.cssSelector: input#txtBilledTo
2022-01-31/12:17:12.202  INFO: listener.WebEventListener - Before Finding element: By.cssSelector: input#txtBilledTo
563232 [main] INFO utilities.listener.WebEventListener  - Before Finding element: By.cssSelector: input#txtBilledTo
563232 [main] INFO utilities.listener.WebEventListener  - Before Finding element: By.cssSelector: input#txtBilledTo
2022-01-31/12:17:12.484  INFO: listener.WebEventListener - Before Finding element: By.cssSelector: input#txtBilledTo
563514 [main] INFO utilities.listener.WebEventListener  - Before Finding element: By.cssSelector: input#txtBilledTo
563514 [main] INFO utilities.listener.WebEventListener  - Before Finding element: By.cssSelector: input#txtBilledTo
2022-01-31/12:17:12.764  INFO: listener.WebEventListener - Before Finding element: By.cssSelector: input#txtBilledTo
563794 [main] INFO utilities.listener.WebEventListener  - Before Finding element: By.cssSelector: input#txtBilledTo
563794 [main] INFO utilities.listener.WebEventListener  - Before Finding element: By.cssSelector: input#txtBilledTo
2022-01-31/12:17:13.045  INFO: listener.WebEventListener - Before Finding element: By.cssSelector: input#txtBilledTo
564075 [main] INFO utilities.listener.WebEventListener  - Before Finding element: By.cssSelector: input#txtBilledTo
564075 [main] INFO utilities.listener.WebEventListener  - Before Finding element: By.cssSelector: input#txtBilledTo
2022-01-31/12:17:13.324  INFO: listener.WebEventListener - Before Finding element: By.cssSelector: input#txtBilledTo
564354 [main] INFO utilities.listener.WebEventListener  - Before Finding element: By.cssSelector: input#txtBilledTo
564354 [main] INFO utilities.listener.WebEventListener  - Before Finding element: By.cssSelector: input#txtBilledTo
2022-01-31/12:17:13.603  INFO: listener.WebEventListener - Before Finding element: By.cssSelector: input#txtBilledTo
564633 [main] INFO utilities.listener.WebEventListener  - Before Finding element: By.cssSelector: input#txtBilledTo
564633 [main] INFO utilities.listener.WebEventListener  - Before Finding element: By.cssSelector: input#txtBilledTo
2022-01-31/12:17:13.885  INFO: listener.WebEventListener - Before Finding element: By.cssSelector: input#txtBilledTo
564915 [main] INFO utilities.listener.WebEventListener  - Before Finding element: By.cssSelector: input#txtBilledTo
564915 [main] INFO utilities.listener.WebEventListener  - Before Finding element: By.cssSelector: input#txtBilledTo
2022-01-31/12:17:14.169  INFO: listener.WebEventListener - Before Finding element: By.cssSelector: input#txtBilledTo
565199 [main] INFO utilities.listener.WebEventListener  - Before Finding element: By.cssSelector: input#txtBilledTo
565199 [main] INFO utilities.listener.WebEventListener  - Before Finding element: By.cssSelector: input#txtBilledTo
2022-01-31/12:17:14.447  INFO: listener.WebEventListener - Before Finding element: By.cssSelector: input#txtBilledTo
565477 [main] INFO utilities.listener.WebEventListener  - Before Finding element: By.cssSelector: input#txtBilledTo
565477 [main] INFO utilities.listener.WebEventListener  - Before Finding element: By.cssSelector: input#txtBilledTo
2022-01-31/12:17:14.725  INFO: listener.WebEventListener - Before Finding element: By.cssSelector: input#txtBilledTo
565755 [main] INFO utilities.listener.WebEventListener  - Before Finding element: By.cssSelector: input#txtBilledTo
565755 [main] INFO utilities.listener.WebEventListener  - Before Finding element: By.cssSelector: input#txtBilledTo
2022-01-31/12:17:15.004  INFO: listener.WebEventListener - Before Finding element: By.cssSelector: input#txtBilledTo
566034 [main] INFO utilities.listener.WebEventListener  - Before Finding element: By.cssSelector: input#txtBilledTo
566034 [main] INFO utilities.listener.WebEventListener  - Before Finding element: By.cssSelector: input#txtBilledTo
2022-01-31/12:17:15.283  INFO: listener.WebEventListener - Before Finding element: By.cssSelector: input#txtBilledTo
566313 [main] INFO utilities.listener.WebEventListener  - Before Finding element: By.cssSelector: input#txtBilledTo
566313 [main] INFO utilities.listener.WebEventListener  - Before Finding element: By.cssSelector: input#txtBilledTo
2022-01-31/12:17:15.561  INFO: listener.WebEventListener - Before Finding element: By.cssSelector: input#txtBilledTo
566591 [main] INFO utilities.listener.WebEventListener  - Before Finding element: By.cssSelector: input#txtBilledTo
566591 [main] INFO utilities.listener.WebEventListener  - Before Finding element: By.cssSelector: input#txtBilledTo
2022-01-31/12:17:15.840  INFO: listener.WebEventListener - Before Finding element: By.cssSelector: input#txtBilledTo
566870 [main] INFO utilities.listener.WebEventListener  - Before Finding element: By.cssSelector: input#txtBilledTo
566870 [main] INFO utilities.listener.WebEventListener  - Before Finding element: By.cssSelector: input#txtBilledTo
2022-01-31/12:17:16.122  INFO: listener.WebEventListener - Before Finding element: By.cssSelector: input#txtBilledTo
567152 [main] INFO utilities.listener.WebEventListener  - Before Finding element: By.cssSelector: input#txtBilledTo
567152 [main] INFO utilities.listener.WebEventListener  - Before Finding element: By.cssSelector: input#txtBilledTo
2022-01-31/12:17:16.402  INFO: listener.WebEventListener - Before Finding element: By.cssSelector: input#txtBilledTo
567432 [main] INFO utilities.listener.WebEventListener  - Before Finding element: By.cssSelector: input#txtBilledTo
567432 [main] INFO utilities.listener.WebEventListener  - Before Finding element: By.cssSelector: input#txtBilledTo
2022-01-31/12:17:16.680  INFO: listener.WebEventListener - Before Finding element: By.cssSelector: input#txtBilledTo
567710 [main] INFO utilities.listener.WebEventListener  - Before Finding element: By.cssSelector: input#txtBilledTo
567710 [main] INFO utilities.listener.WebEventListener  - Before Finding element: By.cssSelector: input#txtBilledTo
2022-01-31/12:17:16.958  INFO: listener.WebEventListener - Before Finding element: By.cssSelector: input#txtBilledTo
567988 [main] INFO utilities.listener.WebEventListener  - Before Finding element: By.cssSelector: input#txtBilledTo
567988 [main] INFO utilities.listener.WebEventListener  - Before Finding element: By.cssSelector: input#txtBilledTo
2022-01-31/12:17:17.241  INFO: listener.WebEventListener - Before Finding element: By.cssSelector: input#txtBilledTo
568271 [main] INFO utilities.listener.WebEventListener  - Before Finding element: By.cssSelector: input#txtBilledTo
568271 [main] INFO utilities.listener.WebEventListener  - Before Finding element: By.cssSelector: input#txtBilledTo
2022-01-31/12:17:17.523  INFO: listener.WebEventListener - Before Finding element: By.cssSelector: input#txtBilledTo
568553 [main] INFO utilities.listener.WebEventListener  - Before Finding element: By.cssSelector: input#txtBilledTo
568553 [main] INFO utilities.listener.WebEventListener  - Before Finding element: By.cssSelector: input#txtBilledTo
2022-01-31/12:17:17.802  INFO: listener.WebEventListener - Before Finding element: By.cssSelector: input#txtBilledTo
568832 [main] INFO utilities.listener.WebEventListener  - Before Finding element: By.cssSelector: input#txtBilledTo
568832 [main] INFO utilities.listener.WebEventListener  - Before Finding element: By.cssSelector: input#txtBilledTo
2022-01-31/12:17:18.082  INFO: listener.WebEventListener - Before Finding element: By.cssSelector: input#txtBilledTo
569112 [main] INFO utilities.listener.WebEventListener  - Before Finding element: By.cssSelector: input#txtBilledTo
569112 [main] INFO utilities.listener.WebEventListener  - Before Finding element: By.cssSelector: input#txtBilledTo
2022-01-31/12:17:18.365  INFO: listener.WebEventListener - Before Finding element: By.cssSelector: input#txtBilledTo
569395 [main] INFO utilities.listener.WebEventListener  - Before Finding element: By.cssSelector: input#txtBilledTo
569395 [main] INFO utilities.listener.WebEventListener  - Before Finding element: By.cssSelector: input#txtBilledTo
2022-01-31/12:17:18.647  INFO: listener.WebEventListener - Before Finding element: By.cssSelector: input#txtBilledTo
569677 [main] INFO utilities.listener.WebEventListener  - Before Finding element: By.cssSelector: input#txtBilledTo
569677 [main] INFO utilities.listener.WebEventListener  - Before Finding element: By.cssSelector: input#txtBilledTo
2022-01-31/12:17:18.927  INFO: listener.WebEventListener - Before Finding element: By.cssSelector: input#txtBilledTo
569957 [main] INFO utilities.listener.WebEventListener  - Before Finding element: By.cssSelector: input#txtBilledTo
569957 [main] INFO utilities.listener.WebEventListener  - Before Finding element: By.cssSelector: input#txtBilledTo
2022-01-31/12:17:19.208  INFO: listener.WebEventListener - Before Finding element: By.cssSelector: input#txtBilledTo
570238 [main] INFO utilities.listener.WebEventListener  - Before Finding element: By.cssSelector: input#txtBilledTo
570238 [main] INFO utilities.listener.WebEventListener  - Before Finding element: By.cssSelector: input#txtBilledTo
2022-01-31/12:17:19.494  INFO: listener.WebEventListener - Before Finding element: By.cssSelector: input#txtBilledTo
570524 [main] INFO utilities.listener.WebEventListener  - Before Finding element: By.cssSelector: input#txtBilledTo
570524 [main] INFO utilities.listener.WebEventListener  - Before Finding element: By.cssSelector: input#txtBilledTo
2022-01-31/12:17:19.778  INFO: listener.WebEventListener - Before Finding element: By.cssSelector: input#txtBilledTo
570808 [main] INFO utilities.listener.WebEventListener  - Before Finding element: By.cssSelector: input#txtBilledTo
570808 [main] INFO utilities.listener.WebEventListener  - Before Finding element: By.cssSelector: input#txtBilledTo
2022-01-31/12:17:20.058  INFO: listener.WebEventListener - Before Finding element: By.cssSelector: input#txtBilledTo
571088 [main] INFO utilities.listener.WebEventListener  - Before Finding element: By.cssSelector: input#txtBilledTo
571088 [main] INFO utilities.listener.WebEventListener  - Before Finding element: By.cssSelector: input#txtBilledTo
2022-01-31/12:17:20.337  INFO: listener.WebEventListener - Before Finding element: By.cssSelector: input#txtBilledTo
571367 [main] INFO utilities.listener.WebEventListener  - Before Finding element: By.cssSelector: input#txtBilledTo
571367 [main] INFO utilities.listener.WebEventListener  - Before Finding element: By.cssSelector: input#txtBilledTo
2022-01-31/12:17:20.613  INFO: listener.WebEventListener - Before Finding element: By.cssSelector: input#txtBilledTo
571643 [main] INFO utilities.listener.WebEventListener  - Before Finding element: By.cssSelector: input#txtBilledTo
571643 [main] INFO utilities.listener.WebEventListener  - Before Finding element: By.cssSelector: input#txtBilledTo
2022-01-31/12:17:20.893  INFO: listener.WebEventListener - Before Finding element: By.cssSelector: input#txtBilledTo
571923 [main] INFO utilities.listener.WebEventListener  - Before Finding element: By.cssSelector: input#txtBilledTo
571923 [main] INFO utilities.listener.WebEventListener  - Before Finding element: By.cssSelector: input#txtBilledTo
2022-01-31/12:17:21.175  INFO: listener.WebEventListener - Before Finding element: By.cssSelector: input#txtBilledTo
572205 [main] INFO utilities.listener.WebEventListener  - Before Finding element: By.cssSelector: input#txtBilledTo
572205 [main] INFO utilities.listener.WebEventListener  - Before Finding element: By.cssSelector: input#txtBilledTo
2022-01-31/12:17:21.456  INFO: listener.WebEventListener - Before Finding element: By.cssSelector: input#txtBilledTo
572486 [main] INFO utilities.listener.WebEventListener  - Before Finding element: By.cssSelector: input#txtBilledTo
572486 [main] INFO utilities.listener.WebEventListener  - Before Finding element: By.cssSelector: input#txtBilledTo
2022-01-31/12:17:21.737  INFO: listener.WebEventListener - Before Finding element: By.cssSelector: input#txtBilledTo
572767 [main] INFO utilities.listener.WebEventListener  - Before Finding element: By.cssSelector: input#txtBilledTo
572767 [main] INFO utilities.listener.WebEventListener  - Before Finding element: By.cssSelector: input#txtBilledTo
2022-01-31/12:17:22.016  INFO: listener.WebEventListener - Before Finding element: By.cssSelector: input#txtBilledTo
573046 [main] INFO utilities.listener.WebEventListener  - Before Finding element: By.cssSelector: input#txtBilledTo
573046 [main] INFO utilities.listener.WebEventListener  - Before Finding element: By.cssSelector: input#txtBilledTo
2022-01-31/12:17:22.299  INFO: listener.WebEventListener - Before Finding element: By.cssSelector: input#txtBilledTo
573329 [main] INFO utilities.listener.WebEventListener  - Before Finding element: By.cssSelector: input#txtBilledTo
573329 [main] INFO utilities.listener.WebEventListener  - Before Finding element: By.cssSelector: input#txtBilledTo
2022-01-31/12:17:22.580  INFO: listener.WebEventListener - Before Finding element: By.cssSelector: input#txtBilledTo
573610 [main] INFO utilities.listener.WebEventListener  - Before Finding element: By.cssSelector: input#txtBilledTo
573610 [main] INFO utilities.listener.WebEventListener  - Before Finding element: By.cssSelector: input#txtBilledTo
2022-01-31/12:17:22.859  INFO: listener.WebEventListener - Before Finding element: By.cssSelector: input#txtBilledTo
573889 [main] INFO utilities.listener.WebEventListener  - Before Finding element: By.cssSelector: input#txtBilledTo
573889 [main] INFO utilities.listener.WebEventListener  - Before Finding element: By.cssSelector: input#txtBilledTo
2022-01-31/12:17:23.142  INFO: listener.WebEventListener - Before Finding element: By.cssSelector: input#txtBilledTo
574172 [main] INFO utilities.listener.WebEventListener  - Before Finding element: By.cssSelector: input#txtBilledTo
574172 [main] INFO utilities.listener.WebEventListener  - Before Finding element: By.cssSelector: input#txtBilledTo
2022-01-31/12:17:23.421  INFO: listener.WebEventListener - Before Finding element: By.cssSelector: input#txtBilledTo
574451 [main] INFO utilities.listener.WebEventListener  - Before Finding element: By.cssSelector: input#txtBilledTo
574451 [main] INFO utilities.listener.WebEventListener  - Before Finding element: By.cssSelector: input#txtBilledTo
2022-01-31/12:17:23.719  INFO: listener.WebEventListener - Before Finding element: By.cssSelector: input#txtBilledTo
574749 [main] INFO utilities.listener.WebEventListener  - Before Finding element: By.cssSelector: input#txtBilledTo
574749 [main] INFO utilities.listener.WebEventListener  - Before Finding element: By.cssSelector: input#txtBilledTo
2022-01-31/12:17:24.001  INFO: listener.WebEventListener - Before Finding element: By.cssSelector: input#txtBilledTo
575031 [main] INFO utilities.listener.WebEventListener  - Before Finding element: By.cssSelector: input#txtBilledTo
575031 [main] INFO utilities.listener.WebEventListener  - Before Finding element: By.cssSelector: input#txtBilledTo
2022-01-31/12:17:24.282  INFO: listener.WebEventListener - Before Finding element: By.cssSelector: input#txtBilledTo
575312 [main] INFO utilities.listener.WebEventListener  - Before Finding element: By.cssSelector: input#txtBilledTo
575312 [main] INFO utilities.listener.WebEventListener  - Before Finding element: By.cssSelector: input#txtBilledTo
2022-01-31/12:17:24.567  INFO: listener.WebEventListener - Before Finding element: By.cssSelector: input#txtBilledTo
575597 [main] INFO utilities.listener.WebEventListener  - Before Finding element: By.cssSelector: input#txtBilledTo
575597 [main] INFO utilities.listener.WebEventListener  - Before Finding element: By.cssSelector: input#txtBilledTo
2022-01-31/12:17:24.851  INFO: listener.WebEventListener - Before Finding element: By.cssSelector: input#txtBilledTo
575881 [main] INFO utilities.listener.WebEventListener  - Before Finding element: By.cssSelector: input#txtBilledTo
575881 [main] INFO utilities.listener.WebEventListener  - Before Finding element: By.cssSelector: input#txtBilledTo
2022-01-31/12:17:25.136  INFO: listener.WebEventListener - Before Finding element: By.cssSelector: input#txtBilledTo
576166 [main] INFO utilities.listener.WebEventListener  - Before Finding element: By.cssSelector: input#txtBilledTo
576166 [main] INFO utilities.listener.WebEventListener  - Before Finding element: By.cssSelector: input#txtBilledTo
2022-01-31/12:17:25.420  INFO: listener.WebEventListener - Before Finding element: By.cssSelector: input#txtBilledTo
576450 [main] INFO utilities.listener.WebEventListener  - Before Finding element: By.cssSelector: input#txtBilledTo
576450 [main] INFO utilities.listener.WebEventListener  - Before Finding element: By.cssSelector: input#txtBilledTo
2022-01-31/12:17:25.700  INFO: listener.WebEventListener - Before Finding element: By.cssSelector: input#txtBilledTo
576730 [main] INFO utilities.listener.WebEventListener  - Before Finding element: By.cssSelector: input#txtBilledTo
576730 [main] INFO utilities.listener.WebEventListener  - Before Finding element: By.cssSelector: input#txtBilledTo
2022-01-31/12:17:25.982  INFO: listener.WebEventListener - Before Finding element: By.cssSelector: input#txtBilledTo
577012 [main] INFO utilities.listener.WebEventListener  - Before Finding element: By.cssSelector: input#txtBilledTo
577012 [main] INFO utilities.listener.WebEventListener  - Before Finding element: By.cssSelector: input#txtBilledTo
2022-01-31/12:17:26.265  INFO: listener.WebEventListener - Before Finding element: By.cssSelector: input#txtBilledTo
577295 [main] INFO utilities.listener.WebEventListener  - Before Finding element: By.cssSelector: input#txtBilledTo
577295 [main] INFO utilities.listener.WebEventListener  - Before Finding element: By.cssSelector: input#txtBilledTo
2022-01-31/12:17:26.547  INFO: listener.WebEventListener - Before Finding element: By.cssSelector: input#txtBilledTo
577577 [main] INFO utilities.listener.WebEventListener  - Before Finding element: By.cssSelector: input#txtBilledTo
577577 [main] INFO utilities.listener.WebEventListener  - Before Finding element: By.cssSelector: input#txtBilledTo
2022-01-31/12:17:26.819  INFO: listener.WebEventListener - Before Finding element: By.cssSelector: input#txtBilledTo
577849 [main] INFO utilities.listener.WebEventListener  - Before Finding element: By.cssSelector: input#txtBilledTo
577849 [main] INFO utilities.listener.WebEventListener  - Before Finding element: By.cssSelector: input#txtBilledTo
2022-01-31/12:17:27.103  INFO: listener.WebEventListener - Before Finding element: By.cssSelector: input#txtBilledTo
578133 [main] INFO utilities.listener.WebEventListener  - Before Finding element: By.cssSelector: input#txtBilledTo
578133 [main] INFO utilities.listener.WebEventListener  - Before Finding element: By.cssSelector: input#txtBilledTo
2022-01-31/12:17:27.386  INFO: listener.WebEventListener - Before Finding element: By.cssSelector: input#txtBilledTo
578416 [main] INFO utilities.listener.WebEventListener  - Before Finding element: By.cssSelector: input#txtBilledTo
578416 [main] INFO utilities.listener.WebEventListener  - Before Finding element: By.cssSelector: input#txtBilledTo
2022-01-31/12:17:27.667  INFO: listener.WebEventListener - Before Finding element: By.cssSelector: input#txtBilledTo
578697 [main] INFO utilities.listener.WebEventListener  - Before Finding element: By.cssSelector: input#txtBilledTo
578697 [main] INFO utilities.listener.WebEventListener  - Before Finding element: By.cssSelector: input#txtBilledTo
2022-01-31/12:17:27.946  INFO: listener.WebEventListener - Before Finding element: By.cssSelector: input#txtBilledTo
578976 [main] INFO utilities.listener.WebEventListener  - Before Finding element: By.cssSelector: input#txtBilledTo
578976 [main] INFO utilities.listener.WebEventListener  - Before Finding element: By.cssSelector: input#txtBilledTo
2022-01-31/12:17:28.231  INFO: listener.WebEventListener - Before Finding element: By.cssSelector: input#txtBilledTo
579261 [main] INFO utilities.listener.WebEventListener  - Before Finding element: By.cssSelector: input#txtBilledTo
579261 [main] INFO utilities.listener.WebEventListener  - Before Finding element: By.cssSelector: input#txtBilledTo
2022-01-31/12:17:28.514  INFO: listener.WebEventListener - Before Finding element: By.cssSelector: input#txtBilledTo
579544 [main] INFO utilities.listener.WebEventListener  - Before Finding element: By.cssSelector: input#txtBilledTo
579544 [main] INFO utilities.listener.WebEventListener  - Before Finding element: By.cssSelector: input#txtBilledTo
2022-01-31/12:17:28.798  INFO: listener.WebEventListener - Before Finding element: By.cssSelector: input#txtBilledTo
579828 [main] INFO utilities.listener.WebEventListener  - Before Finding element: By.cssSelector: input#txtBilledTo
579828 [main] INFO utilities.listener.WebEventListener  - Before Finding element: By.cssSelector: input#txtBilledTo
2022-01-31/12:17:29.081  INFO: listener.WebEventListener - Before Finding element: By.cssSelector: input#txtBilledTo
580111 [main] INFO utilities.listener.WebEventListener  - Before Finding element: By.cssSelector: input#txtBilledTo
580111 [main] INFO utilities.listener.WebEventListener  - Before Finding element: By.cssSelector: input#txtBilledTo
2022-01-31/12:17:29.366  INFO: listener.WebEventListener - Before Finding element: By.cssSelector: input#txtBilledTo
580396 [main] INFO utilities.listener.WebEventListener  - Before Finding element: By.cssSelector: input#txtBilledTo
580396 [main] INFO utilities.listener.WebEventListener  - Before Finding element: By.cssSelector: input#txtBilledTo
2022-01-31/12:17:29.647  INFO: listener.WebEventListener - Before Finding element: By.cssSelector: input#txtBilledTo
580677 [main] INFO utilities.listener.WebEventListener  - Before Finding element: By.cssSelector: input#txtBilledTo
580677 [main] INFO utilities.listener.WebEventListener  - Before Finding element: By.cssSelector: input#txtBilledTo
2022-01-31/12:17:29.921  INFO: listener.WebEventListener - Before Finding element: By.cssSelector: input#txtBilledTo
580951 [main] INFO utilities.listener.WebEventListener  - Before Finding element: By.cssSelector: input#txtBilledTo
580951 [main] INFO utilities.listener.WebEventListener  - Before Finding element: By.cssSelector: input#txtBilledTo
2022-01-31/12:17:30.199  INFO: listener.WebEventListener - Before Finding element: By.cssSelector: input#txtBilledTo
581229 [main] INFO utilities.listener.WebEventListener  - Before Finding element: By.cssSelector: input#txtBilledTo
581229 [main] INFO utilities.listener.WebEventListener  - Before Finding element: By.cssSelector: input#txtBilledTo
2022-01-31/12:17:30.479  INFO: listener.WebEventListener - Before Finding element: By.cssSelector: input#txtBilledTo
581509 [main] INFO utilities.listener.WebEventListener  - Before Finding element: By.cssSelector: input#txtBilledTo
581509 [main] INFO utilities.listener.WebEventListener  - Before Finding element: By.cssSelector: input#txtBilledTo
2022-01-31/12:17:30.760  INFO: listener.WebEventListener - Before Finding element: By.cssSelector: input#txtBilledTo
581790 [main] INFO utilities.listener.WebEventListener  - Before Finding element: By.cssSelector: input#txtBilledTo
581790 [main] INFO utilities.listener.WebEventListener  - Before Finding element: By.cssSelector: input#txtBilledTo
2022-01-31/12:17:31.040  INFO: listener.WebEventListener - Before Finding element: By.cssSelector: input#txtBilledTo
582070 [main] INFO utilities.listener.WebEventListener  - Before Finding element: By.cssSelector: input#txtBilledTo
582070 [main] INFO utilities.listener.WebEventListener  - Before Finding element: By.cssSelector: input#txtBilledTo
2022-01-31/12:17:31.430  INFO: listener.WebEventListener - Before Finding element: By.cssSelector: input#txtBilledTo
582460 [main] INFO utilities.listener.WebEventListener  - Before Finding element: By.cssSelector: input#txtBilledTo
582460 [main] INFO utilities.listener.WebEventListener  - Before Finding element: By.cssSelector: input#txtBilledTo
2022-01-31/12:17:31.705  INFO: listener.WebEventListener - Before Finding element: By.cssSelector: input#txtBilledTo
582735 [main] INFO utilities.listener.WebEventListener  - Before Finding element: By.cssSelector: input#txtBilledTo
582735 [main] INFO utilities.listener.WebEventListener  - Before Finding element: By.cssSelector: input#txtBilledTo
2022-01-31/12:17:31.999  INFO: listener.WebEventListener - Before Finding element: By.cssSelector: input#txtBilledTo
583029 [main] INFO utilities.listener.WebEventListener  - Before Finding element: By.cssSelector: input#txtBilledTo
583029 [main] INFO utilities.listener.WebEventListener  - Before Finding element: By.cssSelector: input#txtBilledTo
2022-01-31/12:17:32.278  INFO: listener.WebEventListener - Before Finding element: By.cssSelector: input#txtBilledTo
583308 [main] INFO utilities.listener.WebEventListener  - Before Finding element: By.cssSelector: input#txtBilledTo
583308 [main] INFO utilities.listener.WebEventListener  - Before Finding element: By.cssSelector: input#txtBilledTo
2022-01-31/12:17:32.576  INFO: listener.WebEventListener - Before Finding element: By.cssSelector: input#txtBilledTo
583606 [main] INFO utilities.listener.WebEventListener  - Before Finding element: By.cssSelector: input#txtBilledTo
583606 [main] INFO utilities.listener.WebEventListener  - Before Finding element: By.cssSelector: input#txtBilledTo
2022-01-31/12:17:32.885  INFO: listener.WebEventListener - Before Finding element: By.cssSelector: input#txtBilledTo
583915 [main] INFO utilities.listener.WebEventListener  - Before Finding element: By.cssSelector: input#txtBilledTo
583915 [main] INFO utilities.listener.WebEventListener  - Before Finding element: By.cssSelector: input#txtBilledTo
2022-01-31/12:17:33.191  INFO: listener.WebEventListener - Before Finding element: By.cssSelector: input#txtBilledTo
584221 [main] INFO utilities.listener.WebEventListener  - Before Finding element: By.cssSelector: input#txtBilledTo
584221 [main] INFO utilities.listener.WebEventListener  - Before Finding element: By.cssSelector: input#txtBilledTo
2022-01-31/12:17:33.657  INFO: listener.WebEventListener - Before Finding element: By.cssSelector: input#txtBilledTo
584687 [main] INFO utilities.listener.WebEventListener  - Before Finding element: By.cssSelector: input#txtBilledTo
584687 [main] INFO utilities.listener.WebEventListener  - Before Finding element: By.cssSelector: input#txtBilledTo
2022-01-31/12:17:33.940  INFO: listener.WebEventListener - Before Finding element: By.cssSelector: input#txtBilledTo
584970 [main] INFO utilities.listener.WebEventListener  - Before Finding element: By.cssSelector: input#txtBilledTo
584970 [main] INFO utilities.listener.WebEventListener  - Before Finding element: By.cssSelector: input#txtBilledTo
2022-01-31/12:17:34.232  INFO: listener.WebEventListener - Before Finding element: By.cssSelector: input#txtBilledTo
585262 [main] INFO utilities.listener.WebEventListener  - Before Finding element: By.cssSelector: input#txtBilledTo
585262 [main] INFO utilities.listener.WebEventListener  - Before Finding element: By.cssSelector: input#txtBilledTo
2022-01-31/12:17:34.573  INFO: listener.WebEventListener - Before Finding element: By.cssSelector: input#txtBilledTo
585603 [main] INFO utilities.listener.WebEventListener  - Before Finding element: By.cssSelector: input#txtBilledTo
585603 [main] INFO utilities.listener.WebEventListener  - Before Finding element: By.cssSelector: input#txtBilledTo
2022-01-31/12:17:34.853  INFO: listener.WebEventListener - Before Finding element: By.cssSelector: input#txtBilledTo
585883 [main] INFO utilities.listener.WebEventListener  - Before Finding element: By.cssSelector: input#txtBilledTo
585883 [main] INFO utilities.listener.WebEventListener  - Before Finding element: By.cssSelector: input#txtBilledTo
2022-01-31/12:17:35.178  INFO: listener.WebEventListener - Before Finding element: By.cssSelector: input#txtBilledTo
586208 [main] INFO utilities.listener.WebEventListener  - Before Finding element: By.cssSelector: input#txtBilledTo
586208 [main] INFO utilities.listener.WebEventListener  - Before Finding element: By.cssSelector: input#txtBilledTo
2022-01-31/12:17:35.464  INFO: listener.WebEventListener - Before Finding element: By.cssSelector: input#txtBilledTo
586494 [main] INFO utilities.listener.WebEventListener  - Before Finding element: By.cssSelector: input#txtBilledTo
586494 [main] INFO utilities.listener.WebEventListener  - Before Finding element: By.cssSelector: input#txtBilledTo
2022-01-31/12:17:35.747  INFO: listener.WebEventListener - Before Finding element: By.cssSelector: input#txtBilledTo
586777 [main] INFO utilities.listener.WebEventListener  - Before Finding element: By.cssSelector: input#txtBilledTo
586777 [main] INFO utilities.listener.WebEventListener  - Before Finding element: By.cssSelector: input#txtBilledTo
2022-01-31/12:17:36.030  INFO: listener.WebEventListener - Before Finding element: By.cssSelector: input#txtBilledTo
587060 [main] INFO utilities.listener.WebEventListener  - Before Finding element: By.cssSelector: input#txtBilledTo
587060 [main] INFO utilities.listener.WebEventListener  - Before Finding element: By.cssSelector: input#txtBilledTo
2022-01-31/12:17:36.309  INFO: listener.WebEventListener - Before Finding element: By.cssSelector: input#txtBilledTo
587339 [main] INFO utilities.listener.WebEventListener  - Before Finding element: By.cssSelector: input#txtBilledTo
587339 [main] INFO utilities.listener.WebEventListener  - Before Finding element: By.cssSelector: input#txtBilledTo
2022-01-31/12:17:36.589  INFO: listener.WebEventListener - Before Finding element: By.cssSelector: input#txtBilledTo
587619 [main] INFO utilities.listener.WebEventListener  - Before Finding element: By.cssSelector: input#txtBilledTo
587619 [main] INFO utilities.listener.WebEventListener  - Before Finding element: By.cssSelector: input#txtBilledTo
2022-01-31/12:17:36.886  INFO: listener.WebEventListener - Before Finding element: By.cssSelector: input#txtBilledTo
587916 [main] INFO utilities.listener.WebEventListener  - Before Finding element: By.cssSelector: input#txtBilledTo
587916 [main] INFO utilities.listener.WebEventListener  - Before Finding element: By.cssSelector: input#txtBilledTo
2022-01-31/12:17:37.206  INFO: listener.WebEventListener - Before Finding element: By.cssSelector: input#txtBilledTo
588236 [main] INFO utilities.listener.WebEventListener  - Before Finding element: By.cssSelector: input#txtBilledTo
588236 [main] INFO utilities.listener.WebEventListener  - Before Finding element: By.cssSelector: input#txtBilledTo
2022-01-31/12:17:37.482  INFO: listener.WebEventListener - Before Finding element: By.cssSelector: input#txtBilledTo
588512 [main] INFO utilities.listener.WebEventListener  - Before Finding element: By.cssSelector: input#txtBilledTo
588512 [main] INFO utilities.listener.WebEventListener  - Before Finding element: By.cssSelector: input#txtBilledTo
2022-01-31/12:17:37.775  INFO: listener.WebEventListener - Before Finding element: By.cssSelector: input#txtBilledTo
588805 [main] INFO utilities.listener.WebEventListener  - Before Finding element: By.cssSelector: input#txtBilledTo
588805 [main] INFO utilities.listener.WebEventListener  - Before Finding element: By.cssSelector: input#txtBilledTo
2022-01-31/12:17:38.058  INFO: listener.WebEventListener - Before Finding element: By.cssSelector: input#txtBilledTo
589088 [main] INFO utilities.listener.WebEventListener  - Before Finding element: By.cssSelector: input#txtBilledTo
589088 [main] INFO utilities.listener.WebEventListener  - Before Finding element: By.cssSelector: input#txtBilledTo
2022-01-31/12:17:38.344  INFO: listener.WebEventListener - Before Finding element: By.cssSelector: input#txtBilledTo
589374 [main] INFO utilities.listener.WebEventListener  - Before Finding element: By.cssSelector: input#txtBilledTo
589374 [main] INFO utilities.listener.WebEventListener  - Before Finding element: By.cssSelector: input#txtBilledTo
2022-01-31/12:17:38.702  INFO: listener.WebEventListener - Before Finding element: By.cssSelector: input#txtBilledTo
589732 [main] INFO utilities.listener.WebEventListener  - Before Finding element: By.cssSelector: input#txtBilledTo
589732 [main] INFO utilities.listener.WebEventListener  - Before Finding element: By.cssSelector: input#txtBilledTo
2022-01-31/12:17:38.996  INFO: listener.WebEventListener - Before Finding element: By.cssSelector: input#txtBilledTo
590026 [main] INFO utilities.listener.WebEventListener  - Before Finding element: By.cssSelector: input#txtBilledTo
590026 [main] INFO utilities.listener.WebEventListener  - Before Finding element: By.cssSelector: input#txtBilledTo
2022-01-31/12:17:39.275  INFO: listener.WebEventListener - Before Finding element: By.cssSelector: input#txtBilledTo
590305 [main] INFO utilities.listener.WebEventListener  - Before Finding element: By.cssSelector: input#txtBilledTo
590305 [main] INFO utilities.listener.WebEventListener  - Before Finding element: By.cssSelector: input#txtBilledTo
2022-01-31/12:17:39.555  INFO: listener.WebEventListener - Before Finding element: By.cssSelector: input#txtBilledTo
590585 [main] INFO utilities.listener.WebEventListener  - Before Finding element: By.cssSelector: input#txtBilledTo
590585 [main] INFO utilities.listener.WebEventListener  - Before Finding element: By.cssSelector: input#txtBilledTo
2022-01-31/12:17:39.835  INFO: listener.WebEventListener - Before Finding element: By.cssSelector: input#txtBilledTo
590865 [main] INFO utilities.listener.WebEventListener  - Before Finding element: By.cssSelector: input#txtBilledTo
590865 [main] INFO utilities.listener.WebEventListener  - Before Finding element: By.cssSelector: input#txtBilledTo
2022-01-31/12:17:40.115  INFO: listener.WebEventListener - Before Finding element: By.cssSelector: input#txtBilledTo
591145 [main] INFO utilities.listener.WebEventListener  - Before Finding element: By.cssSelector: input#txtBilledTo
591145 [main] INFO utilities.listener.WebEventListener  - Before Finding element: By.cssSelector: input#txtBilledTo
2022-01-31/12:17:40.398  INFO: listener.WebEventListener - Before Finding element: By.cssSelector: input#txtBilledTo
591428 [main] INFO utilities.listener.WebEventListener  - Before Finding element: By.cssSelector: input#txtBilledTo
591428 [main] INFO utilities.listener.WebEventListener  - Before Finding element: By.cssSelector: input#txtBilledTo
2022-01-31/12:17:40.680  INFO: listener.WebEventListener - Before Finding element: By.cssSelector: input#txtBilledTo
591710 [main] INFO utilities.listener.WebEventListener  - Before Finding element: By.cssSelector: input#txtBilledTo
591710 [main] INFO utilities.listener.WebEventListener  - Before Finding element: By.cssSelector: input#txtBilledTo
2022-01-31/12:17:40.961  INFO: listener.WebEventListener - Before Finding element: By.cssSelector: input#txtBilledTo
591991 [main] INFO utilities.listener.WebEventListener  - Before Finding element: By.cssSelector: input#txtBilledTo
591991 [main] INFO utilities.listener.WebEventListener  - Before Finding element: By.cssSelector: input#txtBilledTo
2022-01-31/12:17:41.284  INFO: listener.WebEventListener - Before Finding element: By.cssSelector: input#txtBilledTo
592314 [main] INFO utilities.listener.WebEventListener  - Before Finding element: By.cssSelector: input#txtBilledTo
592314 [main] INFO utilities.listener.WebEventListener  - Before Finding element: By.cssSelector: input#txtBilledTo
2022-01-31/12:17:41.563  INFO: listener.WebEventListener - Before Finding element: By.cssSelector: input#txtBilledTo
592593 [main] INFO utilities.listener.WebEventListener  - Before Finding element: By.cssSelector: input#txtBilledTo
592593 [main] INFO utilities.listener.WebEventListener  - Before Finding element: By.cssSelector: input#txtBilledTo
2022-01-31/12:17:41.841  INFO: listener.WebEventListener - Before Finding element: By.cssSelector: input#txtBilledTo
592871 [main] INFO utilities.listener.WebEventListener  - Before Finding element: By.cssSelector: input#txtBilledTo
592871 [main] INFO utilities.listener.WebEventListener  - Before Finding element: By.cssSelector: input#txtBilledTo
2022-01-31/12:17:42.120  INFO: listener.WebEventListener - Before Finding element: By.cssSelector: input#txtBilledTo
593150 [main] INFO utilities.listener.WebEventListener  - Before Finding element: By.cssSelector: input#txtBilledTo
593150 [main] INFO utilities.listener.WebEventListener  - Before Finding element: By.cssSelector: input#txtBilledTo
2022-01-31/12:17:42.401  INFO: listener.WebEventListener - Before Finding element: By.cssSelector: input#txtBilledTo
593431 [main] INFO utilities.listener.WebEventListener  - Before Finding element: By.cssSelector: input#txtBilledTo
593431 [main] INFO utilities.listener.WebEventListener  - Before Finding element: By.cssSelector: input#txtBilledTo
2022-01-31/12:17:42.681  INFO: listener.WebEventListener - Before Finding element: By.cssSelector: input#txtBilledTo
593711 [main] INFO utilities.listener.WebEventListener  - Before Finding element: By.cssSelector: input#txtBilledTo
593711 [main] INFO utilities.listener.WebEventListener  - Before Finding element: By.cssSelector: input#txtBilledTo
2022-01-31/12:17:42.966  INFO: listener.WebEventListener - Before Finding element: By.cssSelector: input#txtBilledTo
593996 [main] INFO utilities.listener.WebEventListener  - Before Finding element: By.cssSelector: input#txtBilledTo
593996 [main] INFO utilities.listener.WebEventListener  - Before Finding element: By.cssSelector: input#txtBilledTo
2022-01-31/12:17:43.249  INFO: listener.WebEventListener - Before Finding element: By.cssSelector: input#txtBilledTo
594279 [main] INFO utilities.listener.WebEventListener  - Before Finding element: By.cssSelector: input#txtBilledTo
594279 [main] INFO utilities.listener.WebEventListener  - Before Finding element: By.cssSelector: input#txtBilledTo
2022-01-31/12:17:43.533  INFO: listener.WebEventListener - Before Finding element: By.cssSelector: input#txtBilledTo
594563 [main] INFO utilities.listener.WebEventListener  - Before Finding element: By.cssSelector: input#txtBilledTo
594563 [main] INFO utilities.listener.WebEventListener  - Before Finding element: By.cssSelector: input#txtBilledTo
[...]
2022-01-31/12:27:14.737  INFO: listener.WebEventListener - Before Finding element: By.xpath: //input[@id='LogisticType']/..
1165767 [main] INFO utilities.listener.WebEventListener  - Before Finding element: By.xpath: //input[@id='LogisticType']/..
1165767 [main] INFO utilities.listener.WebEventListener  - Before Finding element: By.xpath: //input[@id='LogisticType']/..
1165767 [main] INFO utilities.listener.WebEventListener  - Before Finding element: By.xpath: //input[@id='LogisticType']/..
2022-01-31/12:27:15.297  INFO: listener.WebEventListener - Before Finding element: By.xpath: //input[@id='LogisticType']/..
1166327 [main] INFO utilities.listener.WebEventListener  - Before Finding element: By.xpath: //input[@id='LogisticType']/..
1166327 [main] INFO utilities.listener.WebEventListener  - Before Finding element: By.xpath: //input[@id='LogisticType']/..
1166327 [main] INFO utilities.listener.WebEventListener  - Before Finding element: By.xpath: //input[@id='LogisticType']/..
2022-01-31/12:27:15.844  INFO: listener.WebEventListener - Before Finding element: By.xpath: //input[@id='LogisticType']/..
1166874 [main] INFO utilities.listener.WebEventListener  - Before Finding element: By.xpath: //input[@id='LogisticType']/..
1166874 [main] INFO utilities.listener.WebEventListener  - Before Finding element: By.xpath: //input[@id='LogisticType']/..
1166874 [main] INFO utilities.listener.WebEventListener  - Before Finding element: By.xpath: //input[@id='LogisticType']/..
2022-01-31/12:27:16.385  INFO: listener.WebEventListener - Before Finding element: By.xpath: //input[@id='LogisticType']/..
1167415 [main] INFO utilities.listener.WebEventListener  - Before Finding element: By.xpath: //input[@id='LogisticType']/..
1167415 [main] INFO utilities.listener.WebEventListener  - Before Finding element: By.xpath: //input[@id='LogisticType']/..
1167415 [main] INFO utilities.listener.WebEventListener  - Before Finding element: By.xpath: //input[@id='LogisticType']/..
2022-01-31/12:27:16.931  INFO: listener.WebEventListener - Before Finding element: By.xpath: //input[@id='LogisticType']/..
1167961 [main] INFO utilities.listener.WebEventListener  - Before Finding element: By.xpath: //input[@id='LogisticType']/..
1167961 [main] INFO utilities.listener.WebEventListener  - Before Finding element: By.xpath: //input[@id='LogisticType']/..
1167961 [main] INFO utilities.listener.WebEventListener  - Before Finding element: By.xpath: //input[@id='LogisticType']/..
2022-01-31/12:27:17.477  INFO: listener.WebEventListener - Before Finding element: By.xpath: //input[@id='LogisticType']/..
1168507 [main] INFO utilities.listener.WebEventListener  - Before Finding element: By.xpath: //input[@id='LogisticType']/..
1168507 [main] INFO utilities.listener.WebEventListener  - Before Finding element: By.xpath: //input[@id='LogisticType']/..
1168507 [main] INFO utilities.listener.WebEventListener  - Before Finding element: By.xpath: //input[@id='LogisticType']/..
2022-01-31/12:27:18.034  INFO: listener.WebEventListener - Before Finding element: By.xpath: //input[@id='LogisticType']/..
1169064 [main] INFO utilities.listener.WebEventListener  - Before Finding element: By.xpath: //input[@id='LogisticType']/..
1169064 [main] INFO utilities.listener.WebEventListener  - Before Finding element: By.xpath: //input[@id='LogisticType']/..
1169064 [main] INFO utilities.listener.WebEventListener  - Before Finding element: By.xpath: //input[@id='LogisticType']/..
2022-01-31/12:27:18.603  INFO: listener.WebEventListener - Before Finding element: By.xpath: //input[@id='LogisticType']/..
1169633 [main] INFO utilities.listener.WebEventListener  - Before Finding element: By.xpath: //input[@id='LogisticType']/..
1169633 [main] INFO utilities.listener.WebEventListener  - Before Finding element: By.xpath: //input[@id='LogisticType']/..
1169633 [main] INFO utilities.listener.WebEventListener  - Before Finding element: By.xpath: //input[@id='LogisticType']/..
2022-01-31/12:27:19.145  INFO: listener.WebEventListener - Before Finding element: By.xpath: //input[@id='LogisticType']/..
1170175 [main] INFO utilities.listener.WebEventListener  - Before Finding element: By.xpath: //input[@id='LogisticType']/..
1170175 [main] INFO utilities.listener.WebEventListener  - Before Finding element: By.xpath: //input[@id='LogisticType']/..
1170175 [main] INFO utilities.listener.WebEventListener  - Before Finding element: By.xpath: //input[@id='LogisticType']/..
2022-01-31/12:27:19.690  INFO: listener.WebEventListener - Before Finding element: By.xpath: //input[@id='LogisticType']/..
1170720 [main] INFO utilities.listener.WebEventListener  - Before Finding element: By.xpath: //input[@id='LogisticType']/..
1170720 [main] INFO utilities.listener.WebEventListener  - Before Finding element: By.xpath: //input[@id='LogisticType']/..
1170720 [main] INFO utilities.listener.WebEventListener  - Before Finding element: By.xpath: //input[@id='LogisticType']/..
2022-01-31/12:27:20.234  INFO: listener.WebEventListener - Before Finding element: By.xpath: //input[@id='LogisticType']/..
1171264 [main] INFO utilities.listener.WebEventListener  - Before Finding element: By.xpath: //input[@id='LogisticType']/..
1171264 [main] INFO utilities.listener.WebEventListener  - Before Finding element: By.xpath: //input[@id='LogisticType']/..
1171264 [main] INFO utilities.listener.WebEventListener  - Before Finding element: By.xpath: //input[@id='LogisticType']/..
2022-01-31/12:27:20.779  INFO: listener.WebEventListener - Before Finding element: By.xpath: //input[@id='LogisticType']/..
1171809 [main] INFO utilities.listener.WebEventListener  - Before Finding element: By.xpath: //input[@id='LogisticType']/..
1171809 [main] INFO utilities.listener.WebEventListener  - Before Finding element: By.xpath: //input[@id='LogisticType']/..
1171809 [main] INFO utilities.listener.WebEventListener  - Before Finding element: By.xpath: //input[@id='LogisticType']/..
2022-01-31/12:27:21.323  INFO: listener.WebEventListener - Before Finding element: By.xpath: //input[@id='LogisticType']/..
1172353 [main] INFO utilities.listener.WebEventListener  - Before Finding element: By.xpath: //input[@id='LogisticType']/..
1172353 [main] INFO utilities.listener.WebEventListener  - Before Finding element: By.xpath: //input[@id='LogisticType']/..
1172353 [main] INFO utilities.listener.WebEventListener  - Before Finding element: By.xpath: //input[@id='LogisticType']/..
2022-01-31/12:27:21.866  INFO: listener.WebEventListener - Before Finding element: By.xpath: //input[@id='LogisticType']/..
1172896 [main] INFO utilities.listener.WebEventListener  - Before Finding element: By.xpath: //input[@id='LogisticType']/..
1172896 [main] INFO utilities.listener.WebEventListener  - Before Finding element: By.xpath: //input[@id='LogisticType']/..
1172896 [main] INFO utilities.listener.WebEventListener  - Before Finding element: By.xpath: //input[@id='LogisticType']/..
2022-01-31/12:27:22.410  INFO: listener.WebEventListener - Before Finding element: By.xpath: //input[@id='LogisticType']/..
1173440 [main] INFO utilities.listener.WebEventListener  - Before Finding element: By.xpath: //input[@id='LogisticType']/..
1173440 [main] INFO utilities.listener.WebEventListener  - Before Finding element: By.xpath: //input[@id='LogisticType']/..
1173440 [main] INFO utilities.listener.WebEventListener  - Before Finding element: By.xpath: //input[@id='LogisticType']/..
2022-01-31/12:27:22.953  INFO: listener.WebEventListener - Before Finding element: By.xpath: //input[@id='LogisticType']/..
1173983 [main] INFO utilities.listener.WebEventListener  - Before Finding element: By.xpath: //input[@id='LogisticType']/..
1173983 [main] INFO utilities.listener.WebEventListener  - Before Finding element: By.xpath: //input[@id='LogisticType']/..
1173983 [main] INFO utilities.listener.WebEventListener  - Before Finding element: By.xpath: //input[@id='LogisticType']/..
2022-01-31/12:27:23.498  INFO: listener.WebEventListener - Before Finding element: By.xpath: //input[@id='LogisticType']/..
1174528 [main] INFO utilities.listener.WebEventListener  - Before Finding element: By.xpath: //input[@id='LogisticType']/..
1174528 [main] INFO utilities.listener.WebEventListener  - Before Finding element: By.xpath: //input[@id='LogisticType']/..
1174528 [main] INFO utilities.listener.WebEventListener  - Before Finding element: By.xpath: //input[@id='LogisticType']/..
2022-01-31/12:27:24.044  INFO: listener.WebEventListener - Before Finding element: By.xpath: //input[@id='LogisticType']/..
1175074 [main] INFO utilities.listener.WebEventListener  - Before Finding element: By.xpath: //input[@id='LogisticType']/..
1175074 [main] INFO utilities.listener.WebEventListener  - Before Finding element: By.xpath: //input[@id='LogisticType']/..
1175074 [main] INFO utilities.listener.WebEventListener  - Before Finding element: By.xpath: //input[@id='LogisticType']/..
2022-01-31/12:27:24.616  INFO: listener.WebEventListener - Before Finding element: By.xpath: //input[@id='LogisticType']/..
1175646 [main] INFO utilities.listener.WebEventListener  - Before Finding element: By.xpath: //input[@id='LogisticType']/..
1175646 [main] INFO utilities.listener.WebEventListener  - Before Finding element: By.xpath: //input[@id='LogisticType']/..
1175646 [main] INFO utilities.listener.WebEventListener  - Before Finding element: By.xpath: //input[@id='LogisticType']/..
2022-01-31/12:27:25.162  INFO: listener.WebEventListener - Before Finding element: By.xpath: //input[@id='LogisticType']/..
1176192 [main] INFO utilities.listener.WebEventListener  - Before Finding element: By.xpath: //input[@id='LogisticType']/..
1176192 [main] INFO utilities.listener.WebEventListener  - Before Finding element: By.xpath: //input[@id='LogisticType']/..
1176192 [main] INFO utilities.listener.WebEventListener  - Before Finding element: By.xpath: //input[@id='LogisticType']/..
2022-01-31/12:27:25.706  INFO: listener.WebEventListener - Before Finding element: By.xpath: //input[@id='LogisticType']/..
1176736 [main] INFO utilities.listener.WebEventListener  - Before Finding element: By.xpath: //input[@id='LogisticType']/..
1176736 [main] INFO utilities.listener.WebEventListener  - Before Finding element: By.xpath: //input[@id='LogisticType']/..
1176736 [main] INFO utilities.listener.WebEventListener  - Before Finding element: By.xpath: //input[@id='LogisticType']/..
2022-01-31/12:27:26.249  INFO: listener.WebEventListener - Before Finding element: By.xpath: //input[@id='LogisticType']/..
1177279 [main] INFO utilities.listener.WebEventListener  - Before Finding element: By.xpath: //input[@id='LogisticType']/..
1177279 [main] INFO utilities.listener.WebEventListener  - Before Finding element: By.xpath: //input[@id='LogisticType']/..
1177279 [main] INFO utilities.listener.WebEventListener  - Before Finding element: By.xpath: //input[@id='LogisticType']/..
2022-01-31/12:27:26.792  INFO: listener.WebEventListener - Before Finding element: By.xpath: //input[@id='LogisticType']/..
1177822 [main] INFO utilities.listener.WebEventListener  - Before Finding element: By.xpath: //input[@id='LogisticType']/..
1177822 [main] INFO utilities.listener.WebEventListener  - Before Finding element: By.xpath: //input[@id='LogisticType']/..
1177822 [main] INFO utilities.listener.WebEventListener  - Before Finding element: By.xpath: //input[@id='LogisticType']/..
2022-01-31/12:27:27.355  INFO: listener.WebEventListener - Before Finding element: By.xpath: //input[@id='LogisticType']/..
1178385 [main] INFO utilities.listener.WebEventListener  - Before Finding element: By.xpath: //input[@id='LogisticType']/..
1178385 [main] INFO utilities.listener.WebEventListener  - Before Finding element: By.xpath: //input[@id='LogisticType']/..
1178385 [main] INFO utilities.listener.WebEventListener  - Before Finding element: By.xpath: //input[@id='LogisticType']/..
2022-01-31/12:27:27.899  INFO: listener.WebEventListener - Before Finding element: By.xpath: //input[@id='LogisticType']/..
1178929 [main] INFO utilities.listener.WebEventListener  - Before Finding element: By.xpath: //input[@id='LogisticType']/..
1178929 [main] INFO utilities.listener.WebEventListener  - Before Finding element: By.xpath: //input[@id='LogisticType']/..
1178929 [main] INFO utilities.listener.WebEventListener  - Before Finding element: By.xpath: //input[@id='LogisticType']/..
2022-01-31/12:27:28.459  INFO: listener.WebEventListener - Before Finding element: By.xpath: //input[@id='LogisticType']/..
1179489 [main] INFO utilities.listener.WebEventListener  - Before Finding element: By.xpath: //input[@id='LogisticType']/..
1179489 [main] INFO utilities.listener.WebEventListener  - Before Finding element: By.xpath: //input[@id='LogisticType']/..
1179489 [main] INFO utilities.listener.WebEventListener  - Before Finding element: By.xpath: //input[@id='LogisticType']/..
2022-01-31/12:27:29.037  INFO: listener.WebEventListener - Before Finding element: By.xpath: //input[@id='LogisticType']/..
1180067 [main] INFO utilities.listener.WebEventListener  - Before Finding element: By.xpath: //input[@id='LogisticType']/..
1180067 [main] INFO utilities.listener.WebEventListener  - Before Finding element: By.xpath: //input[@id='LogisticType']/..
1180067 [main] INFO utilities.listener.WebEventListener  - Before Finding element: By.xpath: //input[@id='LogisticType']/..
2022-01-31/12:27:29.583  INFO: listener.WebEventListener - Before Finding element: By.xpath: //input[@id='LogisticType']/..
1180613 [main] INFO utilities.listener.WebEventListener  - Before Finding element: By.xpath: //input[@id='LogisticType']/..
1180613 [main] INFO utilities.listener.WebEventListener  - Before Finding element: By.xpath: //input[@id='LogisticType']/..
1180613 [main] INFO utilities.listener.WebEventListener  - Before Finding element: By.xpath: //input[@id='LogisticType']/..
2022-01-31/12:27:30.130  INFO: listener.WebEventListener - Before Finding element: By.xpath: //input[@id='LogisticType']/..
1181160 [main] INFO utilities.listener.WebEventListener  - Before Finding element: By.xpath: //input[@id='LogisticType']/..
1181160 [main] INFO utilities.listener.WebEventListener  - Before Finding element: By.xpath: //input[@id='LogisticType']/..
1181160 [main] INFO utilities.listener.WebEventListener  - Before Finding element: By.xpath: //input[@id='LogisticType']/..
2022-01-31/12:27:30.675  INFO: listener.WebEventListener - Before Finding element: By.xpath: //input[@id='LogisticType']/..
1181705 [main] INFO utilities.listener.WebEventListener  - Before Finding element: By.xpath: //input[@id='LogisticType']/..
1181705 [main] INFO utilities.listener.WebEventListener  - Before Finding element: By.xpath: //input[@id='LogisticType']/..
1181705 [main] INFO utilities.listener.WebEventListener  - Before Finding element: By.xpath: //input[@id='LogisticType']/..
2022-01-31/12:27:31.221  INFO: listener.WebEventListener - Before Finding element: By.xpath: //input[@id='LogisticType']/..
1182251 [main] INFO utilities.listener.WebEventListener  - Before Finding element: By.xpath: //input[@id='LogisticType']/..
1182251 [main] INFO utilities.listener.WebEventListener  - Before Finding element: By.xpath: //input[@id='LogisticType']/..
1182251 [main] INFO utilities.listener.WebEventListener  - Before Finding element: By.xpath: //input[@id='LogisticType']/..
2022-01-31/12:27:31.767  INFO: listener.WebEventListener - Before Finding element: By.xpath: //input[@id='LogisticType']/..
1182797 [main] INFO utilities.listener.WebEventListener  - Before Finding element: By.xpath: //input[@id='LogisticType']/..
1182797 [main] INFO utilities.listener.WebEventListener  - Before Finding element: By.xpath: //input[@id='LogisticType']/..
1182797 [main] INFO utilities.listener.WebEventListener  - Before Finding element: By.xpath: //input[@id='LogisticType']/..
2022-01-31/12:27:32.342  INFO: listener.WebEventListener - Before Finding element: By.xpath: //input[@id='LogisticType']/..
1183372 [main] INFO utilities.listener.WebEventListener  - Before Finding element: By.xpath: //input[@id='LogisticType']/..
1183372 [main] INFO utilities.listener.WebEventListener  - Before Finding element: By.xpath: //input[@id='LogisticType']/..
1183372 [main] INFO utilities.listener.WebEventListener  - Before Finding element: By.xpath: //input[@id='LogisticType']/..
2022-01-31/12:27:32.901  INFO: listener.WebEventListener - Before Finding element: By.xpath: //input[@id='LogisticType']/..
1183931 [main] INFO utilities.listener.WebEventListener  - Before Finding element: By.xpath: //input[@id='LogisticType']/..
1183931 [main] INFO utilities.listener.WebEventListener  - Before Finding element: By.xpath: //input[@id='LogisticType']/..
1183931 [main] INFO utilities.listener.WebEventListener  - Before Finding element: By.xpath: //input[@id='LogisticType']/..
2022-01-31/12:27:33.442  INFO: listener.WebEventListener - Before Finding element: By.xpath: //input[@id='LogisticType']/..
1184472 [main] INFO utilities.listener.WebEventListener  - Before Finding element: By.xpath: //input[@id='LogisticType']/..
1184472 [main] INFO utilities.listener.WebEventListener  - Before Finding element: By.xpath: //input[@id='LogisticType']/..
1184472 [main] INFO utilities.listener.WebEventListener  - Before Finding element: By.xpath: //input[@id='LogisticType']/..
2022-01-31/12:27:33.987  INFO: listener.WebEventListener - Before Finding element: By.xpath: //input[@id='LogisticType']/..
1185017 [main] INFO utilities.listener.WebEventListener  - Before Finding element: By.xpath: //input[@id='LogisticType']/..
1185017 [main] INFO utilities.listener.WebEventListener  - Before Finding element: By.xpath: //input[@id='LogisticType']/..
1185017 [main] INFO utilities.listener.WebEventListener  - Before Finding element: By.xpath: //input[@id='LogisticType']/..
2022-01-31/12:27:34.533  INFO: listener.WebEventListener - Before Finding element: By.xpath: //input[@id='LogisticType']/..
1185563 [main] INFO utilities.listener.WebEventListener  - Before Finding element: By.xpath: //input[@id='LogisticType']/..
1185563 [main] INFO utilities.listener.WebEventListener  - Before Finding element: By.xpath: //input[@id='LogisticType']/..
1185563 [main] INFO utilities.listener.WebEventListener  - Before Finding element: By.xpath: //input[@id='LogisticType']/..
2022-01-31/12:27:35.075  INFO: listener.WebEventListener - Before Finding element: By.xpath: //input[@id='LogisticType']/..
1186105 [main] INFO utilities.listener.WebEventListener  - Before Finding element: By.xpath: //input[@id='LogisticType']/..
1186105 [main] INFO utilities.listener.WebEventListener  - Before Finding element: By.xpath: //input[@id='LogisticType']/..
1186105 [main] INFO utilities.listener.WebEventListener  - Before Finding element: By.xpath: //input[@id='LogisticType']/..
2022-01-31/12:27:35.618  INFO: listener.WebEventListener - Before Finding element: By.xpath: //input[@id='LogisticType']/..
1186648 [main] INFO utilities.listener.WebEventListener  - Before Finding element: By.xpath: //input[@id='LogisticType']/..
1186648 [main] INFO utilities.listener.WebEventListener  - Before Finding element: By.xpath: //input[@id='LogisticType']/..
1186648 [main] INFO utilities.listener.WebEventListener  - Before Finding element: By.xpath: //input[@id='LogisticType']/..
2022-01-31/12:27:35.660  INFO: listener.WebEventListener - Before Finding element: By.xpath: //input[@id='LogisticType']/..
1186690 [main] INFO utilities.listener.WebEventListener  - Before Finding element: By.xpath: //input[@id='LogisticType']/..
1186690 [main] INFO utilities.listener.WebEventListener  - Before Finding element: By.xpath: //input[@id='LogisticType']/..
1186690 [main] INFO utilities.listener.WebEventListener  - Before Finding element: By.xpath: //input[@id='LogisticType']/..
]]></system-out>
  </testcase>
</testsuite>