<?xml version="1.0" encoding="UTF-8"?>
<testng-results ignored="2" total="6" passed="4" failed="0" skipped="0">
  <reporter-output>
  </reporter-output>
  <suite started-at="2021-03-23T18:59:12 IST" name="Valid Login Scenario" finished-at="2021-03-23T19:02:31 IST" duration-ms="198874">
    <groups>
    </groups>
    <test started-at="2021-03-23T18:59:12 IST" name="Check login and logout successfully" finished-at="2021-03-23T18:59:40 IST" duration-ms="28008">
      <class name="pages.LoginPageTest">
        <test-method is-config="true" signature="waitForLoad()[pri:0, instance:pages.LoginPageTest@68577ba8]" started-at="2021-03-23T18:59:12 IST" name="waitForLoad" finished-at="2021-03-23T18:59:12 IST" duration-ms="3" status="PASS">
          <reporter-output>
          </reporter-output>
        </test-method> <!-- waitForLoad -->
        <test-method signature="signIn(java.util.Map)[pri:0, instance:pages.LoginPageTest@68577ba8]" started-at="2021-03-23T18:59:16 IST" name="signIn" data-provider="ValidLogin" finished-at="2021-03-23T18:59:38 IST" duration-ms="22193" status="PASS">
          <params>
            <param index="0">
              <value>
                <![CDATA[{Status=, Message=, Password=Nasreen@123, UserName=Nasreen.khan@ram.co.za}]]>
              </value>
            </param>
          </params>
          <reporter-output>
          </reporter-output>
        </test-method> <!-- signIn -->
      </class> <!-- pages.LoginPageTest -->
    </test> <!-- Check login and logout successfully -->
    <test started-at="2021-03-23T18:59:41 IST" name="Test Consignment" finished-at="2021-03-23T19:02:31 IST" duration-ms="170666">
      <class name="pages.TestPageConsinment">
        <test-method is-config="true" signature="setUp()[pri:0, instance:pages.TestPageConsinment@4f3e7344]" started-at="2021-03-23T18:58:51 IST" name="setUp" finished-at="2021-03-23T18:59:12 IST" duration-ms="21187" status="PASS">
          <reporter-output>
          </reporter-output>
        </test-method> <!-- setUp -->
        <test-method is-config="true" signature="waitForLoad()[pri:0, instance:pages.TestPageConsinment@4f3e7344]" started-at="2021-03-23T18:59:41 IST" name="waitForLoad" finished-at="2021-03-23T18:59:41 IST" duration-ms="3" status="PASS">
          <reporter-output>
          </reporter-output>
        </test-method> <!-- waitForLoad -->
        <test-method signature="clickOnConsignment()[pri:0, instance:pages.TestPageConsinment@4f3e7344]" started-at="2021-03-23T18:59:41 IST" name="clickOnConsignment" finished-at="2021-03-23T19:00:12 IST" duration-ms="31638" status="PASS">
          <reporter-output>
          </reporter-output>
        </test-method> <!-- clickOnConsignment -->
        <test-method signature="clickOnAccordian()[pri:0, instance:pages.TestPageConsinment@4f3e7344]" started-at="2021-03-23T19:00:13 IST" name="clickOnAccordian" finished-at="2021-03-23T19:00:19 IST" duration-ms="5833" status="PASS">
          <reporter-output>
          </reporter-output>
        </test-method> <!-- clickOnAccordian -->
        <test-method signature="doStarted(java.util.Map)[pri:0, instance:pages.TestPageConsinment@4f3e7344]" started-at="2021-03-23T19:00:21 IST" name="doStarted" data-provider="consignment" finished-at="2021-03-23T19:02:31 IST" duration-ms="130025" status="PASS">
          <params>
            <param index="0">
              <value>
                <![CDATA[{SecurityPack=SP12345678, ValueForCarrige=456, ReceiverName=A, BilledTo=SAGO44, ValidShipperReference=eeeeeee, InvalidShipperReference=wwww, ReceiverName2=Automation, SenderName=GAMMATEK, NumberOfParcel=1, ConsignmentID=UAT42092218, InvalidSenderName=New, ValidSenderName=SCOIN}]]>
              </value>
            </param>
          </params>
          <reporter-output>
          </reporter-output>
        </test-method> <!-- doStarted -->
        <test-method is-config="true" signature="tearBrowser()[pri:0, instance:pages.TestPageConsinment@4f3e7344]" started-at="2021-03-23T19:02:31 IST" name="tearBrowser" finished-at="2021-03-23T19:02:37 IST" duration-ms="5331" status="PASS">
          <reporter-output>
          </reporter-output>
        </test-method> <!-- tearBrowser -->
      </class> <!-- pages.TestPageConsinment -->
    </test> <!-- Test Consignment -->
  </suite> <!-- Valid Login Scenario -->
  <suite started-at="2021-03-23T19:02:37 IST" name="CCS Functional and Regression Testing" finished-at="2021-03-23T19:02:37 IST" duration-ms="0">
    <groups>
    </groups>
  </suite> <!-- CCS Functional and Regression Testing -->
</testng-results>
