-------------------------------------------------------------------------------
Test set: TestSuite
-------------------------------------------------------------------------------
Tests run: 10, Failures: 5, Errors: 0, Skipped: 0, Time elapsed: 797.681 s <<< FAILURE! - in TestSuite
pages.TestPageConsinment.verifyValueStepperIsNotPresentOnSelectionOfDoc  Time elapsed: 15.91 s  <<< FAILURE!
org.openqa.selenium.ElementClickInterceptedException: 
element click intercepted: Element <div class="v-menu v-menu--inline">...</div> is not clickable at point (1063, 28). Other element would receive the click: <div class="v-overlay v-overlay--active" style="z-index: 201;"></div>
  (Session info: headless chrome=89.0.4389.90)
Build info: version: '3.141.59', revision: 'e82be7d358', time: '2018-11-14T08:17:03'
System info: host: 'WJLP-1098', ip: '192.168.65.1', os.name: 'Windows 10', os.arch: 'amd64', os.version: '10.0', java.version: '11.0.7'
Driver info: org.openqa.selenium.chrome.ChromeDriver
Capabilities {acceptInsecureCerts: false, browserName: chrome, browserVersion: 89.0.4389.90, chrome: {chromedriverVersion: 89.0.4389.23 (61b08ee2c5002..., userDataDir: C:\Users\nasreenk\AppData\L...}, goog:chromeOptions: {debuggerAddress: localhost:53748}, javascriptEnabled: true, networkConnectionEnabled: false, pageLoadStrategy: none, platform: WINDOWS, platformName: WINDOWS, proxy: Proxy(), setWindowRect: true, strictFileInteractability: false, timeouts: {implicit: 0, pageLoad: 300000, script: 30000}, unhandledPromptBehavior: dismiss and notify, webauthn:extension:largeBlob: true, webauthn:virtualAuthenticators: true}
Session ID: 4fac41a26d96408ad66db42786186454
	at pages.TestPageConsinment.verifyValueStepperIsNotPresentOnSelectionOfDoc(TestPageConsinment.java:64)

pages.TestPageConsignmentInbound.clickOnConsignment  Time elapsed: 150.276 s  <<< FAILURE!
org.openqa.selenium.TimeoutException: Expected condition failed: waiting for element to be clickable: Proxy element for: AjaxElementLocator 'By.xpath: //div[@class='flex xs1 md1']' (tried for 60 second(s) with 500 milliseconds interval)
	at pages.TestPageConsignmentInbound.clickOnConsignment(TestPageConsignmentInbound.java:26)
Caused by: org.openqa.selenium.NoSuchElementException: Timed out after 60 seconds. Unable to locate the element
	at pages.TestPageConsignmentInbound.clickOnConsignment(TestPageConsignmentInbound.java:26)
Caused by: org.openqa.selenium.NoSuchElementException: 
no such element: Unable to locate element: {"method":"xpath","selector":"//div[@class='flex xs1 md1']"}
  (Session info: headless chrome=89.0.4389.90)
For documentation on this error, please visit: https://www.seleniumhq.org/exceptions/no_such_element.html
Build info: version: '3.141.59', revision: 'e82be7d358', time: '2018-11-14T08:17:03'
System info: host: 'WJLP-1098', ip: '192.168.65.1', os.name: 'Windows 10', os.arch: 'amd64', os.version: '10.0', java.version: '11.0.7'
Driver info: org.openqa.selenium.chrome.ChromeDriver
Capabilities {acceptInsecureCerts: false, browserName: chrome, browserVersion: 89.0.4389.90, chrome: {chromedriverVersion: 89.0.4389.23 (61b08ee2c5002..., userDataDir: C:\Users\nasreenk\AppData\L...}, goog:chromeOptions: {debuggerAddress: localhost:53878}, javascriptEnabled: true, networkConnectionEnabled: false, pageLoadStrategy: none, platform: WINDOWS, platformName: WINDOWS, proxy: Proxy(), setWindowRect: true, strictFileInteractability: false, timeouts: {implicit: 0, pageLoad: 300000, script: 30000}, unhandledPromptBehavior: dismiss and notify, webauthn:extension:largeBlob: true, webauthn:virtualAuthenticators: true}
Session ID: 2c385f64303c21b7fc3507e4f9935a94
*** Element info: {Using=xpath, value=//div[@class='flex xs1 md1']}
	at pages.TestPageConsignmentInbound.clickOnConsignment(TestPageConsignmentInbound.java:26)

pages.TestPageConsignmentInbound.clickOnAccordian  Time elapsed: 141.321 s  <<< FAILURE!
org.openqa.selenium.TimeoutException: Expected condition failed: waiting for element to be clickable: Proxy element for: AjaxElementLocator 'By.cssSelector: .v-expansion-panel__container:nth-child(5) .panel-header' (tried for 60 second(s) with 500 milliseconds interval)
	at pages.TestPageConsignmentInbound.clickOnAccordian(TestPageConsignmentInbound.java:43)
Caused by: org.openqa.selenium.NoSuchElementException: Timed out after 60 seconds. Unable to locate the element
	at pages.TestPageConsignmentInbound.clickOnAccordian(TestPageConsignmentInbound.java:43)
Caused by: org.openqa.selenium.NoSuchElementException: 
no such element: Unable to locate element: {"method":"css selector","selector":".v-expansion-panel__container:nth-child(5) .panel-header"}
  (Session info: headless chrome=89.0.4389.90)
For documentation on this error, please visit: https://www.seleniumhq.org/exceptions/no_such_element.html
Build info: version: '3.141.59', revision: 'e82be7d358', time: '2018-11-14T08:17:03'
System info: host: 'WJLP-1098', ip: '192.168.65.1', os.name: 'Windows 10', os.arch: 'amd64', os.version: '10.0', java.version: '11.0.7'
Driver info: org.openqa.selenium.chrome.ChromeDriver
Capabilities {acceptInsecureCerts: false, browserName: chrome, browserVersion: 89.0.4389.90, chrome: {chromedriverVersion: 89.0.4389.23 (61b08ee2c5002..., userDataDir: C:\Users\nasreenk\AppData\L...}, goog:chromeOptions: {debuggerAddress: localhost:53878}, javascriptEnabled: true, networkConnectionEnabled: false, pageLoadStrategy: none, platform: WINDOWS, platformName: WINDOWS, proxy: Proxy(), setWindowRect: true, strictFileInteractability: false, timeouts: {implicit: 0, pageLoad: 300000, script: 30000}, unhandledPromptBehavior: dismiss and notify, webauthn:extension:largeBlob: true, webauthn:virtualAuthenticators: true}
Session ID: 2c385f64303c21b7fc3507e4f9935a94
*** Element info: {Using=css selector, value=.v-expansion-panel__container:nth-child(5) .panel-header}
	at pages.TestPageConsignmentInbound.clickOnAccordian(TestPageConsignmentInbound.java:43)

pages.TestPageConsignmentInbound.consignmentInboundEmailAndSave  Time elapsed: 120.548 s  <<< FAILURE!
org.openqa.selenium.TimeoutException: Expected condition failed: waiting for visibility of Proxy element for: AjaxElementLocator 'By.xpath: //input[@id='ConsignmentID']' (tried for 60 second(s) with 500 milliseconds interval)
	at pages.TestPageConsignmentInbound.consignmentInboundEmailAndSave(TestPageConsignmentInbound.java:55)
Caused by: org.openqa.selenium.NoSuchElementException: Timed out after 60 seconds. Unable to locate the element
	at pages.TestPageConsignmentInbound.consignmentInboundEmailAndSave(TestPageConsignmentInbound.java:55)
Caused by: org.openqa.selenium.NoSuchElementException: 
no such element: Unable to locate element: {"method":"xpath","selector":"//input[@id='ConsignmentID']"}
  (Session info: headless chrome=89.0.4389.90)
For documentation on this error, please visit: https://www.seleniumhq.org/exceptions/no_such_element.html
Build info: version: '3.141.59', revision: 'e82be7d358', time: '2018-11-14T08:17:03'
System info: host: 'WJLP-1098', ip: '192.168.65.1', os.name: 'Windows 10', os.arch: 'amd64', os.version: '10.0', java.version: '11.0.7'
Driver info: org.openqa.selenium.chrome.ChromeDriver
Capabilities {acceptInsecureCerts: false, browserName: chrome, browserVersion: 89.0.4389.90, chrome: {chromedriverVersion: 89.0.4389.23 (61b08ee2c5002..., userDataDir: C:\Users\nasreenk\AppData\L...}, goog:chromeOptions: {debuggerAddress: localhost:53878}, javascriptEnabled: true, networkConnectionEnabled: false, pageLoadStrategy: none, platform: WINDOWS, platformName: WINDOWS, proxy: Proxy(), setWindowRect: true, strictFileInteractability: false, timeouts: {implicit: 0, pageLoad: 300000, script: 30000}, unhandledPromptBehavior: dismiss and notify, webauthn:extension:largeBlob: true, webauthn:virtualAuthenticators: true}
Session ID: 2c385f64303c21b7fc3507e4f9935a94
*** Element info: {Using=xpath, value=//input[@id='ConsignmentID']}
	at pages.TestPageConsignmentInbound.consignmentInboundEmailAndSave(TestPageConsignmentInbound.java:55)

pages.TestPageConsignmentInbound.consignmentInboundSave  Time elapsed: 120.617 s  <<< FAILURE!
org.openqa.selenium.TimeoutException: Expected condition failed: waiting for visibility of Proxy element for: AjaxElementLocator 'By.xpath: //input[@id='ConsignmentID']' (tried for 60 second(s) with 500 milliseconds interval)
	at pages.TestPageConsignmentInbound.consignmentInboundSave(TestPageConsignmentInbound.java:232)
Caused by: org.openqa.selenium.NoSuchElementException: Timed out after 60 seconds. Unable to locate the element
	at pages.TestPageConsignmentInbound.consignmentInboundSave(TestPageConsignmentInbound.java:232)
Caused by: org.openqa.selenium.NoSuchElementException: 
no such element: Unable to locate element: {"method":"xpath","selector":"//input[@id='ConsignmentID']"}
  (Session info: headless chrome=89.0.4389.90)
For documentation on this error, please visit: https://www.seleniumhq.org/exceptions/no_such_element.html
Build info: version: '3.141.59', revision: 'e82be7d358', time: '2018-11-14T08:17:03'
System info: host: 'WJLP-1098', ip: '192.168.65.1', os.name: 'Windows 10', os.arch: 'amd64', os.version: '10.0', java.version: '11.0.7'
Driver info: org.openqa.selenium.chrome.ChromeDriver
Capabilities {acceptInsecureCerts: false, browserName: chrome, browserVersion: 89.0.4389.90, chrome: {chromedriverVersion: 89.0.4389.23 (61b08ee2c5002..., userDataDir: C:\Users\nasreenk\AppData\L...}, goog:chromeOptions: {debuggerAddress: localhost:53878}, javascriptEnabled: true, networkConnectionEnabled: false, pageLoadStrategy: none, platform: WINDOWS, platformName: WINDOWS, proxy: Proxy(), setWindowRect: true, strictFileInteractability: false, timeouts: {implicit: 0, pageLoad: 300000, script: 30000}, unhandledPromptBehavior: dismiss and notify, webauthn:extension:largeBlob: true, webauthn:virtualAuthenticators: true}
Session ID: 2c385f64303c21b7fc3507e4f9935a94
*** Element info: {Using=xpath, value=//input[@id='ConsignmentID']}
	at pages.TestPageConsignmentInbound.consignmentInboundSave(TestPageConsignmentInbound.java:232)

