<?xml version="1.0" encoding="UTF-8"?>
<testsuite xmlns:xsi="http://www.w3.org/2001/XMLSchema-instance" xsi:noNamespaceSchemaLocation="https://maven.apache.org/surefire/maven-surefire-plugin/xsd/surefire-test-report-3.0.xsd" version="3.0" name="TestSuite" time="559.278" tests="5" errors="0" skipped="0" failures="0">
  <properties>
[...]
</properties>
  <testcase name="signIn" classname="pages.LoginPageTest" time="22.439"/>
  <testcase name="clickOnConsignment" classname="pages.TestPageConsignmentInbound" time="31.239"/>
  <testcase name="clickOnAccordian" classname="pages.TestPageConsignmentInbound" time="22.422"/>
  <testcase name="consignmentInboundEmailAndSave" classname="pages.TestPageConsignmentInbound" time="246.792"/>
  <testcase name="consignmentInboundSave" classname="pages.TestPageConsignmentInbound" time="171.864"/>
</testsuite>