<?xml version="1.0" encoding="UTF-8"?>
<testng-results ignored="0" total="5" passed="5" failed="0" skipped="0">
  <reporter-output>
  </reporter-output>
  <suite started-at="2020-09-01T16:15:51 IST" name="Valid Login Scenario" finished-at="2020-09-01T16:20:48 IST" duration-ms="296956">
    <groups>
    </groups>
    <test started-at="2020-09-01T16:15:51 IST" name="Check login and logout successfully" finished-at="2020-09-01T16:16:03 IST" duration-ms="12434">
      <class name="pages.LoginPageTest">
        <test-method is-config="true" signature="waitForLoad()[pri:0, instance:pages.LoginPageTest@68577ba8]" started-at="2020-09-01T16:15:51 IST" name="waitForLoad" finished-at="2020-09-01T16:15:51 IST" duration-ms="1" status="PASS">
          <reporter-output>
          </reporter-output>
        </test-method> <!-- waitForLoad -->
        <test-method signature="signIn(java.util.Map)[pri:0, instance:pages.LoginPageTest@68577ba8]" started-at="2020-09-01T16:15:58 IST" name="signIn" data-provider="ValidLogin" finished-at="2020-09-01T16:16:00 IST" duration-ms="2908" status="PASS">
          <params>
            <param index="0">
              <value>
                <![CDATA[{Status=, Message=, Password=Surekha@123, UserName=surekha.jadhav@ram.co.za}]]>
              </value>
            </param>
          </params>
          <reporter-output>
          </reporter-output>
        </test-method> <!-- signIn -->
      </class> <!-- pages.LoginPageTest -->
    </test> <!-- Check login and logout successfully -->
    <test started-at="2020-09-01T16:16:03 IST" name="Test Consignment" finished-at="2020-09-01T16:20:48 IST" duration-ms="284374">
      <class name="pages.TestPageConsinment">
        <test-method is-config="true" signature="setUp()[pri:0, instance:pages.TestPageConsinment@33d53216]" started-at="2020-09-01T16:15:14 IST" name="setUp" finished-at="2020-09-01T16:15:51 IST" duration-ms="36992" status="PASS">
          <reporter-output>
          </reporter-output>
        </test-method> <!-- setUp -->
        <test-method is-config="true" signature="waitForLoad()[pri:0, instance:pages.TestPageConsinment@33d53216]" started-at="2020-09-01T16:16:03 IST" name="waitForLoad" finished-at="2020-09-01T16:16:03 IST" duration-ms="1" status="PASS">
          <reporter-output>
          </reporter-output>
        </test-method> <!-- waitForLoad -->
        <test-method signature="clickOnConsignment()[pri:0, instance:pages.TestPageConsinment@33d53216]" started-at="2020-09-01T16:16:03 IST" name="clickOnConsignment" finished-at="2020-09-01T16:16:25 IST" duration-ms="21756" status="PASS">
          <reporter-output>
          </reporter-output>
        </test-method> <!-- clickOnConsignment -->
        <test-method signature="clickOnAccordian()[pri:0, instance:pages.TestPageConsinment@33d53216]" started-at="2020-09-01T16:16:26 IST" name="clickOnAccordian" finished-at="2020-09-01T16:16:50 IST" duration-ms="23889" status="PASS">
          <reporter-output>
          </reporter-output>
        </test-method> <!-- clickOnAccordian -->
        <test-method signature="doStarted(java.util.Map)[pri:0, instance:pages.TestPageConsinment@33d53216]" started-at="2020-09-01T16:16:52 IST" name="doStarted" data-provider="consignment" finished-at="2020-09-01T16:18:53 IST" duration-ms="120962" status="PASS">
          <params>
            <param index="0">
              <value>
                <![CDATA[{SecurityPack=SP12345678, ValueForCarrige=123, ReceiverName=S, BilledTo=CELW01, ValidShipperReference=qqqqqqq, InvalidShipperReference=aaaaaa, ReceiverName2=Surekha, SenderName=Cell, NumberOfParcel=1, ConsignmentID=UAT42092143}]]>
              </value>
            </param>
          </params>
          <reporter-output>
          </reporter-output>
        </test-method> <!-- doStarted -->
        <test-method signature="doStarted(java.util.Map)[pri:0, instance:pages.TestPageConsinment@33d53216]" started-at="2020-09-01T16:18:53 IST" name="doStarted" data-provider="consignment" finished-at="2020-09-01T16:20:47 IST" duration-ms="113728" status="PASS">
          <params>
            <param index="0">
              <value>
                <![CDATA[{SecurityPack=SP12345678, ValueForCarrige=456, ReceiverName=A, BilledTo=CELW01, ValidShipperReference=eeeeeee, InvalidShipperReference=wwww, ReceiverName2=Anand, SenderName=Cell, NumberOfParcel=1, ConsignmentID=UAT42092144}]]>
              </value>
            </param>
          </params>
          <reporter-output>
          </reporter-output>
        </test-method> <!-- doStarted -->
        <test-method is-config="true" signature="tearBrowser()[pri:0, instance:pages.TestPageConsinment@33d53216]" started-at="2020-09-01T16:20:48 IST" name="tearBrowser" finished-at="2020-09-01T16:20:51 IST" duration-ms="3894" status="PASS">
          <reporter-output>
          </reporter-output>
        </test-method> <!-- tearBrowser -->
      </class> <!-- pages.TestPageConsinment -->
    </test> <!-- Test Consignment -->
  </suite> <!-- Valid Login Scenario -->
  <suite started-at="2020-09-01T16:20:52 IST" name="CCS Functional and Regression Testing" finished-at="2020-09-01T16:20:52 IST" duration-ms="0">
    <groups>
    </groups>
  </suite> <!-- CCS Functional and Regression Testing -->
</testng-results>
