<?xml version="1.0" encoding="UTF-8"?>
<testng-results ignored="4" total="9" passed="5" failed="0" skipped="0">
  <reporter-output>
  </reporter-output>
  <suite started-at="2023-08-11T15:56:13 IST" name="App.RAM Functional and Regression Testing" finished-at="2023-08-11T15:56:13 IST" duration-ms="0">
    <groups>
    </groups>
  </suite> <!-- App.RAM Functional and Regression Testing -->
  <suite started-at="2023-08-11T15:49:00 IST" name="Valid Login Scenario" finished-at="2023-08-11T15:56:09 IST" duration-ms="428256">
    <groups>
    </groups>
    <test started-at="2023-08-11T15:49:00 IST" name="Check login and logout successfully" finished-at="2023-08-11T15:50:09 IST" duration-ms="68726">
      <class name="pages.LoginPageTest">
        <test-method is-config="true" signature="waitForLoad()[pri:0, instance:pages.LoginPageTest@249e0271]" started-at="2023-08-11T15:49:00 IST" name="waitForLoad" finished-at="2023-08-11T15:49:00 IST" duration-ms="0" status="PASS">
          <reporter-output>
          </reporter-output>
        </test-method> <!-- waitForLoad -->
        <test-method signature="signIn(java.util.Map)[pri:0, instance:pages.LoginPageTest@249e0271]" started-at="2023-08-11T15:49:02 IST" name="signIn" data-provider="ValidLogin" finished-at="2023-08-11T15:50:08 IST" duration-ms="66225" status="PASS">
          <params>
            <param index="0">
              <value>
                <![CDATA[{Status=, Message=, Password=F@razbeta123, UserName=Nasreenk@winjit.com}]]>
              </value>
            </param>
          </params>
          <reporter-output>
          </reporter-output>
        </test-method> <!-- signIn -->
      </class> <!-- pages.LoginPageTest -->
    </test> <!-- Check login and logout successfully -->
    <test started-at="2023-08-11T15:50:09 IST" name="Test Consignment" finished-at="2023-08-11T15:56:09 IST" duration-ms="359406">
      <class name="pages.TestPageConsinment">
        <test-method is-config="true" signature="setUp()[pri:0, instance:pages.TestPageConsinment@2bebb74f]" started-at="2023-08-11T15:48:47 IST" name="setUp" finished-at="2023-08-11T15:49:00 IST" duration-ms="13714" status="PASS">
          <reporter-output>
          </reporter-output>
        </test-method> <!-- setUp -->
        <test-method is-config="true" signature="waitForLoad()[pri:0, instance:pages.TestPageConsinment@2bebb74f]" started-at="2023-08-11T15:50:09 IST" name="waitForLoad" finished-at="2023-08-11T15:50:09 IST" duration-ms="0" status="PASS">
          <reporter-output>
          </reporter-output>
        </test-method> <!-- waitForLoad -->
        <test-method signature="clickOnConsignment()[pri:0, instance:pages.TestPageConsinment@2bebb74f]" started-at="2023-08-11T15:50:09 IST" name="clickOnConsignment" finished-at="2023-08-11T15:50:40 IST" duration-ms="30608" status="PASS">
          <reporter-output>
          </reporter-output>
        </test-method> <!-- clickOnConsignment -->
        <test-method signature="clickOnAccordian()[pri:0, instance:pages.TestPageConsinment@2bebb74f]" started-at="2023-08-11T15:50:40 IST" name="clickOnAccordian" finished-at="2023-08-11T15:50:51 IST" duration-ms="10410" status="PASS">
          <reporter-output>
          </reporter-output>
        </test-method> <!-- clickOnAccordian -->
        <test-method signature="verifyValueStepperIsNotPresentOnSelectionOfDoc()[pri:0, instance:pages.TestPageConsinment@2bebb74f]" started-at="2023-08-11T15:50:51 IST" name="verifyValueStepperIsNotPresentOnSelectionOfDoc" finished-at="2023-08-11T15:53:34 IST" duration-ms="162589" status="PASS">
          <reporter-output>
          </reporter-output>
        </test-method> <!-- verifyValueStepperIsNotPresentOnSelectionOfDoc -->
        <test-method signature="doStarted(java.util.Map)[pri:0, instance:pages.TestPageConsinment@2bebb74f]" started-at="2023-08-11T15:53:35 IST" name="doStarted" data-provider="consignment" finished-at="2023-08-11T15:56:08 IST" duration-ms="153613" status="PASS">
          <params>
            <param index="0">
              <value>
                <![CDATA[{SecurityPackSmall=SSP01234567, ConsignmentID=UAT42092317, InvalidShipperReference=SRF1, Length=60, HeightRMS=52, BilledTo=SAGO44, ValidShipperReference=SRF2, LengthRMS=35, NumberOfParcel=1, SenderName=GAMMATEK, Weight=5.0255, ReceiverName=A, Height=30, BreadthRMS=40, Breadth=50, ValidSenderName=SCOIN, ValueForCarrige=456, SecurityPack=SP12345678, Breadth2=50, Length2=30, Height2=60, Weight2=8.078, InvalidSenderName=New, EditParcelRef01=NA123, KilogramsRMS=0.98, NumberOfParcelDim=1, ReceiverName2=Automation}]]>
              </value>
            </param>
          </params>
          <reporter-output>
          </reporter-output>
        </test-method> <!-- doStarted -->
        <test-method is-config="true" signature="tearBrowser()[pri:0, instance:pages.TestPageConsinment@2bebb74f]" started-at="2023-08-11T15:56:09 IST" name="tearBrowser" finished-at="2023-08-11T15:56:12 IST" duration-ms="3869" status="PASS">
          <reporter-output>
          </reporter-output>
        </test-method> <!-- tearBrowser -->
      </class> <!-- pages.TestPageConsinment -->
    </test> <!-- Test Consignment -->
  </suite> <!-- Valid Login Scenario -->
</testng-results>
