<?xml version="1.0" encoding="UTF-8"?>
<testng-results ignored="0" total="10" passed="10" failed="0" skipped="0">
  <reporter-output>
  </reporter-output>
  <suite started-at="2023-08-04T11:42:46 IST" name="Valid Login Scenario (0)" finished-at="2023-08-04T11:47:37 IST" duration-ms="291373">
    <groups>
    </groups>
    <test started-at="2023-08-04T11:42:46 IST" name="Check login and logout successfully" finished-at="2023-08-04T11:43:27 IST" duration-ms="41372">
      <class name="pages.LoginPageTest">
        <test-method is-config="true" signature="waitForLoad()[pri:0, instance:pages.LoginPageTest@7942a854]" started-at="2023-08-04T11:42:46 IST" name="waitForLoad" finished-at="2023-08-04T11:42:46 IST" duration-ms="0" status="PASS">
          <reporter-output>
          </reporter-output>
        </test-method> <!-- waitForLoad -->
        <test-method signature="signIn(java.util.Map)[pri:0, instance:pages.LoginPageTest@7942a854]" started-at="2023-08-04T11:42:46 IST" name="signIn" data-provider="ValidLogin" finished-at="2023-08-04T11:43:27 IST" duration-ms="41023" status="PASS">
          <params>
            <param index="0">
              <value>
                <![CDATA[{Status=, Message=, Password=F@razbeta123, UserName=Nasreenk@winjit.com}]]>
              </value>
            </param>
          </params>
          <reporter-output>
          </reporter-output>
        </test-method> <!-- signIn -->
      </class> <!-- pages.LoginPageTest -->
    </test> <!-- Check login and logout successfully -->
    <test started-at="2023-08-04T11:43:27 IST" name="Test Consignment ExternalUser assigned SingleBilledTos" finished-at="2023-08-04T11:47:37 IST" duration-ms="249948">
      <class name="pages.TestAutoGenConsignmentIDExtUser">
        <test-method is-config="true" signature="setUp()[pri:0, instance:pages.TestAutoGenConsignmentIDExtUser@144ab54]" started-at="2023-08-04T11:42:37 IST" name="setUp" finished-at="2023-08-04T11:42:46 IST" duration-ms="8464" status="PASS">
          <reporter-output>
          </reporter-output>
        </test-method> <!-- setUp -->
        <test-method is-config="true" signature="waitForLoad()[pri:0, instance:pages.TestAutoGenConsignmentIDExtUser@144ab54]" started-at="2023-08-04T11:43:27 IST" name="waitForLoad" finished-at="2023-08-04T11:43:27 IST" duration-ms="0" status="PASS">
          <reporter-output>
          </reporter-output>
        </test-method> <!-- waitForLoad -->
        <test-method signature="clickOnConsignment()[pri:0, instance:pages.TestAutoGenConsignmentIDExtUser@144ab54]" started-at="2023-08-04T11:43:27 IST" name="clickOnConsignment" finished-at="2023-08-04T11:43:58 IST" duration-ms="30327" status="PASS">
          <reporter-output>
          </reporter-output>
        </test-method> <!-- clickOnConsignment -->
        <test-method signature="clickOnAccordianAndSelectExternalUserCompany()[pri:0, instance:pages.TestAutoGenConsignmentIDExtUser@144ab54]" started-at="2023-08-04T11:43:58 IST" name="clickOnAccordianAndSelectExternalUserCompany" finished-at="2023-08-04T11:44:25 IST" duration-ms="27244" status="PASS">
          <reporter-output>
          </reporter-output>
        </test-method> <!-- clickOnAccordianAndSelectExternalUserCompany -->
        <test-method signature="externalUserAutoGenConsignmentIDOutbound(java.util.Map)[pri:0, instance:pages.TestAutoGenConsignmentIDExtUser@144ab54]" started-at="2023-08-04T11:44:26 IST" name="externalUserAutoGenConsignmentIDOutbound" data-provider="AutoGenOutboundConsignmentID" finished-at="2023-08-04T11:46:20 IST" duration-ms="114388" status="PASS">
          <params>
            <param index="0">
              <value>
                <![CDATA[{ValidShipperReference=VSPIO980, ValueForCarriage=5987, SenderName=RAM, ReceiverName=PTY, SecurityPack=SP12345678, NumberOfParcel=1, SpecialInstruction=Handle with care}]]>
              </value>
            </param>
          </params>
          <reporter-output>
          </reporter-output>
        </test-method> <!-- externalUserAutoGenConsignmentIDOutbound -->
        <test-method signature="externalUserAutoGenConsignmentInbound(java.util.Map)[pri:0, instance:pages.TestAutoGenConsignmentIDExtUser@144ab54]" started-at="2023-08-04T11:46:20 IST" name="externalUserAutoGenConsignmentInbound" data-provider="AutoGenInboundConsignmentID" finished-at="2023-08-04T11:47:37 IST" duration-ms="77086" status="PASS">
          <params>
            <param index="0">
              <value>
                <![CDATA[{ValidShipperReference=SUAT00211, ValueForCarriage=5000, SenderName=RAM, ReceiverName=tel, NumberOfParcel=2, UpdateEmailAddress=Nasreen.khan@ram.co.za, SpecialInstruction=Test External Inbound Consignment }]]>
              </value>
            </param>
          </params>
          <reporter-output>
          </reporter-output>
        </test-method> <!-- externalUserAutoGenConsignmentInbound -->
        <test-method is-config="true" signature="tearBrowser()[pri:0, instance:pages.TestAutoGenConsignmentIDExtUser@144ab54]" started-at="2023-08-04T11:47:37 IST" name="tearBrowser" finished-at="2023-08-04T11:47:41 IST" duration-ms="3624" status="PASS">
          <reporter-output>
          </reporter-output>
        </test-method> <!-- tearBrowser -->
      </class> <!-- pages.TestAutoGenConsignmentIDExtUser -->
    </test> <!-- Test Consignment ExternalUser assigned SingleBilledTos -->
  </suite> <!-- Valid Login Scenario (0) -->
  <suite started-at="2023-08-04T11:47:42 IST" name="App.RAM Functional and Regression Testing" finished-at="2023-08-04T11:47:42 IST" duration-ms="0">
    <groups>
    </groups>
  </suite> <!-- App.RAM Functional and Regression Testing -->
  <suite started-at="2023-08-04T11:36:51 IST" name="Valid Login Scenario" finished-at="2023-08-04T11:42:34 IST" duration-ms="342503">
    <groups>
    </groups>
    <test started-at="2023-08-04T11:36:51 IST" name="Check login and logout successfully" finished-at="2023-08-04T11:37:34 IST" duration-ms="42560">
      <class name="pages.LoginPageTest">
        <test-method is-config="true" signature="waitForLoad()[pri:0, instance:pages.LoginPageTest@2c0b4c83]" started-at="2023-08-04T11:36:51 IST" name="waitForLoad" finished-at="2023-08-04T11:36:51 IST" duration-ms="0" status="PASS">
          <reporter-output>
          </reporter-output>
        </test-method> <!-- waitForLoad -->
        <test-method signature="signIn(java.util.Map)[pri:0, instance:pages.LoginPageTest@2c0b4c83]" started-at="2023-08-04T11:36:52 IST" name="signIn" data-provider="ValidLogin" finished-at="2023-08-04T11:37:33 IST" duration-ms="41160" status="PASS">
          <params>
            <param index="0">
              <value>
                <![CDATA[{Status=, Message=, Password=F@razbeta123, UserName=Nasreenk@winjit.com}]]>
              </value>
            </param>
          </params>
          <reporter-output>
          </reporter-output>
        </test-method> <!-- signIn -->
      </class> <!-- pages.LoginPageTest -->
    </test> <!-- Check login and logout successfully -->
    <test started-at="2023-08-04T11:37:34 IST" name="Test Consignment ExternalUser assigned MultipleBilledTos" finished-at="2023-08-04T11:42:34 IST" duration-ms="299875">
      <class name="pages.TestConsignmentExternalUser">
        <test-method is-config="true" signature="setUp()[pri:0, instance:pages.TestConsignmentExternalUser@2e53b094]" started-at="2023-08-04T11:36:40 IST" name="setUp" finished-at="2023-08-04T11:36:51 IST" duration-ms="11272" status="PASS">
          <reporter-output>
          </reporter-output>
        </test-method> <!-- setUp -->
        <test-method signature="clickOnConsignment()[pri:0, instance:pages.TestConsignmentExternalUser@2e53b094]" started-at="2023-08-04T11:37:34 IST" name="clickOnConsignment" finished-at="2023-08-04T11:38:04 IST" duration-ms="30416" status="PASS">
          <reporter-output>
          </reporter-output>
        </test-method> <!-- clickOnConsignment -->
        <test-method is-config="true" signature="waitForLoad()[pri:0, instance:pages.TestConsignmentExternalUser@2e53b094]" started-at="2023-08-04T11:37:34 IST" name="waitForLoad" finished-at="2023-08-04T11:37:34 IST" duration-ms="0" status="PASS">
          <reporter-output>
          </reporter-output>
        </test-method> <!-- waitForLoad -->
        <test-method signature="clickOnAccordianAndSelectExternalUserCompany()[pri:0, instance:pages.TestConsignmentExternalUser@2e53b094]" started-at="2023-08-04T11:38:05 IST" name="clickOnAccordianAndSelectExternalUserCompany" finished-at="2023-08-04T11:38:32 IST" duration-ms="27204" status="PASS">
          <reporter-output>
          </reporter-output>
        </test-method> <!-- clickOnAccordianAndSelectExternalUserCompany -->
        <test-method signature="externalUserConsignmentOutbound(java.util.Map)[pri:0, instance:pages.TestConsignmentExternalUser@2e53b094]" started-at="2023-08-04T11:38:33 IST" name="externalUserConsignmentOutbound" data-provider="ExternalOutboundConsignment" finished-at="2023-08-04T11:40:48 IST" duration-ms="135146" status="PASS">
          <params>
            <param index="0">
              <value>
                <![CDATA[{ValidShipperReference=SUAT00211, ValueForCarriage=1324, SenderName=BASH ONLINE DARK, ReceiverName=Nasreen, SecurityPack=SP12345678, NumberOfParcel=1, ConsignmentID=UAT00211024, SpecialInstruction=Test External Outbound Consignment }]]>
              </value>
            </param>
          </params>
          <reporter-output>
          </reporter-output>
        </test-method> <!-- externalUserConsignmentOutbound -->
        <test-method signature="externalUserConsignmentInbound(java.util.Map)[pri:0, instance:pages.TestConsignmentExternalUser@2e53b094]" started-at="2023-08-04T11:40:48 IST" name="externalUserConsignmentInbound" data-provider="ExternalInboundConsignment" finished-at="2023-08-04T11:42:34 IST" duration-ms="105668" status="PASS">
          <params>
            <param index="0">
              <value>
                <![CDATA[{ValidShipperReference=SUAT00211, ValueForCarriage=5000, SenderName=RAM, ReceiverName=Nasreen, NumberOfParcel=2, UpdateEmailAddress=Nasreen.khan@ram.co.za, ConsignmentID=UAT00311021, SpecialInstruction=Test External Inbound Consignment }]]>
              </value>
            </param>
          </params>
          <reporter-output>
          </reporter-output>
        </test-method> <!-- externalUserConsignmentInbound -->
        <test-method is-config="true" signature="tearBrowser()[pri:0, instance:pages.TestConsignmentExternalUser@2e53b094]" started-at="2023-08-04T11:42:34 IST" name="tearBrowser" finished-at="2023-08-04T11:42:37 IST" duration-ms="3645" status="PASS">
          <reporter-output>
          </reporter-output>
        </test-method> <!-- tearBrowser -->
      </class> <!-- pages.TestConsignmentExternalUser -->
    </test> <!-- Test Consignment ExternalUser assigned MultipleBilledTos -->
  </suite> <!-- Valid Login Scenario -->
</testng-results>
