<?xml version="1.0" encoding="UTF-8"?>
<testng-results ignored="0" total="5" passed="5" failed="0" skipped="0">
  <reporter-output>
  </reporter-output>
  <suite started-at="2021-03-30T15:22:46 IST" name="App.RAM Functional and Regression Testing" finished-at="2021-03-30T15:22:46 IST" duration-ms="0">
    <groups>
    </groups>
  </suite> <!-- App.RAM Functional and Regression Testing -->
  <suite started-at="2021-03-30T15:14:24 IST" name="Valid Login Scenario" finished-at="2021-03-30T15:22:42 IST" duration-ms="497954">
    <groups>
    </groups>
    <test started-at="2021-03-30T15:14:24 IST" name="Check login and logout successfully" finished-at="2021-03-30T15:14:49 IST" duration-ms="24861">
      <class name="pages.LoginPageTest">
        <test-method is-config="true" signature="waitForLoad()[pri:0, instance:pages.LoginPageTest@73ad4ecc]" started-at="2021-03-30T15:14:24 IST" name="waitForLoad" finished-at="2021-03-30T15:14:24 IST" duration-ms="1" status="PASS">
          <reporter-output>
          </reporter-output>
        </test-method> <!-- waitForLoad -->
        <test-method signature="signIn(java.util.Map)[pri:0, instance:pages.LoginPageTest@73ad4ecc]" started-at="2021-03-30T15:14:26 IST" name="signIn" data-provider="ValidLogin" finished-at="2021-03-30T15:14:47 IST" duration-ms="20866" status="PASS">
          <params>
            <param index="0">
              <value>
                <![CDATA[{Status=, Message=, Password=Nasreen@123, UserName=Nasreen.khan@ram.co.za}]]>
              </value>
            </param>
          </params>
          <reporter-output>
          </reporter-output>
        </test-method> <!-- signIn -->
      </class> <!-- pages.LoginPageTest -->
    </test> <!-- Check login and logout successfully -->
    <test started-at="2021-03-30T15:14:49 IST" name="Test Consignment Inbound" finished-at="2021-03-30T15:22:42 IST" duration-ms="472980">
      <class name="pages.TestPageConsignmentInbound">
        <test-method is-config="true" signature="setUp()[pri:0, instance:pages.TestPageConsignmentInbound@151db587]" started-at="2021-03-30T15:13:31 IST" name="setUp" finished-at="2021-03-30T15:14:24 IST" duration-ms="52964" status="PASS">
          <reporter-output>
          </reporter-output>
        </test-method> <!-- setUp -->
        <test-method is-config="true" signature="waitForLoad()[pri:0, instance:pages.TestPageConsignmentInbound@151db587]" started-at="2021-03-30T15:14:49 IST" name="waitForLoad" finished-at="2021-03-30T15:14:49 IST" duration-ms="1" status="PASS">
          <reporter-output>
          </reporter-output>
        </test-method> <!-- waitForLoad -->
        <test-method signature="clickOnConsignment()[pri:0, instance:pages.TestPageConsignmentInbound@151db587]" started-at="2021-03-30T15:14:49 IST" name="clickOnConsignment" finished-at="2021-03-30T15:15:20 IST" duration-ms="30555" status="PASS">
          <reporter-output>
          </reporter-output>
        </test-method> <!-- clickOnConsignment -->
        <test-method signature="clickOnAccordian()[pri:0, instance:pages.TestPageConsignmentInbound@151db587]" started-at="2021-03-30T15:15:20 IST" name="clickOnAccordian" finished-at="2021-03-30T15:15:42 IST" duration-ms="21481" status="PASS">
          <reporter-output>
          </reporter-output>
        </test-method> <!-- clickOnAccordian -->
        <test-method signature="consignmentInboundEmailAndSave(java.util.Map)[pri:0, instance:pages.TestPageConsignmentInbound@151db587]" started-at="2021-03-30T15:15:43 IST" name="consignmentInboundEmailAndSave" data-provider="consignmentInbound" finished-at="2021-03-30T15:19:50 IST" duration-ms="246449" status="PASS">
          <params>
            <param index="0">
              <value>
                <![CDATA[{ConsignmentID=UAT08000120, InvalidShipperReference=bnmgfdfg, ICCIDNumber=1.11189E+18, BilledTo=GAMM02, ValidShipperReference=1Da5g, PrimaryNumber=9848655555, NewReceiverName=Automation, NewSenderName=Not exist, NumberOfParcel=1, SenderName=Sportmans , NewBusinessName=RAM Business Office, CreateNewSender=AutomationVida, NewBusinessGroupName=RAM Hand to Hand Couriers, ValueForCarrige=123, IMEINumber=9.87546E+14, NewEmailAddress=Nasreen.Khan@winjit.com, Individual Your Name=NTL100, DeliveryAddress=27 Wrench Road, Isando, Kempton Park, South Africa, Individual First Name=Nasreen27, InvalidSenderName=re, Individual Last Name=TestLast28, Description=Automation testing, UpdateEmailAddress=Nasreen.Khan@ram.co.za}]]>
              </value>
            </param>
          </params>
          <reporter-output>
          </reporter-output>
        </test-method> <!-- consignmentInboundEmailAndSave -->
        <test-method signature="consignmentInboundSave(java.util.Map)[pri:0, instance:pages.TestPageConsignmentInbound@151db587]" started-at="2021-03-30T15:19:50 IST" name="consignmentInboundSave" data-provider="ConsignmentInbound2" finished-at="2021-03-30T15:22:42 IST" duration-ms="171369" status="PASS">
          <params>
            <param index="0">
              <value>
                <![CDATA[{ConsignmentID=UAT07000116, InvalidShipperReference=Ddsd23, NewSenderContactFirstName=Nasreen, BilledTo=GAMM02, RcvNewContactFirstName=FNAutomation23, ValidShipperReference=1Da5g, PrimaryNumber=9848655555, NewSenderName=Not exist, NumberOfParcel=2, RcvNewContactEmailAddress=Nasreen.Khan@gmail.com, RetailChainName=Retail, RcvNewContactLastName=LNAutomation24, SpecialInstruction=Automation test, ValueForCarrige=107, NewEmailAddress=Nasreen.Khan@winjit.com, RcvNewContactPrimaryTelNumber=9876543210, RetailStoreName=RetailChainDest, NewSenderContactLastName=Khan}]]>
              </value>
            </param>
          </params>
          <reporter-output>
          </reporter-output>
        </test-method> <!-- consignmentInboundSave -->
        <test-method is-config="true" signature="tearBrowser()[pri:0, instance:pages.TestPageConsignmentInbound@151db587]" started-at="2021-03-30T15:22:42 IST" name="tearBrowser" finished-at="2021-03-30T15:22:46 IST" duration-ms="3511" status="PASS">
          <reporter-output>
          </reporter-output>
        </test-method> <!-- tearBrowser -->
      </class> <!-- pages.TestPageConsignmentInbound -->
    </test> <!-- Test Consignment Inbound -->
  </suite> <!-- Valid Login Scenario -->
</testng-results>
