<?xml version="1.0" encoding="UTF-8"?>
<testng-results ignored="0" total="10" passed="10" failed="0" skipped="0">
  <reporter-output>
  </reporter-output>
  <suite started-at="2023-08-08T10:54:01 IST" name="Valid Login Scenario (0)" finished-at="2023-08-08T10:58:54 IST" duration-ms="293067">
    <groups>
    </groups>
    <test started-at="2023-08-08T10:54:01 IST" name="Check login and logout successfully" finished-at="2023-08-08T10:54:42 IST" duration-ms="41347">
      <class name="pages.LoginPageTest">
        <test-method is-config="true" signature="waitForLoad()[pri:0, instance:pages.LoginPageTest@6137cf6e]" started-at="2023-08-08T10:54:01 IST" name="waitForLoad" finished-at="2023-08-08T10:54:01 IST" duration-ms="0" status="PASS">
          <reporter-output>
          </reporter-output>
        </test-method> <!-- waitForLoad -->
        <test-method signature="signIn(java.util.Map)[pri:0, instance:pages.LoginPageTest@6137cf6e]" started-at="2023-08-08T10:54:01 IST" name="signIn" data-provider="ValidLogin" finished-at="2023-08-08T10:54:42 IST" duration-ms="40836" status="PASS">
          <params>
            <param index="0">
              <value>
                <![CDATA[{Status=, Message=, Password=F@razbeta123, UserName=Nasreenk@winjit.com}]]>
              </value>
            </param>
          </params>
          <reporter-output>
          </reporter-output>
        </test-method> <!-- signIn -->
      </class> <!-- pages.LoginPageTest -->
    </test> <!-- Check login and logout successfully -->
    <test started-at="2023-08-08T10:54:42 IST" name="Test Consignment ExternalUser assigned SingleBilledTos" finished-at="2023-08-08T10:58:54 IST" duration-ms="251660">
      <class name="pages.TestAutoGenConsignmentIDExtUser">
        <test-method is-config="true" signature="setUp()[pri:0, instance:pages.TestAutoGenConsignmentIDExtUser@12968227]" started-at="2023-08-08T10:53:51 IST" name="setUp" finished-at="2023-08-08T10:54:01 IST" duration-ms="9889" status="PASS">
          <reporter-output>
          </reporter-output>
        </test-method> <!-- setUp -->
        <test-method signature="clickOnConsignment()[pri:0, instance:pages.TestAutoGenConsignmentIDExtUser@12968227]" started-at="2023-08-08T10:54:42 IST" name="clickOnConsignment" finished-at="2023-08-08T10:55:12 IST" duration-ms="30258" status="PASS">
          <reporter-output>
          </reporter-output>
        </test-method> <!-- clickOnConsignment -->
        <test-method is-config="true" signature="waitForLoad()[pri:0, instance:pages.TestAutoGenConsignmentIDExtUser@12968227]" started-at="2023-08-08T10:54:42 IST" name="waitForLoad" finished-at="2023-08-08T10:54:42 IST" duration-ms="0" status="PASS">
          <reporter-output>
          </reporter-output>
        </test-method> <!-- waitForLoad -->
        <test-method signature="clickOnAccordianAndSelectExternalUserCompany()[pri:0, instance:pages.TestAutoGenConsignmentIDExtUser@12968227]" started-at="2023-08-08T10:55:13 IST" name="clickOnAccordianAndSelectExternalUserCompany" finished-at="2023-08-08T10:55:40 IST" duration-ms="27213" status="PASS">
          <reporter-output>
          </reporter-output>
        </test-method> <!-- clickOnAccordianAndSelectExternalUserCompany -->
        <test-method signature="externalUserAutoGenConsignmentIDOutbound(java.util.Map)[pri:0, instance:pages.TestAutoGenConsignmentIDExtUser@12968227]" started-at="2023-08-08T10:55:41 IST" name="externalUserAutoGenConsignmentIDOutbound" data-provider="AutoGenOutboundConsignmentID" finished-at="2023-08-08T10:57:36 IST" duration-ms="114778" status="PASS">
          <params>
            <param index="0">
              <value>
                <![CDATA[{ValidShipperReference=VSPIO980, ValueForCarriage=5987, SenderName=RAM, ReceiverName=PTY, SecurityPack=SP12345678, NumberOfParcel=1, SpecialInstruction=Handle with care}]]>
              </value>
            </param>
          </params>
          <reporter-output>
          </reporter-output>
        </test-method> <!-- externalUserAutoGenConsignmentIDOutbound -->
        <test-method signature="externalUserAutoGenConsignmentInbound(java.util.Map)[pri:0, instance:pages.TestAutoGenConsignmentIDExtUser@12968227]" started-at="2023-08-08T10:57:36 IST" name="externalUserAutoGenConsignmentInbound" data-provider="AutoGenInboundConsignmentID" finished-at="2023-08-08T10:58:54 IST" duration-ms="77358" status="PASS">
          <params>
            <param index="0">
              <value>
                <![CDATA[{ValidShipperReference=SUAT00211, ValueForCarriage=5000, SenderName=RAM, ReceiverName=tel, NumberOfParcel=2, UpdateEmailAddress=Nasreen.khan@ram.co.za, SpecialInstruction=Test External Inbound Consignment }]]>
              </value>
            </param>
          </params>
          <reporter-output>
          </reporter-output>
        </test-method> <!-- externalUserAutoGenConsignmentInbound -->
        <test-method is-config="true" signature="tearBrowser()[pri:0, instance:pages.TestAutoGenConsignmentIDExtUser@12968227]" started-at="2023-08-08T10:58:54 IST" name="tearBrowser" finished-at="2023-08-08T10:58:57 IST" duration-ms="3591" status="PASS">
          <reporter-output>
          </reporter-output>
        </test-method> <!-- tearBrowser -->
      </class> <!-- pages.TestAutoGenConsignmentIDExtUser -->
    </test> <!-- Test Consignment ExternalUser assigned SingleBilledTos -->
  </suite> <!-- Valid Login Scenario (0) -->
  <suite started-at="2023-08-08T10:58:59 IST" name="App.RAM Functional and Regression Testing" finished-at="2023-08-08T10:58:59 IST" duration-ms="0">
    <groups>
    </groups>
  </suite> <!-- App.RAM Functional and Regression Testing -->
  <suite started-at="2023-08-08T10:48:02 IST" name="Valid Login Scenario" finished-at="2023-08-08T10:53:47 IST" duration-ms="345599">
    <groups>
    </groups>
    <test started-at="2023-08-08T10:48:02 IST" name="Check login and logout successfully" finished-at="2023-08-08T10:48:46 IST" duration-ms="44872">
      <class name="pages.LoginPageTest">
        <test-method is-config="true" signature="waitForLoad()[pri:0, instance:pages.LoginPageTest@53a665ad]" started-at="2023-08-08T10:48:02 IST" name="waitForLoad" finished-at="2023-08-08T10:48:02 IST" duration-ms="1" status="PASS">
          <reporter-output>
          </reporter-output>
        </test-method> <!-- waitForLoad -->
        <test-method signature="signIn(java.util.Map)[pri:0, instance:pages.LoginPageTest@53a665ad]" started-at="2023-08-08T10:48:03 IST" name="signIn" data-provider="ValidLogin" finished-at="2023-08-08T10:48:45 IST" duration-ms="42157" status="PASS">
          <params>
            <param index="0">
              <value>
                <![CDATA[{Status=, Message=, Password=F@razbeta123, UserName=Nasreenk@winjit.com}]]>
              </value>
            </param>
          </params>
          <reporter-output>
          </reporter-output>
        </test-method> <!-- signIn -->
      </class> <!-- pages.LoginPageTest -->
    </test> <!-- Check login and logout successfully -->
    <test started-at="2023-08-08T10:48:47 IST" name="Test Consignment ExternalUser assigned MultipleBilledTos" finished-at="2023-08-08T10:53:47 IST" duration-ms="300640">
      <class name="pages.TestConsignmentExternalUser">
        <test-method is-config="true" signature="setUp()[pri:0, instance:pages.TestConsignmentExternalUser@40712ee9]" started-at="2023-08-08T10:47:45 IST" name="setUp" finished-at="2023-08-08T10:48:02 IST" duration-ms="17076" status="PASS">
          <reporter-output>
          </reporter-output>
        </test-method> <!-- setUp -->
        <test-method is-config="true" signature="waitForLoad()[pri:0, instance:pages.TestConsignmentExternalUser@40712ee9]" started-at="2023-08-08T10:48:47 IST" name="waitForLoad" finished-at="2023-08-08T10:48:47 IST" duration-ms="0" status="PASS">
          <reporter-output>
          </reporter-output>
        </test-method> <!-- waitForLoad -->
        <test-method signature="clickOnConsignment()[pri:0, instance:pages.TestConsignmentExternalUser@40712ee9]" started-at="2023-08-08T10:48:47 IST" name="clickOnConsignment" finished-at="2023-08-08T10:49:17 IST" duration-ms="30537" status="PASS">
          <reporter-output>
          </reporter-output>
        </test-method> <!-- clickOnConsignment -->
        <test-method signature="clickOnAccordianAndSelectExternalUserCompany()[pri:0, instance:pages.TestConsignmentExternalUser@40712ee9]" started-at="2023-08-08T10:49:18 IST" name="clickOnAccordianAndSelectExternalUserCompany" finished-at="2023-08-08T10:49:45 IST" duration-ms="27373" status="PASS">
          <reporter-output>
          </reporter-output>
        </test-method> <!-- clickOnAccordianAndSelectExternalUserCompany -->
        <test-method signature="externalUserConsignmentOutbound(java.util.Map)[pri:0, instance:pages.TestConsignmentExternalUser@40712ee9]" started-at="2023-08-08T10:49:46 IST" name="externalUserConsignmentOutbound" data-provider="ExternalOutboundConsignment" finished-at="2023-08-08T10:52:02 IST" duration-ms="136163" status="PASS">
          <params>
            <param index="0">
              <value>
                <![CDATA[{ValidShipperReference=SUAT00211, ValueForCarriage=1324, SenderName=BASH ONLINE DARK, ReceiverName=Nasreen, SecurityPack=SP12345678, NumberOfParcel=1, ConsignmentID=UAT00211033, SpecialInstruction=Test External Outbound Consignment }]]>
              </value>
            </param>
          </params>
          <reporter-output>
          </reporter-output>
        </test-method> <!-- externalUserConsignmentOutbound -->
        <test-method signature="externalUserConsignmentInbound(java.util.Map)[pri:0, instance:pages.TestConsignmentExternalUser@40712ee9]" started-at="2023-08-08T10:52:03 IST" name="externalUserConsignmentInbound" data-provider="ExternalInboundConsignment" finished-at="2023-08-08T10:53:47 IST" duration-ms="104436" status="PASS">
          <params>
            <param index="0">
              <value>
                <![CDATA[{ValidShipperReference=SUAT00211, ValueForCarriage=5000, SenderName=RAM, ReceiverName=Nasreen, NumberOfParcel=2, UpdateEmailAddress=Nasreen.khan@ram.co.za, ConsignmentID=UAT00311032, SpecialInstruction=Test External Inbound Consignment }]]>
              </value>
            </param>
          </params>
          <reporter-output>
          </reporter-output>
        </test-method> <!-- externalUserConsignmentInbound -->
        <test-method is-config="true" signature="tearBrowser()[pri:0, instance:pages.TestConsignmentExternalUser@40712ee9]" started-at="2023-08-08T10:53:47 IST" name="tearBrowser" finished-at="2023-08-08T10:53:51 IST" duration-ms="3608" status="PASS">
          <reporter-output>
          </reporter-output>
        </test-method> <!-- tearBrowser -->
      </class> <!-- pages.TestConsignmentExternalUser -->
    </test> <!-- Test Consignment ExternalUser assigned MultipleBilledTos -->
  </suite> <!-- Valid Login Scenario -->
</testng-results>
