<?xml version="1.0" encoding="UTF-8"?>
<testng-results ignored="0" total="14" passed="10" failed="4" skipped="0">
  <reporter-output>
  </reporter-output>
  <suite started-at="2022-01-31T12:19:07 IST" name="Consignment Inbound Scenario " finished-at="2022-01-31T12:27:35 IST" duration-ms="507684">
    <groups>
    </groups>
    <test started-at="2022-01-31T12:19:07 IST" name="Check login and logout successfully" finished-at="2022-01-31T12:19:29 IST" duration-ms="21995">
      <class name="pages.LoginPageTest">
        <test-method is-config="true" signature="waitForLoad()[pri:0, instance:pages.LoginPageTest@2d0ecb24]" started-at="2022-01-31T12:19:07 IST" name="waitForLoad" finished-at="2022-01-31T12:19:07 IST" duration-ms="1" status="PASS">
          <reporter-output>
          </reporter-output>
        </test-method> <!-- waitForLoad -->
        <test-method signature="signIn(java.util.Map)[pri:0, instance:pages.LoginPageTest@2d0ecb24]" started-at="2022-01-31T12:19:08 IST" name="signIn" data-provider="ValidLogin" finished-at="2022-01-31T12:19:29 IST" duration-ms="21146" status="PASS">
          <params>
            <param index="0">
              <value>
                <![CDATA[{Status=, Message=, Password=Surekha@123123, UserName=surekha.jadhav@ram.co.za}]]>
              </value>
            </param>
          </params>
          <reporter-output>
          </reporter-output>
        </test-method> <!-- signIn -->
      </class> <!-- pages.LoginPageTest -->
    </test> <!-- Check login and logout successfully -->
    <test started-at="2022-01-31T12:19:30 IST" name="Test Consignment Inbound in production environment " finished-at="2022-01-31T12:27:35 IST" duration-ms="485678">
      <class name="pages.TestPageConsignmentInboundProd">
        <test-method is-config="true" signature="setUp()[pri:0, instance:pages.TestPageConsignmentInboundProd@62db0521]" started-at="2022-01-31T12:18:57 IST" name="setUp" finished-at="2022-01-31T12:19:07 IST" duration-ms="10135" status="PASS">
          <reporter-output>
          </reporter-output>
        </test-method> <!-- setUp -->
        <test-method is-config="true" signature="waitForLoad()[pri:0, instance:pages.TestPageConsignmentInboundProd@62db0521]" started-at="2022-01-31T12:19:30 IST" name="waitForLoad" finished-at="2022-01-31T12:19:30 IST" duration-ms="1" status="PASS">
          <reporter-output>
          </reporter-output>
        </test-method> <!-- waitForLoad -->
        <test-method signature="clickOnConsignment()[pri:0, instance:pages.TestPageConsignmentInboundProd@62db0521]" started-at="2022-01-31T12:19:30 IST" name="clickOnConsignment" finished-at="2022-01-31T12:20:00 IST" duration-ms="30469" status="PASS">
          <reporter-output>
          </reporter-output>
        </test-method> <!-- clickOnConsignment -->
        <test-method signature="clickOnAccordian()[pri:0, instance:pages.TestPageConsignmentInboundProd@62db0521]" started-at="2022-01-31T12:20:01 IST" name="clickOnAccordian" finished-at="2022-01-31T12:20:22 IST" duration-ms="21712" status="PASS">
          <reporter-output>
          </reporter-output>
        </test-method> <!-- clickOnAccordian -->
        <test-method signature="consignmentInboundEmailAndSave(java.util.Map)[pri:0, instance:pages.TestPageConsignmentInboundProd@62db0521]" started-at="2022-01-31T12:20:25 IST" name="consignmentInboundEmailAndSave" data-provider="ConsignmentInbound1Prod" finished-at="2022-01-31T12:24:54 IST" duration-ms="268460" status="FAIL">
          <params>
            <param index="0">
              <value>
                <![CDATA[{ConsignmentID=PROD00011006, InvalidShipperReference=bnmgfdfg, ICCIDNumber=1.11189E+18, BilledTo=ITAU02, ValidShipperReference=1Da5g, PrimaryNumber=9848655555, NewReceiverName=STANLEYSTUDIOTEST, NewSenderName=testtest, NumberOfParcel=1, SenderName=RAM , NewBusinessName=STUDIO 88 - MUSINA SHOPPING CENTRE, CreateNewSender=AutomationVida, NewBusinessGroupName=STANLEY STUDIO, ValueForCarrige=123, IMEINumber=9.87546E+14, NewEmailAddress=Nasreen.Khan@winjit.com, Individual Your Name=NTL100, DeliveryAddress=27 Wrench Road, Isando, Kempton Park, South Africa, Individual First Name=Nasreen, InvalidSenderName=test, Individual Last Name=Khan, Description=Automation testing, UpdateEmailAddress=Nasreen.Khan@ram.co.za}]]>
              </value>
            </param>
          </params>
          <exception class="org.openqa.selenium.TimeoutException">
            <message>
              <![CDATA[Expected condition failed: waiting for element to be clickable: Proxy element for: AjaxElementLocator 'By.xpath: //button[@id='ReceiverResetSearch']//div' (tried for 60 second(s) with 500 milliseconds interval)]]>
            </message>
            <full-stacktrace>
              <![CDATA[org.openqa.selenium.TimeoutException: Expected condition failed: waiting for element to be clickable: Proxy element for: AjaxElementLocator 'By.xpath: //button[@id='ReceiverResetSearch']//div' (tried for 60 second(s) with 500 milliseconds interval)
at org.openqa.selenium.support.ui.WebDriverWait.timeoutException(WebDriverWait.java:95)
at org.openqa.selenium.support.ui.FluentWait.until(FluentWait.java:272)
at pages.PageConsinment.clickOnReceiverResetButton(PageConsinment.java:1021)
at pages.TestPageConsignmentInboundProd.consignmentInboundEmailAndSave(TestPageConsignmentInboundProd.java:129)
at java.base/jdk.internal.reflect.NativeMethodAccessorImpl.invoke0(Native Method)
at java.base/jdk.internal.reflect.NativeMethodAccessorImpl.invoke(NativeMethodAccessorImpl.java:62)
at java.base/jdk.internal.reflect.DelegatingMethodAccessorImpl.invoke(DelegatingMethodAccessorImpl.java:43)
at java.base/java.lang.reflect.Method.invoke(Method.java:566)
at org.testng.internal.MethodInvocationHelper.invokeMethod(MethodInvocationHelper.java:134)
at org.testng.internal.TestInvoker.invokeMethod(TestInvoker.java:597)
at org.testng.internal.TestInvoker.invokeTestMethod(TestInvoker.java:173)
at org.testng.internal.MethodRunner.runInSequence(MethodRunner.java:46)
at org.testng.internal.TestInvoker$MethodInvocationAgent.invoke(TestInvoker.java:816)
at org.testng.internal.TestInvoker.invokeTestMethods(TestInvoker.java:146)
at org.testng.internal.TestMethodWorker.invokeTestMethods(TestMethodWorker.java:146)
at org.testng.internal.TestMethodWorker.run(TestMethodWorker.java:128)
at java.base/java.util.ArrayList.forEach(ArrayList.java:1541)
at org.testng.TestRunner.privateRun(TestRunner.java:766)
at org.testng.TestRunner.run(TestRunner.java:587)
at org.testng.SuiteRunner.runTest(SuiteRunner.java:384)
at org.testng.SuiteRunner.runSequentially(SuiteRunner.java:378)
at org.testng.SuiteRunner.privateRun(SuiteRunner.java:337)
at org.testng.SuiteRunner.run(SuiteRunner.java:286)
at org.testng.SuiteRunnerWorker.runSuite(SuiteRunnerWorker.java:53)
at org.testng.SuiteRunnerWorker.run(SuiteRunnerWorker.java:96)
at org.testng.TestNG.runSuitesSequentially(TestNG.java:1187)
at org.testng.TestNG.runSuitesSequentially(TestNG.java:1182)
at org.testng.TestNG.runSuitesLocally(TestNG.java:1109)
at org.testng.TestNG.runSuites(TestNG.java:1039)
at org.testng.TestNG.run(TestNG.java:1007)
at org.apache.maven.surefire.testng.TestNGExecutor.run(TestNGExecutor.java:283)
at org.apache.maven.surefire.testng.TestNGXmlTestSuite.execute(TestNGXmlTestSuite.java:75)
at org.apache.maven.surefire.testng.TestNGProvider.invoke(TestNGProvider.java:120)
at org.apache.maven.surefire.booter.ForkedBooter.runSuitesInProcess(ForkedBooter.java:377)
at org.apache.maven.surefire.booter.ForkedBooter.execute(ForkedBooter.java:138)
at org.apache.maven.surefire.booter.ForkedBooter.run(ForkedBooter.java:465)
at org.apache.maven.surefire.booter.ForkedBooter.main(ForkedBooter.java:451)
Caused by: org.openqa.selenium.NoSuchElementException: Timed out after 60 seconds. Unable to locate the element
at org.openqa.selenium.support.pagefactory.AjaxElementLocator.findElement(AjaxElementLocator.java:99)
at org.openqa.selenium.support.pagefactory.internal.LocatingElementHandler.invoke(LocatingElementHandler.java:38)
at com.sun.proxy.$Proxy20.isDisplayed(Unknown Source)
at org.openqa.selenium.support.ui.ExpectedConditions.elementIfVisible(ExpectedConditions.java:314)
at org.openqa.selenium.support.ui.ExpectedConditions.access$000(ExpectedConditions.java:43)
at org.openqa.selenium.support.ui.ExpectedConditions$10.apply(ExpectedConditions.java:300)
at org.openqa.selenium.support.ui.ExpectedConditions$10.apply(ExpectedConditions.java:297)
at org.openqa.selenium.support.ui.ExpectedConditions$23.apply(ExpectedConditions.java:670)
at org.openqa.selenium.support.ui.ExpectedConditions$23.apply(ExpectedConditions.java:666)
at org.openqa.selenium.support.ui.FluentWait.until(FluentWait.java:249)
... 35 more
Caused by: org.openqa.selenium.NoSuchElementException: no such element: Unable to locate element: {"method":"xpath","selector":"//button[@id='ReceiverResetSearch']//div"}
  (Session info: chrome=97.0.4692.99)
For documentation on this error, please visit: https://www.seleniumhq.org/exceptions/no_such_element.html
Build info: version: '3.141.59', revision: 'e82be7d358', time: '2018-11-14T08:17:03'
System info: host: 'WJLP-1270', ip: '192.168.0.2', os.name: 'Windows 10', os.arch: 'amd64', os.version: '10.0', java.version: '11.0.10'
Driver info: org.openqa.selenium.chrome.ChromeDriver
Capabilities {acceptInsecureCerts: false, browserName: chrome, browserVersion: 97.0.4692.99, chrome: {chromedriverVersion: 97.0.4692.71 (adefa7837d02a..., userDataDir: C:\Users\nasreenk\AppData\L...}, goog:chromeOptions: {debuggerAddress: localhost:51238}, javascriptEnabled: true, networkConnectionEnabled: false, pageLoadStrategy: none, platform: WINDOWS, platformName: WINDOWS, proxy: Proxy(), setWindowRect: true, strictFileInteractability: false, timeouts: {implicit: 0, pageLoad: 300000, script: 30000}, unhandledPromptBehavior: dismiss and notify, webauthn:extension:credBlob: true, webauthn:extension:largeBlob: true, webauthn:virtualAuthenticators: true}
Session ID: 0700bbedd0719e088f1f7d1c6280aff0
*** Element info: {Using=xpath, value=//button[@id='ReceiverResetSearch']//div}
at jdk.internal.reflect.GeneratedConstructorAccessor31.newInstance(Unknown Source)
at java.base/jdk.internal.reflect.DelegatingConstructorAccessorImpl.newInstance(DelegatingConstructorAccessorImpl.java:45)
at java.base/java.lang.reflect.Constructor.newInstance(Constructor.java:490)
at org.openqa.selenium.remote.http.W3CHttpResponseCodec.createException(W3CHttpResponseCodec.java:187)
at org.openqa.selenium.remote.http.W3CHttpResponseCodec.decode(W3CHttpResponseCodec.java:122)
at org.openqa.selenium.remote.http.W3CHttpResponseCodec.decode(W3CHttpResponseCodec.java:49)
at org.openqa.selenium.remote.HttpCommandExecutor.execute(HttpCommandExecutor.java:158)
at org.openqa.selenium.remote.service.DriverCommandExecutor.execute(DriverCommandExecutor.java:83)
at org.openqa.selenium.remote.RemoteWebDriver.execute(RemoteWebDriver.java:552)
at org.openqa.selenium.remote.RemoteWebDriver.findElement(RemoteWebDriver.java:323)
at org.openqa.selenium.remote.RemoteWebDriver.findElementByXPath(RemoteWebDriver.java:428)
at org.openqa.selenium.By$ByXPath.findElement(By.java:353)
at org.openqa.selenium.remote.RemoteWebDriver.findElement(RemoteWebDriver.java:315)
at jdk.internal.reflect.GeneratedMethodAccessor5.invoke(Unknown Source)
at java.base/jdk.internal.reflect.DelegatingMethodAccessorImpl.invoke(DelegatingMethodAccessorImpl.java:43)
at java.base/java.lang.reflect.Method.invoke(Method.java:566)
at org.openqa.selenium.support.events.EventFiringWebDriver.lambda$new$1(EventFiringWebDriver.java:105)
at com.sun.proxy.$Proxy13.findElement(Unknown Source)
at org.openqa.selenium.support.events.EventFiringWebDriver.findElement(EventFiringWebDriver.java:194)
at org.openqa.selenium.support.pagefactory.DefaultElementLocator.findElement(DefaultElementLocator.java:69)
at org.openqa.selenium.support.pagefactory.AjaxElementLocator.access$001(AjaxElementLocator.java:39)
at org.openqa.selenium.support.pagefactory.AjaxElementLocator$SlowLoadingElement.isLoaded(AjaxElementLocator.java:165)
at org.openqa.selenium.support.ui.SlowLoadableComponent.get(SlowLoadableComponent.java:72)
at org.openqa.selenium.support.pagefactory.AjaxElementLocator.findElement(AjaxElementLocator.java:95)
... 44 more
]]>
            </full-stacktrace>
          </exception> <!-- org.openqa.selenium.TimeoutException -->
          <reporter-output>
          </reporter-output>
        </test-method> <!-- consignmentInboundEmailAndSave -->
        <test-method signature="consignmentInboundSave(java.util.Map)[pri:0, instance:pages.TestPageConsignmentInboundProd@62db0521]" started-at="2022-01-31T12:24:54 IST" name="consignmentInboundSave" data-provider="ConsignmentInbound2Prod" finished-at="2022-01-31T12:27:35 IST" duration-ms="161396" status="FAIL">
          <params>
            <param index="0">
              <value>
                <![CDATA[{ConsignmentID=PROD00031010, InvalidShipperReference=Ddsd23, Length=5, HeightRMS=35, NewSenderContactFirstName=Nasreen, BilledTo=ITAU02, RcvNewContactFirstName=RAM, ValidShipperReference=1Da5g, PrimaryNumber=9848655555, NewReceiverName=Ramtesttest, LengthRMS=25, NewSenderName=Testtest, NumberOfParcel=4, RcvNewContactEmailAddress=Nasreen.Khan@gmail.com, Weight=1.78, Height=12, RetailChainName=ACKERMANS, RcvNewContactLastName=HQ12, SpecialInstruction=Automation test, BreadthRMS=30, Breadth=8, ValueForCarrige=107, Breadth2=8, Length2=6, NewEmailAddress=Nasreen.Khan@winjit.com, Height2=7, Weight2=1.256, EditParcelRef01=L1098NA, RcvNewContactPrimaryTelNumber=9876543210, KilogramsRMS=1.52, RetailStoreName=ACKERMANS - THE GALLERIA - AMANZIMTOTI, NumberOfParcelDim=4, NewSenderContactLastName=Khan}]]>
              </value>
            </param>
          </params>
          <exception class="org.openqa.selenium.TimeoutException">
            <message>
              <![CDATA[Expected condition failed: waiting for element to be clickable: [[ChromeDriver: chrome on WINDOWS (0700bbedd0719e088f1f7d1c6280aff0)] -> xpath: //input[@id='LogisticType']/..] (tried for 60 second(s) with 500 milliseconds interval)
Build info: version: '3.141.59', revision: 'e82be7d358', time: '2018-11-14T08:17:03'
System info: host: 'WJLP-1270', ip: '192.168.0.2', os.name: 'Windows 10', os.arch: 'amd64', os.version: '10.0', java.version: '11.0.10'
Driver info: org.openqa.selenium.support.events.EventFiringWebDriver
Capabilities {acceptInsecureCerts: false, browserName: chrome, browserVersion: 97.0.4692.99, chrome: {chromedriverVersion: 97.0.4692.71 (adefa7837d02a..., userDataDir: C:\Users\nasreenk\AppData\L...}, goog:chromeOptions: {debuggerAddress: localhost:51238}, javascriptEnabled: true, networkConnectionEnabled: false, pageLoadStrategy: none, platform: WINDOWS, platformName: WINDOWS, proxy: Proxy(), setWindowRect: true, strictFileInteractability: false, timeouts: {implicit: 0, pageLoad: 300000, script: 30000}, unhandledPromptBehavior: dismiss and notify, webauthn:extension:credBlob: true, webauthn:extension:largeBlob: true, webauthn:virtualAuthenticators: true}
Session ID: 0700bbedd0719e088f1f7d1c6280aff0]]>
            </message>
            <full-stacktrace>
              <![CDATA[org.openqa.selenium.TimeoutException: Expected condition failed: waiting for element to be clickable: [[ChromeDriver: chrome on WINDOWS (0700bbedd0719e088f1f7d1c6280aff0)] -> xpath: //input[@id='LogisticType']/..] (tried for 60 second(s) with 500 milliseconds interval)
Build info: version: '3.141.59', revision: 'e82be7d358', time: '2018-11-14T08:17:03'
System info: host: 'WJLP-1270', ip: '192.168.0.2', os.name: 'Windows 10', os.arch: 'amd64', os.version: '10.0', java.version: '11.0.10'
Driver info: org.openqa.selenium.support.events.EventFiringWebDriver
Capabilities {acceptInsecureCerts: false, browserName: chrome, browserVersion: 97.0.4692.99, chrome: {chromedriverVersion: 97.0.4692.71 (adefa7837d02a..., userDataDir: C:\Users\nasreenk\AppData\L...}, goog:chromeOptions: {debuggerAddress: localhost:51238}, javascriptEnabled: true, networkConnectionEnabled: false, pageLoadStrategy: none, platform: WINDOWS, platformName: WINDOWS, proxy: Proxy(), setWindowRect: true, strictFileInteractability: false, timeouts: {implicit: 0, pageLoad: 300000, script: 30000}, unhandledPromptBehavior: dismiss and notify, webauthn:extension:credBlob: true, webauthn:extension:largeBlob: true, webauthn:virtualAuthenticators: true}
Session ID: 0700bbedd0719e088f1f7d1c6280aff0
at org.openqa.selenium.support.ui.WebDriverWait.timeoutException(WebDriverWait.java:95)
at org.openqa.selenium.support.ui.FluentWait.until(FluentWait.java:272)
at pages.PageConsinment.clickOnLogisticTypeAndSelectInbound(PageConsinment.java:1404)
at pages.TestPageConsignmentInboundProd.consignmentInboundSave(TestPageConsignmentInboundProd.java:261)
at java.base/jdk.internal.reflect.NativeMethodAccessorImpl.invoke0(Native Method)
at java.base/jdk.internal.reflect.NativeMethodAccessorImpl.invoke(NativeMethodAccessorImpl.java:62)
at java.base/jdk.internal.reflect.DelegatingMethodAccessorImpl.invoke(DelegatingMethodAccessorImpl.java:43)
at java.base/java.lang.reflect.Method.invoke(Method.java:566)
at org.testng.internal.MethodInvocationHelper.invokeMethod(MethodInvocationHelper.java:134)
at org.testng.internal.TestInvoker.invokeMethod(TestInvoker.java:597)
at org.testng.internal.TestInvoker.invokeTestMethod(TestInvoker.java:173)
at org.testng.internal.MethodRunner.runInSequence(MethodRunner.java:46)
at org.testng.internal.TestInvoker$MethodInvocationAgent.invoke(TestInvoker.java:816)
at org.testng.internal.TestInvoker.invokeTestMethods(TestInvoker.java:146)
at org.testng.internal.TestMethodWorker.invokeTestMethods(TestMethodWorker.java:146)
at org.testng.internal.TestMethodWorker.run(TestMethodWorker.java:128)
at java.base/java.util.ArrayList.forEach(ArrayList.java:1541)
at org.testng.TestRunner.privateRun(TestRunner.java:766)
at org.testng.TestRunner.run(TestRunner.java:587)
at org.testng.SuiteRunner.runTest(SuiteRunner.java:384)
at org.testng.SuiteRunner.runSequentially(SuiteRunner.java:378)
at org.testng.SuiteRunner.privateRun(SuiteRunner.java:337)
at org.testng.SuiteRunner.run(SuiteRunner.java:286)
at org.testng.SuiteRunnerWorker.runSuite(SuiteRunnerWorker.java:53)
at org.testng.SuiteRunnerWorker.run(SuiteRunnerWorker.java:96)
at org.testng.TestNG.runSuitesSequentially(TestNG.java:1187)
at org.testng.TestNG.runSuitesSequentially(TestNG.java:1182)
at org.testng.TestNG.runSuitesLocally(TestNG.java:1109)
at org.testng.TestNG.runSuites(TestNG.java:1039)
at org.testng.TestNG.run(TestNG.java:1007)
at org.apache.maven.surefire.testng.TestNGExecutor.run(TestNGExecutor.java:283)
at org.apache.maven.surefire.testng.TestNGXmlTestSuite.execute(TestNGXmlTestSuite.java:75)
at org.apache.maven.surefire.testng.TestNGProvider.invoke(TestNGProvider.java:120)
at org.apache.maven.surefire.booter.ForkedBooter.runSuitesInProcess(ForkedBooter.java:377)
at org.apache.maven.surefire.booter.ForkedBooter.execute(ForkedBooter.java:138)
at org.apache.maven.surefire.booter.ForkedBooter.run(ForkedBooter.java:465)
at org.apache.maven.surefire.booter.ForkedBooter.main(ForkedBooter.java:451)
]]>
            </full-stacktrace>
          </exception> <!-- org.openqa.selenium.TimeoutException -->
          <reporter-output>
          </reporter-output>
        </test-method> <!-- consignmentInboundSave -->
        <test-method is-config="true" signature="tearBrowser()[pri:0, instance:pages.TestPageConsignmentInboundProd@62db0521]" started-at="2022-01-31T12:27:35 IST" name="tearBrowser" finished-at="2022-01-31T12:27:40 IST" duration-ms="4978" status="PASS">
          <reporter-output>
          </reporter-output>
        </test-method> <!-- tearBrowser -->
      </class> <!-- pages.TestPageConsignmentInboundProd -->
    </test> <!-- Test Consignment Inbound in production environment  -->
  </suite> <!-- Consignment Inbound Scenario  -->
  <suite started-at="2022-01-31T12:14:53 IST" name=" Verify create consignment on RMS " finished-at="2022-01-31T12:18:52 IST" duration-ms="239279">
    <groups>
    </groups>
    <test started-at="2022-01-31T12:14:53 IST" name="Check login and logout successfully" finished-at="2022-01-31T12:15:15 IST" duration-ms="22156">
      <class name="pages.LoginPageTest">
        <test-method is-config="true" signature="waitForLoad()[pri:0, instance:pages.LoginPageTest@3b9632d1]" started-at="2022-01-31T12:14:53 IST" name="waitForLoad" finished-at="2022-01-31T12:14:53 IST" duration-ms="1" status="PASS">
          <reporter-output>
          </reporter-output>
        </test-method> <!-- waitForLoad -->
        <test-method signature="signIn(java.util.Map)[pri:0, instance:pages.LoginPageTest@3b9632d1]" started-at="2022-01-31T12:14:53 IST" name="signIn" data-provider="ValidLogin" finished-at="2022-01-31T12:15:14 IST" duration-ms="21053" status="PASS">
          <params>
            <param index="0">
              <value>
                <![CDATA[{Status=, Message=, Password=Surekha@123123, UserName=surekha.jadhav@ram.co.za}]]>
              </value>
            </param>
          </params>
          <reporter-output>
          </reporter-output>
        </test-method> <!-- signIn -->
      </class> <!-- pages.LoginPageTest -->
    </test> <!-- Check login and logout successfully -->
    <test started-at="2022-01-31T12:15:15 IST" name="Test RMS portal for create consignment" finished-at="2022-01-31T12:18:52 IST" duration-ms="217106">
      <class name="pages.TestPageRMSProd">
        <test-method is-config="true" signature="setUp()[pri:0, instance:pages.TestPageRMSProd@61f39bb]" started-at="2022-01-31T12:14:42 IST" name="setUp" finished-at="2022-01-31T12:14:53 IST" duration-ms="10597" status="PASS">
          <reporter-output>
          </reporter-output>
        </test-method> <!-- setUp -->
        <test-method is-config="true" signature="waitForLoad()[pri:0, instance:pages.TestPageRMSProd@61f39bb]" started-at="2022-01-31T12:15:15 IST" name="waitForLoad" finished-at="2022-01-31T12:15:15 IST" duration-ms="0" status="PASS">
          <reporter-output>
          </reporter-output>
        </test-method> <!-- waitForLoad -->
        <test-method signature="clickOnConsignment()[pri:0, instance:pages.TestPageRMSProd@61f39bb]" started-at="2022-01-31T12:15:15 IST" name="clickOnConsignment" finished-at="2022-01-31T12:15:45 IST" duration-ms="30566" status="PASS">
          <reporter-output>
          </reporter-output>
        </test-method> <!-- clickOnConsignment -->
        <test-method signature="clickOnRMSPortalAndVerifyConsignmentISCreated(java.util.Map)[pri:0, instance:pages.TestPageRMSProd@61f39bb]" started-at="2022-01-31T12:15:46 IST" name="clickOnRMSPortalAndVerifyConsignmentISCreated" data-provider="ConsignmentProd" finished-at="2022-01-31T12:16:51 IST" duration-ms="65150" status="FAIL">
          <params>
            <param index="0">
              <value>
                <![CDATA[{ConsignmentID=PROD00021009, InvalidShipperReference=1ESDR, Length=60, HeightRMS=52, BilledTo=ITAU01, ValidShipperReference=A1w11, LengthRMS=40, NumberOfParcel=3, Weight=5.0255, SenderName=NotExistSender, Height=30, BreadthRMS=45, Breadth=50, ValidSenderName=Distributor, ValueForCarrige=400, SecurityPack=, Breadth2=50, Length2=30, Height2=60, Weight2=8.078, InvalidSenderName=InvalidSenderName, EditParcelRef01=NA123, KilogramsRMS=5.2, NumberOfParcelDim=3, ReceiverName2=RAM}]]>
              </value>
            </param>
          </params>
          <exception class="org.openqa.selenium.NoSuchElementException">
            <message>
              <![CDATA[no such element: Unable to locate element: {"method":"css selector","selector":"span#titleSearchReports"}
  (Session info: chrome=97.0.4692.99)
For documentation on this error, please visit: https://www.seleniumhq.org/exceptions/no_such_element.html
Build info: version: '3.141.59', revision: 'e82be7d358', time: '2018-11-14T08:17:03'
System info: host: 'WJLP-1270', ip: '192.168.0.2', os.name: 'Windows 10', os.arch: 'amd64', os.version: '10.0', java.version: '11.0.10'
Driver info: org.openqa.selenium.chrome.ChromeDriver
Capabilities {acceptInsecureCerts: false, browserName: chrome, browserVersion: 97.0.4692.99, chrome: {chromedriverVersion: 97.0.4692.71 (adefa7837d02a..., userDataDir: C:\Users\nasreenk\AppData\L...}, goog:chromeOptions: {debuggerAddress: localhost:50685}, javascriptEnabled: true, networkConnectionEnabled: false, pageLoadStrategy: none, platform: WINDOWS, platformName: WINDOWS, proxy: Proxy(), setWindowRect: true, strictFileInteractability: false, timeouts: {implicit: 0, pageLoad: 300000, script: 30000}, unhandledPromptBehavior: dismiss and notify, webauthn:extension:credBlob: true, webauthn:extension:largeBlob: true, webauthn:virtualAuthenticators: true}
Session ID: 8cb4d8b0e71b06879a987572bd1bf931
*** Element info: {Using=css selector, value=span#titleSearchReports}]]>
            </message>
            <full-stacktrace>
              <![CDATA[org.openqa.selenium.NoSuchElementException: no such element: Unable to locate element: {"method":"css selector","selector":"span#titleSearchReports"}
  (Session info: chrome=97.0.4692.99)
For documentation on this error, please visit: https://www.seleniumhq.org/exceptions/no_such_element.html
Build info: version: '3.141.59', revision: 'e82be7d358', time: '2018-11-14T08:17:03'
System info: host: 'WJLP-1270', ip: '192.168.0.2', os.name: 'Windows 10', os.arch: 'amd64', os.version: '10.0', java.version: '11.0.10'
Driver info: org.openqa.selenium.chrome.ChromeDriver
Capabilities {acceptInsecureCerts: false, browserName: chrome, browserVersion: 97.0.4692.99, chrome: {chromedriverVersion: 97.0.4692.71 (adefa7837d02a..., userDataDir: C:\Users\nasreenk\AppData\L...}, goog:chromeOptions: {debuggerAddress: localhost:50685}, javascriptEnabled: true, networkConnectionEnabled: false, pageLoadStrategy: none, platform: WINDOWS, platformName: WINDOWS, proxy: Proxy(), setWindowRect: true, strictFileInteractability: false, timeouts: {implicit: 0, pageLoad: 300000, script: 30000}, unhandledPromptBehavior: dismiss and notify, webauthn:extension:credBlob: true, webauthn:extension:largeBlob: true, webauthn:virtualAuthenticators: true}
Session ID: 8cb4d8b0e71b06879a987572bd1bf931
*** Element info: {Using=css selector, value=span#titleSearchReports}
at jdk.internal.reflect.GeneratedConstructorAccessor31.newInstance(Unknown Source)
at java.base/jdk.internal.reflect.DelegatingConstructorAccessorImpl.newInstance(DelegatingConstructorAccessorImpl.java:45)
at java.base/java.lang.reflect.Constructor.newInstance(Constructor.java:490)
at org.openqa.selenium.remote.http.W3CHttpResponseCodec.createException(W3CHttpResponseCodec.java:187)
at org.openqa.selenium.remote.http.W3CHttpResponseCodec.decode(W3CHttpResponseCodec.java:122)
at org.openqa.selenium.remote.http.W3CHttpResponseCodec.decode(W3CHttpResponseCodec.java:49)
at org.openqa.selenium.remote.HttpCommandExecutor.execute(HttpCommandExecutor.java:158)
at org.openqa.selenium.remote.service.DriverCommandExecutor.execute(DriverCommandExecutor.java:83)
at org.openqa.selenium.remote.RemoteWebDriver.execute(RemoteWebDriver.java:552)
at org.openqa.selenium.remote.RemoteWebDriver.findElement(RemoteWebDriver.java:323)
at org.openqa.selenium.remote.RemoteWebDriver.findElementByCssSelector(RemoteWebDriver.java:420)
at org.openqa.selenium.By$ByCssSelector.findElement(By.java:431)
at org.openqa.selenium.remote.RemoteWebDriver.findElement(RemoteWebDriver.java:315)
at jdk.internal.reflect.GeneratedMethodAccessor5.invoke(Unknown Source)
at java.base/jdk.internal.reflect.DelegatingMethodAccessorImpl.invoke(DelegatingMethodAccessorImpl.java:43)
at java.base/java.lang.reflect.Method.invoke(Method.java:566)
at org.openqa.selenium.support.events.EventFiringWebDriver.lambda$new$1(EventFiringWebDriver.java:105)
at com.sun.proxy.$Proxy13.findElement(Unknown Source)
at org.openqa.selenium.support.events.EventFiringWebDriver.findElement(EventFiringWebDriver.java:194)
at pages.PageDashBoard.clickOnSearchAndReport(PageDashBoard.java:457)
at pages.TestPageRMSProd.clickOnRMSPortalAndVerifyConsignmentISCreated(TestPageRMSProd.java:53)
at java.base/jdk.internal.reflect.NativeMethodAccessorImpl.invoke0(Native Method)
at java.base/jdk.internal.reflect.NativeMethodAccessorImpl.invoke(NativeMethodAccessorImpl.java:62)
at java.base/jdk.internal.reflect.DelegatingMethodAccessorImpl.invoke(DelegatingMethodAccessorImpl.java:43)
at java.base/java.lang.reflect.Method.invoke(Method.java:566)
at org.testng.internal.MethodInvocationHelper.invokeMethod(MethodInvocationHelper.java:134)
at org.testng.internal.TestInvoker.invokeMethod(TestInvoker.java:597)
at org.testng.internal.TestInvoker.invokeTestMethod(TestInvoker.java:173)
at org.testng.internal.MethodRunner.runInSequence(MethodRunner.java:46)
at org.testng.internal.TestInvoker$MethodInvocationAgent.invoke(TestInvoker.java:816)
at org.testng.internal.TestInvoker.invokeTestMethods(TestInvoker.java:146)
at org.testng.internal.TestMethodWorker.invokeTestMethods(TestMethodWorker.java:146)
at org.testng.internal.TestMethodWorker.run(TestMethodWorker.java:128)
at java.base/java.util.ArrayList.forEach(ArrayList.java:1541)
at org.testng.TestRunner.privateRun(TestRunner.java:766)
at org.testng.TestRunner.run(TestRunner.java:587)
at org.testng.SuiteRunner.runTest(SuiteRunner.java:384)
at org.testng.SuiteRunner.runSequentially(SuiteRunner.java:378)
at org.testng.SuiteRunner.privateRun(SuiteRunner.java:337)
at org.testng.SuiteRunner.run(SuiteRunner.java:286)
at org.testng.SuiteRunnerWorker.runSuite(SuiteRunnerWorker.java:53)
at org.testng.SuiteRunnerWorker.run(SuiteRunnerWorker.java:96)
at org.testng.TestNG.runSuitesSequentially(TestNG.java:1187)
at org.testng.TestNG.runSuitesSequentially(TestNG.java:1182)
at org.testng.TestNG.runSuitesLocally(TestNG.java:1109)
at org.testng.TestNG.runSuites(TestNG.java:1039)
at org.testng.TestNG.run(TestNG.java:1007)
at org.apache.maven.surefire.testng.TestNGExecutor.run(TestNGExecutor.java:283)
at org.apache.maven.surefire.testng.TestNGXmlTestSuite.execute(TestNGXmlTestSuite.java:75)
at org.apache.maven.surefire.testng.TestNGProvider.invoke(TestNGProvider.java:120)
at org.apache.maven.surefire.booter.ForkedBooter.runSuitesInProcess(ForkedBooter.java:377)
at org.apache.maven.surefire.booter.ForkedBooter.execute(ForkedBooter.java:138)
at org.apache.maven.surefire.booter.ForkedBooter.run(ForkedBooter.java:465)
at org.apache.maven.surefire.booter.ForkedBooter.main(ForkedBooter.java:451)
]]>
            </full-stacktrace>
          </exception> <!-- org.openqa.selenium.NoSuchElementException -->
          <reporter-output>
          </reporter-output>
        </test-method> <!-- clickOnRMSPortalAndVerifyConsignmentISCreated -->
        <test-method signature="verifyDataOnRMSEditConsignment()[pri:0, instance:pages.TestPageRMSProd@61f39bb]" started-at="2022-01-31T12:16:51 IST" name="verifyDataOnRMSEditConsignment" finished-at="2022-01-31T12:18:52 IST" duration-ms="120519" status="FAIL">
          <exception class="org.openqa.selenium.TimeoutException">
            <message>
              <![CDATA[Expected condition failed: waiting for element to be clickable: Proxy element for: AjaxElementLocator 'By.cssSelector: input#txtBilledTo' (tried for 60 second(s) with 500 milliseconds interval)]]>
            </message>
            <full-stacktrace>
              <![CDATA[org.openqa.selenium.TimeoutException: Expected condition failed: waiting for element to be clickable: Proxy element for: AjaxElementLocator 'By.cssSelector: input#txtBilledTo' (tried for 60 second(s) with 500 milliseconds interval)
at org.openqa.selenium.support.ui.WebDriverWait.timeoutException(WebDriverWait.java:95)
at org.openqa.selenium.support.ui.FluentWait.until(FluentWait.java:272)
at pages.PageDashBoard.verifyBilledToProd(PageDashBoard.java:598)
at pages.TestPageRMSProd.verifyDataOnRMSEditConsignment(TestPageRMSProd.java:80)
at java.base/jdk.internal.reflect.NativeMethodAccessorImpl.invoke0(Native Method)
at java.base/jdk.internal.reflect.NativeMethodAccessorImpl.invoke(NativeMethodAccessorImpl.java:62)
at java.base/jdk.internal.reflect.DelegatingMethodAccessorImpl.invoke(DelegatingMethodAccessorImpl.java:43)
at java.base/java.lang.reflect.Method.invoke(Method.java:566)
at org.testng.internal.MethodInvocationHelper.invokeMethod(MethodInvocationHelper.java:134)
at org.testng.internal.TestInvoker.invokeMethod(TestInvoker.java:597)
at org.testng.internal.TestInvoker.invokeTestMethod(TestInvoker.java:173)
at org.testng.internal.MethodRunner.runInSequence(MethodRunner.java:46)
at org.testng.internal.TestInvoker$MethodInvocationAgent.invoke(TestInvoker.java:816)
at org.testng.internal.TestInvoker.invokeTestMethods(TestInvoker.java:146)
at org.testng.internal.TestMethodWorker.invokeTestMethods(TestMethodWorker.java:146)
at org.testng.internal.TestMethodWorker.run(TestMethodWorker.java:128)
at java.base/java.util.ArrayList.forEach(ArrayList.java:1541)
at org.testng.TestRunner.privateRun(TestRunner.java:766)
at org.testng.TestRunner.run(TestRunner.java:587)
at org.testng.SuiteRunner.runTest(SuiteRunner.java:384)
at org.testng.SuiteRunner.runSequentially(SuiteRunner.java:378)
at org.testng.SuiteRunner.privateRun(SuiteRunner.java:337)
at org.testng.SuiteRunner.run(SuiteRunner.java:286)
at org.testng.SuiteRunnerWorker.runSuite(SuiteRunnerWorker.java:53)
at org.testng.SuiteRunnerWorker.run(SuiteRunnerWorker.java:96)
at org.testng.TestNG.runSuitesSequentially(TestNG.java:1187)
at org.testng.TestNG.runSuitesSequentially(TestNG.java:1182)
at org.testng.TestNG.runSuitesLocally(TestNG.java:1109)
at org.testng.TestNG.runSuites(TestNG.java:1039)
at org.testng.TestNG.run(TestNG.java:1007)
at org.apache.maven.surefire.testng.TestNGExecutor.run(TestNGExecutor.java:283)
at org.apache.maven.surefire.testng.TestNGXmlTestSuite.execute(TestNGXmlTestSuite.java:75)
at org.apache.maven.surefire.testng.TestNGProvider.invoke(TestNGProvider.java:120)
at org.apache.maven.surefire.booter.ForkedBooter.runSuitesInProcess(ForkedBooter.java:377)
at org.apache.maven.surefire.booter.ForkedBooter.execute(ForkedBooter.java:138)
at org.apache.maven.surefire.booter.ForkedBooter.run(ForkedBooter.java:465)
at org.apache.maven.surefire.booter.ForkedBooter.main(ForkedBooter.java:451)
Caused by: org.openqa.selenium.NoSuchElementException: Timed out after 60 seconds. Unable to locate the element
at org.openqa.selenium.support.pagefactory.AjaxElementLocator.findElement(AjaxElementLocator.java:99)
at org.openqa.selenium.support.pagefactory.internal.LocatingElementHandler.invoke(LocatingElementHandler.java:38)
at com.sun.proxy.$Proxy20.isDisplayed(Unknown Source)
at org.openqa.selenium.support.ui.ExpectedConditions.elementIfVisible(ExpectedConditions.java:314)
at org.openqa.selenium.support.ui.ExpectedConditions.access$000(ExpectedConditions.java:43)
at org.openqa.selenium.support.ui.ExpectedConditions$10.apply(ExpectedConditions.java:300)
at org.openqa.selenium.support.ui.ExpectedConditions$10.apply(ExpectedConditions.java:297)
at org.openqa.selenium.support.ui.ExpectedConditions$23.apply(ExpectedConditions.java:670)
at org.openqa.selenium.support.ui.ExpectedConditions$23.apply(ExpectedConditions.java:666)
at org.openqa.selenium.support.ui.FluentWait.until(FluentWait.java:249)
... 35 more
Caused by: org.openqa.selenium.NoSuchElementException: no such element: Unable to locate element: {"method":"css selector","selector":"input#txtBilledTo"}
  (Session info: chrome=97.0.4692.99)
For documentation on this error, please visit: https://www.seleniumhq.org/exceptions/no_such_element.html
Build info: version: '3.141.59', revision: 'e82be7d358', time: '2018-11-14T08:17:03'
System info: host: 'WJLP-1270', ip: '192.168.0.2', os.name: 'Windows 10', os.arch: 'amd64', os.version: '10.0', java.version: '11.0.10'
Driver info: org.openqa.selenium.chrome.ChromeDriver
Capabilities {acceptInsecureCerts: false, browserName: chrome, browserVersion: 97.0.4692.99, chrome: {chromedriverVersion: 97.0.4692.71 (adefa7837d02a..., userDataDir: C:\Users\nasreenk\AppData\L...}, goog:chromeOptions: {debuggerAddress: localhost:50685}, javascriptEnabled: true, networkConnectionEnabled: false, pageLoadStrategy: none, platform: WINDOWS, platformName: WINDOWS, proxy: Proxy(), setWindowRect: true, strictFileInteractability: false, timeouts: {implicit: 0, pageLoad: 300000, script: 30000}, unhandledPromptBehavior: dismiss and notify, webauthn:extension:credBlob: true, webauthn:extension:largeBlob: true, webauthn:virtualAuthenticators: true}
Session ID: 8cb4d8b0e71b06879a987572bd1bf931
*** Element info: {Using=css selector, value=input#txtBilledTo}
at jdk.internal.reflect.GeneratedConstructorAccessor31.newInstance(Unknown Source)
at java.base/jdk.internal.reflect.DelegatingConstructorAccessorImpl.newInstance(DelegatingConstructorAccessorImpl.java:45)
at java.base/java.lang.reflect.Constructor.newInstance(Constructor.java:490)
at org.openqa.selenium.remote.http.W3CHttpResponseCodec.createException(W3CHttpResponseCodec.java:187)
at org.openqa.selenium.remote.http.W3CHttpResponseCodec.decode(W3CHttpResponseCodec.java:122)
at org.openqa.selenium.remote.http.W3CHttpResponseCodec.decode(W3CHttpResponseCodec.java:49)
at org.openqa.selenium.remote.HttpCommandExecutor.execute(HttpCommandExecutor.java:158)
at org.openqa.selenium.remote.service.DriverCommandExecutor.execute(DriverCommandExecutor.java:83)
at org.openqa.selenium.remote.RemoteWebDriver.execute(RemoteWebDriver.java:552)
at org.openqa.selenium.remote.RemoteWebDriver.findElement(RemoteWebDriver.java:323)
at org.openqa.selenium.remote.RemoteWebDriver.findElementByCssSelector(RemoteWebDriver.java:420)
at org.openqa.selenium.By$ByCssSelector.findElement(By.java:431)
at org.openqa.selenium.remote.RemoteWebDriver.findElement(RemoteWebDriver.java:315)
at jdk.internal.reflect.GeneratedMethodAccessor5.invoke(Unknown Source)
at java.base/jdk.internal.reflect.DelegatingMethodAccessorImpl.invoke(DelegatingMethodAccessorImpl.java:43)
at java.base/java.lang.reflect.Method.invoke(Method.java:566)
at org.openqa.selenium.support.events.EventFiringWebDriver.lambda$new$1(EventFiringWebDriver.java:105)
at com.sun.proxy.$Proxy13.findElement(Unknown Source)
at org.openqa.selenium.support.events.EventFiringWebDriver.findElement(EventFiringWebDriver.java:194)
at org.openqa.selenium.support.pagefactory.DefaultElementLocator.findElement(DefaultElementLocator.java:69)
at org.openqa.selenium.support.pagefactory.AjaxElementLocator.access$001(AjaxElementLocator.java:39)
at org.openqa.selenium.support.pagefactory.AjaxElementLocator$SlowLoadingElement.isLoaded(AjaxElementLocator.java:165)
at org.openqa.selenium.support.ui.SlowLoadableComponent.get(SlowLoadableComponent.java:72)
at org.openqa.selenium.support.pagefactory.AjaxElementLocator.findElement(AjaxElementLocator.java:95)
... 44 more
]]>
            </full-stacktrace>
          </exception> <!-- org.openqa.selenium.TimeoutException -->
          <reporter-output>
          </reporter-output>
        </test-method> <!-- verifyDataOnRMSEditConsignment -->
        <test-method is-config="true" signature="tearBrowser()[pri:0, instance:pages.TestPageRMSProd@61f39bb]" started-at="2022-01-31T12:18:52 IST" name="tearBrowser" finished-at="2022-01-31T12:18:57 IST" duration-ms="5344" status="PASS">
          <reporter-output>
          </reporter-output>
        </test-method> <!-- tearBrowser -->
      </class> <!-- pages.TestPageRMSProd -->
    </test> <!-- Test RMS portal for create consignment -->
  </suite> <!--  Verify create consignment on RMS  -->
  <suite started-at="2022-01-31T12:27:42 IST" name="App.RAM Functional and Regression Testing" finished-at="2022-01-31T12:27:42 IST" duration-ms="0">
    <groups>
    </groups>
  </suite> <!-- App.RAM Functional and Regression Testing -->
  <suite started-at="2022-01-31T12:08:11 IST" name="Valid Login Scenario" finished-at="2022-01-31T12:14:38 IST" duration-ms="387111">
    <groups>
    </groups>
    <test started-at="2022-01-31T12:08:11 IST" name="Check login and logout successfully" finished-at="2022-01-31T12:08:36 IST" duration-ms="25216">
      <class name="pages.LoginPageTest">
        <test-method is-config="true" signature="waitForLoad()[pri:0, instance:pages.LoginPageTest@2eb917d0]" started-at="2022-01-31T12:08:11 IST" name="waitForLoad" finished-at="2022-01-31T12:08:11 IST" duration-ms="1" status="PASS">
          <reporter-output>
          </reporter-output>
        </test-method> <!-- waitForLoad -->
        <test-method signature="signIn(java.util.Map)[pri:0, instance:pages.LoginPageTest@2eb917d0]" started-at="2022-01-31T12:08:13 IST" name="signIn" data-provider="ValidLogin" finished-at="2022-01-31T12:08:35 IST" duration-ms="21391" status="PASS">
          <params>
            <param index="0">
              <value>
                <![CDATA[{Status=, Message=, Password=Surekha@123123, UserName=surekha.jadhav@ram.co.za}]]>
              </value>
            </param>
          </params>
          <reporter-output>
          </reporter-output>
        </test-method> <!-- signIn -->
      </class> <!-- pages.LoginPageTest -->
    </test> <!-- Check login and logout successfully -->
    <test started-at="2022-01-31T12:08:36 IST" name="Test Consignment At Production Environment" finished-at="2022-01-31T12:14:38 IST" duration-ms="361668">
      <class name="pages.TestPageConsignmentOutboundPROD">
        <test-method is-config="true" signature="setUp()[pri:0, instance:pages.TestPageConsignmentOutboundPROD@5524b72f]" started-at="2022-01-31T12:07:48 IST" name="setUp" finished-at="2022-01-31T12:08:11 IST" duration-ms="22453" status="PASS">
          <reporter-output>
          </reporter-output>
        </test-method> <!-- setUp -->
        <test-method is-config="true" signature="waitForLoad()[pri:0, instance:pages.TestPageConsignmentOutboundPROD@5524b72f]" started-at="2022-01-31T12:08:36 IST" name="waitForLoad" finished-at="2022-01-31T12:08:36 IST" duration-ms="1" status="PASS">
          <reporter-output>
          </reporter-output>
        </test-method> <!-- waitForLoad -->
        <test-method signature="clickOnConsignment()[pri:0, instance:pages.TestPageConsignmentOutboundPROD@5524b72f]" started-at="2022-01-31T12:08:36 IST" name="clickOnConsignment" finished-at="2022-01-31T12:09:07 IST" duration-ms="30821" status="PASS">
          <reporter-output>
          </reporter-output>
        </test-method> <!-- clickOnConsignment -->
        <test-method signature="clickOnAccordian()[pri:0, instance:pages.TestPageConsignmentOutboundPROD@5524b72f]" started-at="2022-01-31T12:09:07 IST" name="clickOnAccordian" finished-at="2022-01-31T12:09:13 IST" duration-ms="5564" status="PASS">
          <reporter-output>
          </reporter-output>
        </test-method> <!-- clickOnAccordian -->
        <test-method signature="doStartWithPrinterSetup()[pri:0, instance:pages.TestPageConsignmentOutboundPROD@5524b72f]" started-at="2022-01-31T12:09:17 IST" name="doStartWithPrinterSetup" finished-at="2022-01-31T12:11:51 IST" duration-ms="154051" status="PASS">
          <reporter-output>
          </reporter-output>
        </test-method> <!-- doStartWithPrinterSetup -->
        <test-method signature="doStarted(java.util.Map)[pri:0, instance:pages.TestPageConsignmentOutboundPROD@5524b72f]" started-at="2022-01-31T12:11:52 IST" name="doStarted" data-provider="ConsignmentProd" finished-at="2022-01-31T12:14:38 IST" duration-ms="166155" status="PASS">
          <params>
            <param index="0">
              <value>
                <![CDATA[{ConsignmentID=PROD00021009, InvalidShipperReference=1ESDR, Length=60, HeightRMS=52, BilledTo=ITAU01, ValidShipperReference=A1w11, LengthRMS=40, NumberOfParcel=3, Weight=5.0255, SenderName=NotExistSender, Height=30, BreadthRMS=45, Breadth=50, ValidSenderName=Distributor, ValueForCarrige=400, SecurityPack=, Breadth2=50, Length2=30, Height2=60, Weight2=8.078, InvalidSenderName=InvalidSenderName, EditParcelRef01=NA123, KilogramsRMS=5.2, NumberOfParcelDim=3, ReceiverName2=RAM}]]>
              </value>
            </param>
          </params>
          <reporter-output>
          </reporter-output>
        </test-method> <!-- doStarted -->
        <test-method is-config="true" signature="tearBrowser()[pri:0, instance:pages.TestPageConsignmentOutboundPROD@5524b72f]" started-at="2022-01-31T12:14:38 IST" name="tearBrowser" finished-at="2022-01-31T12:14:42 IST" duration-ms="4321" status="PASS">
          <reporter-output>
          </reporter-output>
        </test-method> <!-- tearBrowser -->
      </class> <!-- pages.TestPageConsignmentOutboundPROD -->
    </test> <!-- Test Consignment At Production Environment -->
  </suite> <!-- Valid Login Scenario -->
</testng-results>
