<?xml version="1.0" encoding="UTF-8"?>
<testng-results ignored="2" total="5" passed="3" failed="0" skipped="0">
  <reporter-output>
  </reporter-output>
  <suite started-at="2020-08-27T12:26:26 IST" name="Valid Login Scenario" finished-at="2020-08-27T12:29:08 IST" duration-ms="162231">
    <groups>
    </groups>
    <test started-at="2020-08-27T12:26:26 IST" name="Check login and logout successfully" finished-at="2020-08-27T12:29:08 IST" duration-ms="162231">
      <class name="pages.LoginPageTest">
        <test-method is-config="true" signature="setUp()[pri:0, instance:pages.LoginPageTest@68577ba8]" started-at="2020-08-27T12:25:23 IST" name="setUp" finished-at="2020-08-27T12:26:26 IST" duration-ms="63362" status="PASS">
          <reporter-output>
          </reporter-output>
        </test-method> <!-- setUp -->
        <test-method is-config="true" signature="waitForLoad()[pri:0, instance:pages.LoginPageTest@68577ba8]" started-at="2020-08-27T12:26:26 IST" name="waitForLoad" finished-at="2020-08-27T12:26:26 IST" duration-ms="4" status="PASS">
          <reporter-output>
          </reporter-output>
        </test-method> <!-- waitForLoad -->
        <test-method signature="signIn(java.util.Map)[pri:0, instance:pages.LoginPageTest@68577ba8]" started-at="2020-08-27T12:26:30 IST" name="signIn" data-provider="ValidLogin" finished-at="2020-08-27T12:26:33 IST" duration-ms="3202" status="PASS">
          <params>
            <param index="0">
              <value>
                <![CDATA[{Status=, Message=, Password=Surekha@123, UserName=surekha.jadhav@ram.co.za}]]>
              </value>
            </param>
          </params>
          <reporter-output>
          </reporter-output>
        </test-method> <!-- signIn -->
        <test-method is-config="true" signature="tearBrowser()[pri:0, instance:pages.LoginPageTest@68577ba8]" started-at="2020-08-27T12:29:09 IST" name="tearBrowser" finished-at="2020-08-27T12:29:13 IST" duration-ms="4896" status="PASS">
          <reporter-output>
          </reporter-output>
        </test-method> <!-- tearBrowser -->
      </class> <!-- pages.LoginPageTest -->
      <class name="pages.TestPageConsinment">
        <test-method is-config="true" signature="waitForLoad()[pri:0, instance:pages.TestPageConsinment@1108adc8]" started-at="2020-08-27T12:26:36 IST" name="waitForLoad" finished-at="2020-08-27T12:26:36 IST" duration-ms="1" status="PASS">
          <reporter-output>
          </reporter-output>
        </test-method> <!-- waitForLoad -->
        <test-method signature="clickOnConsignment()[pri:0, instance:pages.TestPageConsinment@1108adc8]" started-at="2020-08-27T12:26:36 IST" name="clickOnConsignment" finished-at="2020-08-27T12:26:58 IST" duration-ms="22433" status="PASS">
          <reporter-output>
          </reporter-output>
        </test-method> <!-- clickOnConsignment -->
        <test-method signature="doStarted(java.util.Map)[pri:0, instance:pages.TestPageConsinment@1108adc8]" started-at="2020-08-27T12:27:01 IST" name="doStarted" data-provider="consignment" finished-at="2020-08-27T12:29:07 IST" duration-ms="126038" status="PASS">
          <params>
            <param index="0">
              <value>
                <![CDATA[{SecurityPack=SP12345678, ValueForCarrige=456, ReceiverName=A, BilledTo=CELW01, ValidShipperReference=eeeeeee, InvalidShipperReference=wwww, ReceiverName2=Anand, SenderName=Cell, NumberOfParcel=1, ConsignmentID=UAT42092142}]]>
              </value>
            </param>
          </params>
          <reporter-output>
          </reporter-output>
        </test-method> <!-- doStarted -->
      </class> <!-- pages.TestPageConsinment -->
    </test> <!-- Check login and logout successfully -->
  </suite> <!-- Valid Login Scenario -->
  <suite started-at="2020-08-27T12:29:13 IST" name="CCS Functional and Regression Testing" finished-at="2020-08-27T12:29:13 IST" duration-ms="0">
    <groups>
    </groups>
  </suite> <!-- CCS Functional and Regression Testing -->
</testng-results>
