<?xml version="1.0" encoding="UTF-8"?>
<!-- Generated by org.testng.reporters.JUnitXMLReporter -->
<testsuite ignored="0" hostname="WJLP-1098" failures="0" tests="4" name="Test Consignment Inbound" time="509.864" errors="0" timestamp="2021-03-22T18:45:38 IST">
  <testcase classname="pages.TestPageConsignmentInbound" name="clickOnConsignment" time="30.513"/>
  <testcase classname="pages.TestPageConsignmentInbound" name="clickOnAccordian" time="21.898"/>
  <testcase classname="pages.TestPageConsignmentInbound" name="consignmentInboundEmailAndSave" time="266.527"/>
  <testcase classname="pages.TestPageConsignmentInbound" name="consignmentInboundSave" time="186.88"/>
</testsuite> <!-- Test Consignment Inbound -->
