<?xml version="1.0" encoding="UTF-8"?>
<!-- Generated by org.testng.reporters.JUnitXMLReporter -->
<testsuite ignored="0" hostname="WJLP-1270" failures="0" tests="4" name="Test Consignment Inbound" time="496.324" errors="0" timestamp="2021-07-06T13:06:43 IST">
  <testcase classname="pages.TestPageConsignmentInbound" name="clickOnConsignment" time="30.41"/>
  <testcase classname="pages.TestPageConsignmentInbound" name="clickOnAccordian" time="21.477"/>
  <testcase classname="pages.TestPageConsignmentInbound" name="consignmentInboundEmailAndSave" time="251.808"/>
  <testcase classname="pages.TestPageConsignmentInbound" name="consignmentInboundSave" time="189.367"/>
</testsuite> <!-- Test Consignment Inbound -->
