<?xml version="1.0" encoding="UTF-8"?>
<!-- Generated by org.testng.reporters.JUnitXMLReporter -->
<testsuite ignored="0" hostname="WJLP-1098" failures="0" tests="4" name="Test Consignment Inbound" time="444.986" errors="0" timestamp="2021-03-15T12:20:40 CAT">
  <testcase classname="pages.TestPageConsignmentInbound" name="clickOnConsignment" time="30.468"/>
  <testcase classname="pages.TestPageConsignmentInbound" name="clickOnAccordian" time="6.044"/>
  <testcase classname="pages.TestPageConsignmentInbound" name="consignmentInboundEmailAndSave" time="232.431"/>
  <testcase classname="pages.TestPageConsignmentInbound" name="consignmentInboundSave" time="172.671"/>
</testsuite> <!-- Test Consignment Inbound -->
