<?xml version="1.0" encoding="UTF-8"?>
<!-- Generated by org.testng.reporters.JUnitXMLReporter -->
<testsuite ignored="0" hostname="WJLP-3098" failures="0" tests="4" name="Test Consignment ExternalUser assigned SingleBilledTos" time="249.948" errors="0" timestamp="2023-08-04T11:47:37 IST">
  <testcase classname="pages.TestAutoGenConsignmentIDExtUser" name="clickOnConsignment" time="30.327"/>
  <testcase classname="pages.TestAutoGenConsignmentIDExtUser" name="clickOnAccordianAndSelectExternalUserCompany" time="27.244"/>
  <testcase classname="pages.TestAutoGenConsignmentIDExtUser" name="externalUserAutoGenConsignmentIDOutbound" time="114.388"/>
  <testcase classname="pages.TestAutoGenConsignmentIDExtUser" name="externalUserAutoGenConsignmentInbound" time="77.086"/>
</testsuite> <!-- Test Consignment ExternalUser assigned SingleBilledTos -->
