<?xml version="1.0" encoding="UTF-8"?>
<testsuite name="Test Consignment ExternalUser assigned SingleBilledTos"
           tests="4"
           failures="0"
           errors="0"
           skipped="0"
           time="249.607">
    <properties></properties>



            <testcase
                name="clickOnConsignment"
                time="30.258"
                classname="pages.TestAutoGenConsignmentIDExtUser">
            </testcase>
            <testcase
                name="clickOnAccordianAndSelectExternalUserCompany"
                time="27.213"
                classname="pages.TestAutoGenConsignmentIDExtUser">
            </testcase>
            <testcase
                name="externalUserAutoGenConsignmentInbound"
                time="77.358"
                classname="pages.TestAutoGenConsignmentIDExtUser">
            </testcase>
            <testcase
                name="externalUserAutoGenConsignmentIDOutbound"
                time="114.778"
                classname="pages.TestAutoGenConsignmentIDExtUser">
            </testcase>
</testsuite>
