<?xml version="1.0" encoding="UTF-8"?>
<testsuite name="Test Consignment"
           tests="4"
           failures="0"
           errors="0"
           skipped="0"
           time="346.743">
    <properties></properties>



            <testcase
                name="clickOnConsignment"
                time="30.424"
                classname="pages.TestPageConsinment">
            </testcase>
            <testcase
                name="doStarted"
                time="154.709"
                classname="pages.TestPageConsinment">
            </testcase>
            <testcase
                name="verifyValueStepperIsNotPresentOnSelectionOfDoc"
                time="151.274"
                classname="pages.TestPageConsinment">
            </testcase>
            <testcase
                name="clickOnAccordian"
                time="10.336"
                classname="pages.TestPageConsinment">
            </testcase>
</testsuite>
