<?xml version="1.0" encoding="UTF-8"?>
<testsuite name="Test Consignment ExternalUser assigned MultipleBilledTos"
           tests="4"
           failures="0"
           errors="0"
           skipped="0"
           time="298.509">
    <properties></properties>



            <testcase
                name="clickOnConsignment"
                time="30.537"
                classname="pages.TestConsignmentExternalUser">
            </testcase>
            <testcase
                name="externalUserConsignmentInbound"
                time="104.436"
                classname="pages.TestConsignmentExternalUser">
            </testcase>
            <testcase
                name="clickOnAccordianAndSelectExternalUserCompany"
                time="27.373"
                classname="pages.TestConsignmentExternalUser">
            </testcase>
            <testcase
                name="externalUserConsignmentOutbound"
                time="136.163"
                classname="pages.TestConsignmentExternalUser">
            </testcase>
</testsuite>
