<?xml version="1.0" encoding="UTF-8"?>
<testsuite name="Test Consignment At Production Environment"
           tests="4"
           failures="0"
           errors="0"
           skipped="0"
           time="356.591">
    <properties></properties>



            <testcase
                name="doStartWithPrinterSetup"
                time="154.051"
                classname="pages.TestPageConsignmentOutboundPROD">
            </testcase>
            <testcase
                name="doStarted"
                time="166.155"
                classname="pages.TestPageConsignmentOutboundPROD">
            </testcase>
            <testcase
                name="clickOnAccordian"
                time="5.564"
                classname="pages.TestPageConsignmentOutboundPROD">
            </testcase>
            <testcase
                name="clickOnConsignment"
                time="30.821"
                classname="pages.TestPageConsignmentOutboundPROD">
            </testcase>
</testsuite>
