<?xml version="1.0" encoding="UTF-8"?>
<testsuite name="Test Consignment At Production Environment"
           tests="4"
           failures="0"
           errors="0"
           skipped="0"
           time="346.192">
    <properties></properties>



            <testcase
                name="clickOnAccordian"
                time="5.610"
                classname="pages.TestPageConsignmentOutboundPROD">
            </testcase>
            <testcase
                name="clickOnConsignment"
                time="30.760"
                classname="pages.TestPageConsignmentOutboundPROD">
            </testcase>
            <testcase
                name="doStartWithPrinterSetup"
                time="154.674"
                classname="pages.TestPageConsignmentOutboundPROD">
            </testcase>
            <testcase
                name="doStarted"
                time="155.148"
                classname="pages.TestPageConsignmentOutboundPROD">
            </testcase>
</testsuite>
