<?xml version="1.0" encoding="UTF-8"?>
<testsuite name="Check login and logout successfully"
           tests="2"
           failures="0"
           errors="0"
           skipped="0"
           time="148.471">
    <properties></properties>



            <testcase
                name="clickOnConsignment"
                time="22.433"
                classname="pages.TestPageConsinment">
            </testcase>
            <testcase
                name="doStarted"
                time="126.038"
                classname="pages.TestPageConsinment">
            </testcase>
</testsuite>
