<?xml version="1.0" encoding="UTF-8"?>
<testsuite name="Test Consignment Inbound"
           tests="4"
           failures="0"
           errors="0"
           skipped="0"
           time="493.062">
    <properties></properties>



            <testcase
                name="consignmentInboundEmailAndSave"
                time="251.808"
                classname="pages.TestPageConsignmentInbound">
            </testcase>
            <testcase
                name="clickOnAccordian"
                time="21.477"
                classname="pages.TestPageConsignmentInbound">
            </testcase>
            <testcase
                name="consignmentInboundSave"
                time="189.367"
                classname="pages.TestPageConsignmentInbound">
            </testcase>
            <testcase
                name="clickOnConsignment"
                time="30.410"
                classname="pages.TestPageConsignmentInbound">
            </testcase>
</testsuite>
