<?xml version="1.0" encoding="UTF-8"?>
<testsuite name="Test RMS portal for create consignment"
           tests="3"
           failures="0"
           errors="0"
           skipped="0"
           time="262.241">
    <properties></properties>



            <testcase
                name="clickOnConsignment"
                time="30.512"
                classname="pages.TestPageRMSProd">
            </testcase>
            <testcase
                name="verifyDataOnRMSEditConsignment"
                time="0.829"
                classname="pages.TestPageRMSProd">
            </testcase>
            <testcase
                name="clickOnRMSPortalAndVerifyConsignmentISCreated"
                time="230.900"
                classname="pages.TestPageRMSProd">
            </testcase>
</testsuite>
