<?xml version="1.0" encoding="UTF-8"?>
<!-- Generated by org.testng.reporters.JUnitXMLReporter -->
<testsuite ignored="2" hostname="WJLP-1098" failures="0" tests="3" name="Check login and logout successfully" time="162.231" errors="0" timestamp="2020-08-27T12:29:08 IST">
  <testcase classname="pages.LoginPageTest" name="signIn" time="3.202"/>
  <testcase classname="pages.TestPageConsinment" name="clickOnConsignment" time="22.433"/>
  <testcase classname="pages.TestPageConsinment" name="doStarted" time="126.038"/>
  <testcase classname="pages.TestBase" name="@BeforeSuite setUp" time="0.0">
    <ignored/>
  </testcase> <!-- @BeforeSuite setUp -->
  <testcase classname="pages.TestBase" name="@AfterSuite tearBrowser" time="0.0">
    <ignored/>
  </testcase> <!-- @AfterSuite tearBrowser -->
</testsuite> <!-- Check login and logout successfully -->
