<?xml version="1.0" encoding="UTF-8"?>
<!-- Generated by org.testng.reporters.JUnitXMLReporter -->
<testsuite ignored="2" hostname="WJLP-1098" failures="0" tests="4" name="Check login and logout successfully" time="252.934" errors="0" timestamp="2020-07-02T15:42:02 IST">
  <testcase classname="pages.LoginPageTest" name="signIn" time="4.104"/>
  <testcase classname="pages.TestPageConsinment" name="clickOnConsignment" time="18.709"/>
  <testcase classname="pages.TestPageConsinment" name="doStarted" time="121.294"/>
  <testcase classname="pages.TestPageConsinment" name="doStarted" time="98.216"/>
  <testcase classname="pages.TestBase" name="@BeforeSuite setUp" time="0.0">
    <ignored/>
  </testcase> <!-- @BeforeSuite setUp -->
  <testcase classname="pages.TestBase" name="@AfterSuite tearBrowser" time="0.0">
    <ignored/>
  </testcase> <!-- @AfterSuite tearBrowser -->
</testsuite> <!-- Check login and logout successfully -->
