<?xml version="1.0" encoding="UTF-8"?>
<!-- Generated by org.testng.reporters.JUnitXMLReporter -->
<testsuite ignored="0" hostname="WJLP-3098" failures="0" tests="4" name="Test Consignment ExternalUser assigned MultipleBilledTos" time="300.64" errors="0" timestamp="2023-08-08T10:53:47 IST">
  <testcase classname="pages.TestConsignmentExternalUser" name="clickOnConsignment" time="30.537"/>
  <testcase classname="pages.TestConsignmentExternalUser" name="clickOnAccordianAndSelectExternalUserCompany" time="27.373"/>
  <testcase classname="pages.TestConsignmentExternalUser" name="externalUserConsignmentOutbound" time="136.163"/>
  <testcase classname="pages.TestConsignmentExternalUser" name="externalUserConsignmentInbound" time="104.436"/>
</testsuite> <!-- Test Consignment ExternalUser assigned MultipleBilledTos -->
