<?xml version="1.0" encoding="UTF-8"?>
<!-- Generated by org.testng.reporters.JUnitXMLReporter -->
<testsuite ignored="4" hostname="WJLP-3098" failures="0" tests="4" name="Test Consignment" time="347.832" errors="0" timestamp="2023-07-17T11:52:37 IST">
  <testcase classname="pages.TestPageConsinment" name="clickOnConsignment" time="30.424"/>
  <testcase classname="pages.TestPageConsinment" name="clickOnAccordian" time="10.336"/>
  <testcase classname="pages.TestPageConsinment" name="verifyValueStepperIsNotPresentOnSelectionOfDoc" time="151.274"/>
  <testcase classname="pages.TestPageConsinment" name="doStarted" time="154.709"/>
  <testcase classname="pages.TestPageConsinment" name="firearmConsignment" time="0.0">
    <ignored/>
  </testcase> <!-- firearmConsignment -->
  <testcase classname="pages.TestPageConsinment" name="compareDataInEditConsignment" time="0.0">
    <ignored/>
  </testcase> <!-- compareDataInEditConsignment -->
  <testcase classname="pages.TestPageConsinment" name="clickOnRMSPortalAndVerifyConsignmentISCreated" time="0.0">
    <ignored/>
  </testcase> <!-- clickOnRMSPortalAndVerifyConsignmentISCreated -->
  <testcase classname="pages.TestPageConsinment" name="doStartPrinterSetup" time="0.0">
    <ignored/>
  </testcase> <!-- doStartPrinterSetup -->
</testsuite> <!-- Test Consignment -->
