<?xml version="1.0" encoding="UTF-8"?>
<!-- Generated by org.testng.reporters.JUnitXMLReporter -->
<testsuite ignored="0" hostname="WJLP-1098" failures="0" tests="4" name="Test Consignment Inbound" time="461.267" errors="0" timestamp="2021-03-22T12:00:53 IST">
  <testcase classname="pages.TestPageConsignmentInbound" name="clickOnConsignment" time="30.93"/>
  <testcase classname="pages.TestPageConsignmentInbound" name="clickOnAccordian" time="21.996"/>
  <testcase classname="pages.TestPageConsignmentInbound" name="consignmentInboundEmailAndSave" time="235.196"/>
  <testcase classname="pages.TestPageConsignmentInbound" name="consignmentInboundSave" time="169.507"/>
</testsuite> <!-- Test Consignment Inbound -->
