<?xml version="1.0" encoding="UTF-8"?>
<!-- Generated by org.testng.reporters.JUnitXMLReporter -->
<testsuite ignored="0" hostname="WJLP-1098" failures="0" tests="4" name="Test Consignment" time="284.374" errors="0" timestamp="2020-09-01T16:20:48 IST">
  <testcase classname="pages.TestPageConsinment" name="clickOnConsignment" time="21.756"/>
  <testcase classname="pages.TestPageConsinment" name="clickOnAccordian" time="23.889"/>
  <testcase classname="pages.TestPageConsinment" name="doStarted" time="120.962"/>
  <testcase classname="pages.TestPageConsinment" name="doStarted" time="113.728"/>
</testsuite> <!-- Test Consignment -->
