<?xml version="1.0" encoding="UTF-8"?>
<!-- Generated by org.testng.reporters.JUnitXMLReporter -->
<testsuite ignored="0" hostname="WJLP-1098" failures="0" tests="4" name="Test Consignment" time="181.858" errors="0" timestamp="2021-02-01T12:58:26 CAT">
  <testcase classname="pages.TestPageConsinment" name="clickOnConsignment" time="41.088"/>
  <testcase classname="pages.TestPageConsinment" name="clickOnAccordian" time="5.887"/>
  <testcase classname="pages.TestPageConsinment" name="verifyValueStepperIsNotPresentOnSelectionOfDoc" time="52.198"/>
  <testcase classname="pages.TestPageConsinment" name="doStarted" time="79.479"/>
</testsuite> <!-- Test Consignment -->
