<?xml version="1.0" encoding="UTF-8"?>
<!-- Generated by org.testng.reporters.JUnitXMLReporter -->
<testsuite ignored="0" hostname="WJLP-3098" failures="0" tests="4" name="Test Consignment ExternalUser assigned MultipleBilledTos" time="299.875" errors="0" timestamp="2023-08-04T11:42:34 IST">
  <testcase classname="pages.TestConsignmentExternalUser" name="clickOnConsignment" time="30.416"/>
  <testcase classname="pages.TestConsignmentExternalUser" name="clickOnAccordianAndSelectExternalUserCompany" time="27.204"/>
  <testcase classname="pages.TestConsignmentExternalUser" name="externalUserConsignmentOutbound" time="135.146"/>
  <testcase classname="pages.TestConsignmentExternalUser" name="externalUserConsignmentInbound" time="105.668"/>
</testsuite> <!-- Test Consignment ExternalUser assigned MultipleBilledTos -->
