<?xml version="1.0" encoding="UTF-8"?>
<!-- Generated by org.testng.reporters.JUnitXMLReporter -->
<testsuite ignored="0" hostname="WJLP-3098" failures="0" tests="4" name="Test Consignment ExternalUser assigned SingleBilledTos" time="249.689" errors="0" timestamp="2023-08-01T13:26:02 IST">
  <testcase classname="pages.TestAutoGenConsignmentIDExtUser" name="clickOnConsignment" time="30.569"/>
  <testcase classname="pages.TestAutoGenConsignmentIDExtUser" name="clickOnAccordianAndSelectExternalUserCompany" time="27.058"/>
  <testcase classname="pages.TestAutoGenConsignmentIDExtUser" name="externalUserAutoGenConsignmentIDOutbound" time="114.038"/>
  <testcase classname="pages.TestAutoGenConsignmentIDExtUser" name="externalUserAutoGenConsignmentInbound" time="76.012"/>
</testsuite> <!-- Test Consignment ExternalUser assigned SingleBilledTos -->
