<?xml version="1.0" encoding="UTF-8"?>
<!-- Generated by org.testng.reporters.JUnitXMLReporter -->
<testsuite ignored="1" hostname="WJLP-1098" failures="0" tests="4" name="Test Consignment" time="215.104" errors="0" timestamp="2021-03-22T11:15:59 IST">
  <testcase classname="pages.TestPageConsinment" name="clickOnConsignment" time="31.304"/>
  <testcase classname="pages.TestPageConsinment" name="clickOnAccordian" time="5.829"/>
  <testcase classname="pages.TestPageConsinment" name="verifyValueStepperIsNotPresentOnSelectionOfDoc" time="89.72"/>
  <testcase classname="pages.TestPageConsinment" name="doStarted" time="84.32"/>
  <testcase classname="pages.TestPageConsinment" name="doStartPrinterSetup" time="0.0">
    <ignored/>
  </testcase> <!-- doStartPrinterSetup -->
</testsuite> <!-- Test Consignment -->
