<?xml version="1.0" encoding="UTF-8"?>
<!-- Generated by org.testng.reporters.JUnitXMLReporter -->
<testsuite ignored="1" hostname="WJLP-1098" failures="0" tests="4" name="Test Consignment" time="212.618" errors="0" timestamp="2021-03-15T12:12:42 CAT">
  <testcase classname="pages.TestPageConsinment" name="clickOnConsignment" time="31.714"/>
  <testcase classname="pages.TestPageConsinment" name="clickOnAccordian" time="6.437"/>
  <testcase classname="pages.TestPageConsinment" name="verifyValueStepperIsNotPresentOnSelectionOfDoc" time="84.287"/>
  <testcase classname="pages.TestPageConsinment" name="doStarted" time="86.179"/>
  <testcase classname="pages.TestPageConsinment" name="doStartPrinterSetup" time="0.0">
    <ignored/>
  </testcase> <!-- doStartPrinterSetup -->
</testsuite> <!-- Test Consignment -->
