<?xml version="1.0" encoding="UTF-8"?>
<!-- Generated by org.testng.reporters.JUnitXMLReporter -->
<testsuite ignored="1" hostname="WJLP-1270" failures="0" tests="4" name="Test Consignment" time="314.213" errors="0" timestamp="2021-03-30T14:26:03 IST">
  <testcase classname="pages.TestPageConsinment" name="clickOnConsignment" time="30.557"/>
  <testcase classname="pages.TestPageConsinment" name="clickOnAccordian" time="5.456"/>
  <testcase classname="pages.TestPageConsinment" name="verifyValueStepperIsNotPresentOnSelectionOfDoc" time="158.964"/>
  <testcase classname="pages.TestPageConsinment" name="doStarted" time="115.81"/>
  <testcase classname="pages.TestPageConsinment" name="doStartPrinterSetup" time="0.0">
    <ignored/>
  </testcase> <!-- doStartPrinterSetup -->
</testsuite> <!-- Test Consignment -->
