<?xml version="1.0" encoding="UTF-8"?>
<!-- Generated by org.testng.reporters.JUnitXMLReporter -->
<testsuite ignored="2" hostname="WJLP-1098" failures="0" tests="3" name="Test Consignment" time="170.666" errors="0" timestamp="2021-03-23T19:02:31 IST">
  <testcase classname="pages.TestPageConsinment" name="clickOnConsignment" time="31.638"/>
  <testcase classname="pages.TestPageConsinment" name="clickOnAccordian" time="5.833"/>
  <testcase classname="pages.TestPageConsinment" name="doStarted" time="130.025"/>
  <testcase classname="pages.TestPageConsinment" name="verifyValueStepperIsNotPresentOnSelectionOfDoc" time="0.0">
    <ignored/>
  </testcase> <!-- verifyValueStepperIsNotPresentOnSelectionOfDoc -->
  <testcase classname="pages.TestPageConsinment" name="doStartPrinterSetup" time="0.0">
    <ignored/>
  </testcase> <!-- doStartPrinterSetup -->
</testsuite> <!-- Test Consignment -->
