<?xml version="1.0" encoding="UTF-8"?>
<!-- Generated by org.testng.reporters.JUnitXMLReporter -->
<testsuite ignored="0" hostname="WJLP-1270" failures="0" tests="4" name="Test Consignment At Production Environment" time="361.668" errors="0" timestamp="2022-01-31T12:14:38 IST">
  <testcase classname="pages.TestPageConsignmentOutboundPROD" name="clickOnConsignment" time="30.821"/>
  <testcase classname="pages.TestPageConsignmentOutboundPROD" name="clickOnAccordian" time="5.564"/>
  <testcase classname="pages.TestPageConsignmentOutboundPROD" name="doStartWithPrinterSetup" time="154.051"/>
  <testcase classname="pages.TestPageConsignmentOutboundPROD" name="doStarted" time="166.155"/>
</testsuite> <!-- Test Consignment At Production Environment -->
