<?xml version="1.0" encoding="UTF-8"?>
<!-- Generated by org.testng.reporters.JUnitXMLReporter -->
<testsuite ignored="1" hostname="WJLP-1098" failures="0" tests="4" name="Test Consignment" time="230.759" errors="0" timestamp="2021-03-22T18:36:19 IST">
  <testcase classname="pages.TestPageConsinment" name="clickOnConsignment" time="30.981"/>
  <testcase classname="pages.TestPageConsinment" name="clickOnAccordian" time="5.953"/>
  <testcase classname="pages.TestPageConsinment" name="verifyValueStepperIsNotPresentOnSelectionOfDoc" time="105.862"/>
  <testcase classname="pages.TestPageConsinment" name="doStarted" time="84.575"/>
  <testcase classname="pages.TestPageConsinment" name="doStartPrinterSetup" time="0.0">
    <ignored/>
  </testcase> <!-- doStartPrinterSetup -->
</testsuite> <!-- Test Consignment -->
