<?xml version="1.0" encoding="UTF-8"?>
<!-- Generated by org.testng.reporters.JUnitXMLReporter -->
<testsuite ignored="0" hostname="WJLP-1270" failures="0" tests="4" name="Test Consignment At Production Environment" time="349.987" errors="0" timestamp="2021-07-12T13:30:31 IST">
  <testcase classname="pages.TestPageConsignmentOutboundPROD" name="clickOnConsignment" time="30.76"/>
  <testcase classname="pages.TestPageConsignmentOutboundPROD" name="clickOnAccordian" time="5.61"/>
  <testcase classname="pages.TestPageConsignmentOutboundPROD" name="doStartWithPrinterSetup" time="154.674"/>
  <testcase classname="pages.TestPageConsignmentOutboundPROD" name="doStarted" time="155.148"/>
</testsuite> <!-- Test Consignment At Production Environment -->
