<?xml version="1.0" encoding="UTF-8"?>
<!-- Generated by org.testng.reporters.JUnitXMLReporter -->
<testsuite ignored="3" hostname="WJLP-1270" failures="0" tests="4" name="Test Consignment" time="345.092" errors="0" timestamp="2021-07-06T12:52:35 IST">
  <testcase classname="pages.TestPageConsinment" name="clickOnConsignment" time="30.668"/>
  <testcase classname="pages.TestPageConsinment" name="clickOnAccordian" time="5.47"/>
  <testcase classname="pages.TestPageConsinment" name="verifyValueStepperIsNotPresentOnSelectionOfDoc" time="149.248"/>
  <testcase classname="pages.TestPageConsinment" name="doStarted" time="157.345"/>
  <testcase classname="pages.TestPageConsinment" name="compareDataInEditConsignment" time="0.0">
    <ignored/>
  </testcase> <!-- compareDataInEditConsignment -->
  <testcase classname="pages.TestPageConsinment" name="clickOnRMSPortalAndVerifyConsignmentISCreated" time="0.0">
    <ignored/>
  </testcase> <!-- clickOnRMSPortalAndVerifyConsignmentISCreated -->
  <testcase classname="pages.TestPageConsinment" name="doStartPrinterSetup" time="0.0">
    <ignored/>
  </testcase> <!-- doStartPrinterSetup -->
</testsuite> <!-- Test Consignment -->
