<?xml version="1.0" encoding="UTF-8"?>
<!-- Generated by org.testng.reporters.JUnitXMLReporter -->
<testsuite ignored="0" hostname="WJLP-3098" failures="0" tests="4" name="Test Consignment ExternalUser assigned MultipleBilledTos" time="287.377" errors="0" timestamp="2023-05-17T18:27:53 IST">
  <testcase classname="pages.TestConsignmentExternalUser" name="clickOnConsignment" time="30.239"/>
  <testcase classname="pages.TestConsignmentExternalUser" name="clickOnAccordianAndSelectExternalUserCompany" time="26.912"/>
  <testcase classname="pages.TestConsignmentExternalUser" name="externalUserConsignmentOutbound" time="132.539"/>
  <testcase classname="pages.TestConsignmentExternalUser" name="externalUserConsignmentInbound" time="96.629"/>
</testsuite> <!-- Test Consignment ExternalUser assigned MultipleBilledTos -->
